<?xml version="1.0"?>
<testsuite name="HeadlessChrome 86.0.4240 (Windows 10.0.0)" package="" timestamp="2020-11-10T16:37:22" id="0" hostname="DESKTOP-2UTOD18" tests="28" errors="0" failures="1" time="7.616">
  <properties>
    <property name="browser.fullName" value="Mozilla/5.0 (Windows NT 10.0; Win64; x64) AppleWebKit/537.36 (KHTML, like Gecko) HeadlessChrome/86.0.4240.183 Safari/537.36"/>
  </properties>
  <testcase name="Unit test: Admin GTP Admin-adminGTP dashboard component created" time="0.191" classname="Unit test: Admin GTP"/>
  <testcase name="Unit test: Admin GTP Admin-adminGTP createTable:without info" time="0.013" classname="Unit test: Admin GTP"/>
  <testcase name="Unit test: Admin GTP Admin-adminGTP loadGTPData: lists with programs info defined" time="0.01" classname="Unit test: Admin GTP"/>
  <testcase name="[Get related conditions] Get related conditions with Phenolyzer result" time="1.185" classname="[Get related conditions]"/>
  <testcase name="[Get related conditions] Get related conditions with Exomiser result" time="0.195" classname="[Get related conditions]"/>
  <testcase name="Unit test: Exomiser Service functions Set actual token" time="0.03" classname="Unit test: Exomiser Service functions"/>
  <testcase name="Unit test: Exomiser Service functions Get actual token" time="0.027" classname="Unit test: Exomiser Service functions"/>
  <testcase name="Unit test: LoginComponent should create" time="0.249" classname="Unit test: LoginComponent"/>
  <testcase name="Unit test: LoginComponent On submit" time="0.061" classname="Unit test: LoginComponent"/>
  <testcase name="Unit test: LoginComponent Forgot password" time="0.065" classname="Unit test: LoginComponent"/>
  <testcase name="Unit test: LoginComponent onRegister" time="0.043" classname="Unit test: LoginComponent"/>
  <testcase name="[F29 bio service] Get diseases of genes" time="2.351" classname="[F29 bio service]"/>
  <testcase name="[F29 bio service] Get genes of diseases" time="0.139" classname="[F29 bio service]"/>
  <testcase name="[F29 bio service] Get symptoms" time="0.532" classname="[F29 bio service]"/>
  <testcase name="[F29 bio service] Get info of diseases" time="0.317" classname="[F29 bio service]"/>
  <testcase name="[F29 api server] Get related conditions f29 server" time="1.4" classname="[F29 api server]">
    <failure type="">Expected $.matches[0].reference.IC = 4.307429749371488 to equal 4.25916858780595.
Expected $.matches[0].match.IC = 13.970423722335205 to equal 13.98415948221089.
Expected $.matches[0].lcs.IC = 4.307429749371488 to equal 4.25916858780595.
Error: Expected $.matches[0].reference.IC = 4.307429749371488 to equal 4.25916858780595.
Expected $.matches[0].match.IC = 13.970423722335205 to equal 13.98415948221089.
Expected $.matches[0].lcs.IC = 4.307429749371488 to equal 4.25916858780595.
    at &lt;Jasmine&gt;
    at SafeSubscriber._next (http://localhost:9876/_karma_webpack_/main.js:157812:75)
    at SafeSubscriber.push../node_modules/rxjs/_esm5/internal/Subscriber.js.SafeSubscriber.__tryOrUnsub (http://localhost:9876/_karma_webpack_/vendor.js:155101:16)
    at SafeSubscriber.push../node_modules/rxjs/_esm5/internal/Subscriber.js.SafeSubscriber.next (http://localhost:9876/_karma_webpack_/vendor.js:155039:22)
</failure>
    <failure type="">Expected $.matches[0].reference.IC = 4.307429749371488 to equal 4.25916858780595.
Expected $.matches[0].match.IC = 10.1630688002776 to equal 9.736231968767305.
Expected $.matches[0].lcs.IC = 4.307429749371488 to equal 4.25916858780595.
Error: Expected $.matches[0].reference.IC = 4.307429749371488 to equal 4.25916858780595.
Expected $.matches[0].match.IC = 10.1630688002776 to equal 9.736231968767305.
Expected $.matches[0].lcs.IC = 4.307429749371488 to equal 4.25916858780595.
    at &lt;Jasmine&gt;
    at SafeSubscriber._next (http://localhost:9876/_karma_webpack_/main.js:157812:75)
    at SafeSubscriber.push../node_modules/rxjs/_esm5/internal/Subscriber.js.SafeSubscriber.__tryOrUnsub (http://localhost:9876/_karma_webpack_/vendor.js:155101:16)
    at SafeSubscriber.push../node_modules/rxjs/_esm5/internal/Subscriber.js.SafeSubscriber.next (http://localhost:9876/_karma_webpack_/vendor.js:155039:22)
</failure>
    <failure type="">Expected $.matches[0].reference.IC = 4.307429749371488 to equal 4.25916858780595.
Expected $.matches[0].match.IC = 9.172410744499059 to equal 8.938765362852438.
Expected $.matches[0].lcs.IC = 4.307429749371488 to equal 4.25916858780595.
Error: Expected $.matches[0].reference.IC = 4.307429749371488 to equal 4.25916858780595.
Expected $.matches[0].match.IC = 9.172410744499059 to equal 8.938765362852438.
Expected $.matches[0].lcs.IC = 4.307429749371488 to equal 4.25916858780595.
    at &lt;Jasmine&gt;
    at SafeSubscriber._next (http://localhost:9876/_karma_webpack_/main.js:157812:75)
    at SafeSubscriber.push../node_modules/rxjs/_esm5/internal/Subscriber.js.SafeSubscriber.__tryOrUnsub (http://localhost:9876/_karma_webpack_/vendor.js:155101:16)
    at SafeSubscriber.push../node_modules/rxjs/_esm5/internal/Subscriber.js.SafeSubscriber.next (http://localhost:9876/_karma_webpack_/vendor.js:155039:22)
</failure>
    <failure type="">Expected $.matches[0].reference.IC = 4.307429749371488 to equal 4.25916858780595.
Expected $.matches[0].match.IC = 7.634140334470773 to equal 7.530452731540732.
Expected $.matches[0].lcs.IC = 4.307429749371488 to equal 4.25916858780595.
Error: Expected $.matches[0].reference.IC = 4.307429749371488 to equal 4.25916858780595.
Expected $.matches[0].match.IC = 7.634140334470773 to equal 7.530452731540732.
Expected $.matches[0].lcs.IC = 4.307429749371488 to equal 4.25916858780595.
    at &lt;Jasmine&gt;
    at SafeSubscriber._next (http://localhost:9876/_karma_webpack_/main.js:157812:75)
    at SafeSubscriber.push../node_modules/rxjs/_esm5/internal/Subscriber.js.SafeSubscriber.__tryOrUnsub (http://localhost:9876/_karma_webpack_/vendor.js:155101:16)
    at SafeSubscriber.push../node_modules/rxjs/_esm5/internal/Subscriber.js.SafeSubscriber.next (http://localhost:9876/_karma_webpack_/vendor.js:155039:22)
</failure>
    <failure type="">Expected $.matches[0].reference.IC = 4.307429749371488 to equal 4.25916858780595.
Expected $.matches[0].match.IC = 10.512992103697908 to equal 10.318087577098254.
Expected $.matches[0].lcs.IC = 4.307429749371488 to equal 4.25916858780595.
Error: Expected $.matches[0].reference.IC = 4.307429749371488 to equal 4.25916858780595.
Expected $.matches[0].match.IC = 10.512992103697908 to equal 10.318087577098254.
Expected $.matches[0].lcs.IC = 4.307429749371488 to equal 4.25916858780595.
    at &lt;Jasmine&gt;
    at SafeSubscriber._next (http://localhost:9876/_karma_webpack_/main.js:157812:75)
    at SafeSubscriber.push../node_modules/rxjs/_esm5/internal/Subscriber.js.SafeSubscriber.__tryOrUnsub (http://localhost:9876/_karma_webpack_/vendor.js:155101:16)
    at SafeSubscriber.push../node_modules/rxjs/_esm5/internal/Subscriber.js.SafeSubscriber.next (http://localhost:9876/_karma_webpack_/vendor.js:155039:22)
</failure>
    <failure type="">Expected $.matches[0].reference.IC = 4.307429749371488 to equal 4.25916858780595.
Expected $.matches[0].match.IC = 9.172410744499059 to equal 8.938765362852438.
Expected $.matches[0].lcs.IC = 4.307429749371488 to equal 4.25916858780595.
Error: Expected $.matches[0].reference.IC = 4.307429749371488 to equal 4.25916858780595.
Expected $.matches[0].match.IC = 9.172410744499059 to equal 8.938765362852438.
Expected $.matches[0].lcs.IC = 4.307429749371488 to equal 4.25916858780595.
    at &lt;Jasmine&gt;
    at SafeSubscriber._next (http://localhost:9876/_karma_webpack_/main.js:157812:75)
    at SafeSubscriber.push../node_modules/rxjs/_esm5/internal/Subscriber.js.SafeSubscriber.__tryOrUnsub (http://localhost:9876/_karma_webpack_/vendor.js:155101:16)
    at SafeSubscriber.push../node_modules/rxjs/_esm5/internal/Subscriber.js.SafeSubscriber.next (http://localhost:9876/_karma_webpack_/vendor.js:155039:22)
</failure>
    <failure type="">Expected $.matches[0].reference.IC = 4.307429749371488 to equal 4.25916858780595.
Expected $.matches[0].match.IC = 10.1630688002776 to equal 9.736231968767305.
Expected $.matches[0].lcs.IC = 4.307429749371488 to equal 4.25916858780595.
Error: Expected $.matches[0].reference.IC = 4.307429749371488 to equal 4.25916858780595.
Expected $.matches[0].match.IC = 10.1630688002776 to equal 9.736231968767305.
Expected $.matches[0].lcs.IC = 4.307429749371488 to equal 4.25916858780595.
    at &lt;Jasmine&gt;
    at SafeSubscriber._next (http://localhost:9876/_karma_webpack_/main.js:157812:75)
    at SafeSubscriber.push../node_modules/rxjs/_esm5/internal/Subscriber.js.SafeSubscriber.__tryOrUnsub (http://localhost:9876/_karma_webpack_/vendor.js:155101:16)
    at SafeSubscriber.push../node_modules/rxjs/_esm5/internal/Subscriber.js.SafeSubscriber.next (http://localhost:9876/_karma_webpack_/vendor.js:155039:22)
</failure>
    <failure type="">Expected $.matches[0].reference.IC = 4.307429749371488 to equal 4.25916858780595.
Expected $.matches[0].match.IC = 10.1630688002776 to equal 9.736231968767305.
Expected $.matches[0].lcs.IC = 4.307429749371488 to equal 4.25916858780595.
Error: Expected $.matches[0].reference.IC = 4.307429749371488 to equal 4.25916858780595.
Expected $.matches[0].match.IC = 10.1630688002776 to equal 9.736231968767305.
Expected $.matches[0].lcs.IC = 4.307429749371488 to equal 4.25916858780595.
    at &lt;Jasmine&gt;
    at SafeSubscriber._next (http://localhost:9876/_karma_webpack_/main.js:157812:75)
    at SafeSubscriber.push../node_modules/rxjs/_esm5/internal/Subscriber.js.SafeSubscriber.__tryOrUnsub (http://localhost:9876/_karma_webpack_/vendor.js:155101:16)
    at SafeSubscriber.push../node_modules/rxjs/_esm5/internal/Subscriber.js.SafeSubscriber.next (http://localhost:9876/_karma_webpack_/vendor.js:155039:22)
</failure>
    <failure type="">Expected $.matches[0].reference.IC = 4.307429749371488 to equal 4.25916858780595.
Expected $.matches[0].match.IC = 7.634140334470773 to equal 7.530452731540732.
Expected $.matches[0].lcs.IC = 4.307429749371488 to equal 4.25916858780595.
Error: Expected $.matches[0].reference.IC = 4.307429749371488 to equal 4.25916858780595.
Expected $.matches[0].match.IC = 7.634140334470773 to equal 7.530452731540732.
Expected $.matches[0].lcs.IC = 4.307429749371488 to equal 4.25916858780595.
    at &lt;Jasmine&gt;
    at SafeSubscriber._next (http://localhost:9876/_karma_webpack_/main.js:157812:75)
    at SafeSubscriber.push../node_modules/rxjs/_esm5/internal/Subscriber.js.SafeSubscriber.__tryOrUnsub (http://localhost:9876/_karma_webpack_/vendor.js:155101:16)
    at SafeSubscriber.push../node_modules/rxjs/_esm5/internal/Subscriber.js.SafeSubscriber.next (http://localhost:9876/_karma_webpack_/vendor.js:155039:22)
</failure>
    <failure type="">Expected $.name.label = 'myoclonic epilepsy, progressive' to equal 'myoclonic epilepsy, progressive, X-linked'.
Expected $.matches[0].reference.IC = 4.307429749371488 to equal 4.25916858780595.
Expected $.matches[0].match.IC = 8.659995197142958 to equal 8.534903252321326.
Expected $.matches[0].lcs.IC = 4.307429749371488 to equal 4.25916858780595.
Error: Expected $.name.label = 'myoclonic epilepsy, progressive' to equal 'myoclonic epilepsy, progressive, X-linked'.
Expected $.matches[0].reference.IC = 4.307429749371488 to equal 4.25916858780595.
Expected $.matches[0].match.IC = 8.659995197142958 to equal 8.534903252321326.
Expected $.matches[0].lcs.IC = 4.307429749371488 to equal 4.25916858780595.
    at &lt;Jasmine&gt;
    at SafeSubscriber._next (http://localhost:9876/_karma_webpack_/main.js:157812:75)
    at SafeSubscriber.push../node_modules/rxjs/_esm5/internal/Subscriber.js.SafeSubscriber.__tryOrUnsub (http://localhost:9876/_karma_webpack_/vendor.js:155101:16)
    at SafeSubscriber.push../node_modules/rxjs/_esm5/internal/Subscriber.js.SafeSubscriber.next (http://localhost:9876/_karma_webpack_/vendor.js:155039:22)
</failure>
    <failure type="">Expected $.matches[0].reference.IC = 4.307429749371488 to equal 4.25916858780595.
Expected $.matches[0].match.IC = 9.172410744499059 to equal 8.938765362852438.
Expected $.matches[0].lcs.IC = 4.307429749371488 to equal 4.25916858780595.
Error: Expected $.matches[0].reference.IC = 4.307429749371488 to equal 4.25916858780595.
Expected $.matches[0].match.IC = 9.172410744499059 to equal 8.938765362852438.
Expected $.matches[0].lcs.IC = 4.307429749371488 to equal 4.25916858780595.
    at &lt;Jasmine&gt;
    at SafeSubscriber._next (http://localhost:9876/_karma_webpack_/main.js:157812:75)
    at SafeSubscriber.push../node_modules/rxjs/_esm5/internal/Subscriber.js.SafeSubscriber.__tryOrUnsub (http://localhost:9876/_karma_webpack_/vendor.js:155101:16)
    at SafeSubscriber.push../node_modules/rxjs/_esm5/internal/Subscriber.js.SafeSubscriber.next (http://localhost:9876/_karma_webpack_/vendor.js:155039:22)
</failure>
    <failure type="">Expected $.matches[0].reference.IC = 4.307429749371488 to equal 4.25916858780595.
Expected $.matches[0].match.IC = 8.5384643150591 to equal 8.352891266711378.
Expected $.matches[0].lcs.IC = 4.307429749371488 to equal 4.25916858780595.
Error: Expected $.matches[0].reference.IC = 4.307429749371488 to equal 4.25916858780595.
Expected $.matches[0].match.IC = 8.5384643150591 to equal 8.352891266711378.
Expected $.matches[0].lcs.IC = 4.307429749371488 to equal 4.25916858780595.
    at &lt;Jasmine&gt;
    at SafeSubscriber._next (http://localhost:9876/_karma_webpack_/main.js:157812:75)
    at SafeSubscriber.push../node_modules/rxjs/_esm5/internal/Subscriber.js.SafeSubscriber.__tryOrUnsub (http://localhost:9876/_karma_webpack_/vendor.js:155101:16)
    at SafeSubscriber.push../node_modules/rxjs/_esm5/internal/Subscriber.js.SafeSubscriber.next (http://localhost:9876/_karma_webpack_/vendor.js:155039:22)
</failure>
    <failure type="">Expected $.matches[0].reference.IC = 4.307429749371488 to equal 4.25916858780595.
Expected $.matches[0].match.IC = 8.659995197142958 to equal 8.534903252321326.
Expected $.matches[0].lcs.IC = 4.307429749371488 to equal 4.25916858780595.
Error: Expected $.matches[0].reference.IC = 4.307429749371488 to equal 4.25916858780595.
Expected $.matches[0].match.IC = 8.659995197142958 to equal 8.534903252321326.
Expected $.matches[0].lcs.IC = 4.307429749371488 to equal 4.25916858780595.
    at &lt;Jasmine&gt;
    at SafeSubscriber._next (http://localhost:9876/_karma_webpack_/main.js:157812:75)
    at SafeSubscriber.push../node_modules/rxjs/_esm5/internal/Subscriber.js.SafeSubscriber.__tryOrUnsub (http://localhost:9876/_karma_webpack_/vendor.js:155101:16)
    at SafeSubscriber.push../node_modules/rxjs/_esm5/internal/Subscriber.js.SafeSubscriber.next (http://localhost:9876/_karma_webpack_/vendor.js:155039:22)
</failure>
    <failure type="">Expected $.matches[0].reference.IC = 4.307429749371488 to equal 4.25916858780595.
Expected $.matches[0].match.IC = 9.172410744499059 to equal 8.938765362852438.
Expected $.matches[0].lcs.IC = 4.307429749371488 to equal 4.25916858780595.
Error: Expected $.matches[0].reference.IC = 4.307429749371488 to equal 4.25916858780595.
Expected $.matches[0].match.IC = 9.172410744499059 to equal 8.938765362852438.
Expected $.matches[0].lcs.IC = 4.307429749371488 to equal 4.25916858780595.
    at &lt;Jasmine&gt;
    at SafeSubscriber._next (http://localhost:9876/_karma_webpack_/main.js:157812:75)
    at SafeSubscriber.push../node_modules/rxjs/_esm5/internal/Subscriber.js.SafeSubscriber.__tryOrUnsub (http://localhost:9876/_karma_webpack_/vendor.js:155101:16)
    at SafeSubscriber.push../node_modules/rxjs/_esm5/internal/Subscriber.js.SafeSubscriber.next (http://localhost:9876/_karma_webpack_/vendor.js:155039:22)
</failure>
    <failure type="">Expected $.matches[0].reference.IC = 4.307429749371488 to equal 4.25916858780595.
Expected $.matches[0].match.IC = 4.307429749371488 to equal 16.346087577098253.
Expected $.matches[0].match.id = 'HP:0001250' to equal 'HP:0033054'.
Expected $.matches[0].match.label = 'Seizure' to equal 'Myoclonic tremor'.
Expected $.matches[0].lcs.IC = 4.307429749371488 to equal 4.25916858780595.
Error: Expected $.matches[0].reference.IC = 4.307429749371488 to equal 4.25916858780595.
Expected $.matches[0].match.IC = 4.307429749371488 to equal 16.346087577098253.
Expected $.matches[0].match.id = 'HP:0001250' to equal 'HP:0033054'.
Expected $.matches[0].match.label = 'Seizure' to equal 'Myoclonic tremor'.
Expected $.matches[0].lcs.IC = 4.307429749371488 to equal 4.25916858780595.
    at &lt;Jasmine&gt;
    at SafeSubscriber._next (http://localhost:9876/_karma_webpack_/main.js:157812:75)
    at SafeSubscriber.push../node_modules/rxjs/_esm5/internal/Subscriber.js.SafeSubscriber.__tryOrUnsub (http://localhost:9876/_karma_webpack_/vendor.js:155101:16)
    at SafeSubscriber.push../node_modules/rxjs/_esm5/internal/Subscriber.js.SafeSubscriber.next (http://localhost:9876/_karma_webpack_/vendor.js:155039:22)
</failure>
    <failure type="">Expected $.matches[0].reference.IC = 4.307429749371488 to equal 4.25916858780595.
Expected $.matches[0].match.IC = 10.512992103697908 to equal 10.318087577098254.
Expected $.matches[0].lcs.IC = 4.307429749371488 to equal 4.25916858780595.
Error: Expected $.matches[0].reference.IC = 4.307429749371488 to equal 4.25916858780595.
Expected $.matches[0].match.IC = 10.512992103697908 to equal 10.318087577098254.
Expected $.matches[0].lcs.IC = 4.307429749371488 to equal 4.25916858780595.
    at &lt;Jasmine&gt;
    at SafeSubscriber._next (http://localhost:9876/_karma_webpack_/main.js:157812:75)
    at SafeSubscriber.push../node_modules/rxjs/_esm5/internal/Subscriber.js.SafeSubscriber.__tryOrUnsub (http://localhost:9876/_karma_webpack_/vendor.js:155101:16)
    at SafeSubscriber.push../node_modules/rxjs/_esm5/internal/Subscriber.js.SafeSubscriber.next (http://localhost:9876/_karma_webpack_/vendor.js:155039:22)
</failure>
    <failure type="">Expected $.matches[0].reference.IC = 4.307429749371488 to equal 4.25916858780595.
Expected $.matches[0].match.IC = 10.512992103697908 to equal 10.318087577098254.
Expected $.matches[0].lcs.IC = 4.307429749371488 to equal 4.25916858780595.
Error: Expected $.matches[0].reference.IC = 4.307429749371488 to equal 4.25916858780595.
Expected $.matches[0].match.IC = 10.512992103697908 to equal 10.318087577098254.
Expected $.matches[0].lcs.IC = 4.307429749371488 to equal 4.25916858780595.
    at &lt;Jasmine&gt;
    at SafeSubscriber._next (http://localhost:9876/_karma_webpack_/main.js:157812:75)
    at SafeSubscriber.push../node_modules/rxjs/_esm5/internal/Subscriber.js.SafeSubscriber.__tryOrUnsub (http://localhost:9876/_karma_webpack_/vendor.js:155101:16)
    at SafeSubscriber.push../node_modules/rxjs/_esm5/internal/Subscriber.js.SafeSubscriber.next (http://localhost:9876/_karma_webpack_/vendor.js:155039:22)
</failure>
    <failure type="">Expected $.matches[0].reference.IC = 4.307429749371488 to equal 4.25916858780595.
Expected $.matches[0].match.IC = 7.634140334470773 to equal 7.530452731540732.
Expected $.matches[0].lcs.IC = 4.307429749371488 to equal 4.25916858780595.
Error: Expected $.matches[0].reference.IC = 4.307429749371488 to equal 4.25916858780595.
Expected $.matches[0].match.IC = 7.634140334470773 to equal 7.530452731540732.
Expected $.matches[0].lcs.IC = 4.307429749371488 to equal 4.25916858780595.
    at &lt;Jasmine&gt;
    at SafeSubscriber._next (http://localhost:9876/_karma_webpack_/main.js:157812:75)
    at SafeSubscriber.push../node_modules/rxjs/_esm5/internal/Subscriber.js.SafeSubscriber.__tryOrUnsub (http://localhost:9876/_karma_webpack_/vendor.js:155101:16)
    at SafeSubscriber.push../node_modules/rxjs/_esm5/internal/Subscriber.js.SafeSubscriber.next (http://localhost:9876/_karma_webpack_/vendor.js:155039:22)
</failure>
    <failure type="">Expected $.matches[0].reference.IC = 4.307429749371488 to equal 4.25916858780595.
Expected $.matches[0].match.IC = 8.5384643150591 to equal 8.352891266711378.
Expected $.matches[0].lcs.IC = 4.307429749371488 to equal 4.25916858780595.
Error: Expected $.matches[0].reference.IC = 4.307429749371488 to equal 4.25916858780595.
Expected $.matches[0].match.IC = 8.5384643150591 to equal 8.352891266711378.
Expected $.matches[0].lcs.IC = 4.307429749371488 to equal 4.25916858780595.
    at &lt;Jasmine&gt;
    at SafeSubscriber._next (http://localhost:9876/_karma_webpack_/main.js:157812:75)
    at SafeSubscriber.push../node_modules/rxjs/_esm5/internal/Subscriber.js.SafeSubscriber.__tryOrUnsub (http://localhost:9876/_karma_webpack_/vendor.js:155101:16)
    at SafeSubscriber.push../node_modules/rxjs/_esm5/internal/Subscriber.js.SafeSubscriber.next (http://localhost:9876/_karma_webpack_/vendor.js:155039:22)
</failure>
    <failure type="">Expected $.matches[0].reference.IC = 4.307429749371488 to equal 4.25916858780595.
Expected $.matches[0].match.IC = 4.307429749371488 to equal 4.25916858780595.
Expected $.matches[0].lcs.IC = 4.307429749371488 to equal 4.25916858780595.
Error: Expected $.matches[0].reference.IC = 4.307429749371488 to equal 4.25916858780595.
Expected $.matches[0].match.IC = 4.307429749371488 to equal 4.25916858780595.
Expected $.matches[0].lcs.IC = 4.307429749371488 to equal 4.25916858780595.
    at &lt;Jasmine&gt;
    at SafeSubscriber._next (http://localhost:9876/_karma_webpack_/main.js:157812:75)
    at SafeSubscriber.push../node_modules/rxjs/_esm5/internal/Subscriber.js.SafeSubscriber.__tryOrUnsub (http://localhost:9876/_karma_webpack_/vendor.js:155101:16)
    at SafeSubscriber.push../node_modules/rxjs/_esm5/internal/Subscriber.js.SafeSubscriber.next (http://localhost:9876/_karma_webpack_/vendor.js:155039:22)
</failure>
    <failure type="">Expected $.matches[0].reference.IC = 4.307429749371488 to equal 4.25916858780595.
Expected $.matches[0].match.IC = 12.522996895164962 to equal 11.438196981489734.
Expected $.matches[0].lcs.IC = 4.307429749371488 to equal 4.25916858780595.
Error: Expected $.matches[0].reference.IC = 4.307429749371488 to equal 4.25916858780595.
Expected $.matches[0].match.IC = 12.522996895164962 to equal 11.438196981489734.
Expected $.matches[0].lcs.IC = 4.307429749371488 to equal 4.25916858780595.
    at &lt;Jasmine&gt;
    at SafeSubscriber._next (http://localhost:9876/_karma_webpack_/main.js:157812:75)
    at SafeSubscriber.push../node_modules/rxjs/_esm5/internal/Subscriber.js.SafeSubscriber.__tryOrUnsub (http://localhost:9876/_karma_webpack_/vendor.js:155101:16)
    at SafeSubscriber.push../node_modules/rxjs/_esm5/internal/Subscriber.js.SafeSubscriber.next (http://localhost:9876/_karma_webpack_/vendor.js:155039:22)
</failure>
    <failure type="">Expected $.matches[0].reference.IC = 4.307429749371488 to equal 4.25916858780595.
Expected $.matches[0].match.IC = 9.172410744499059 to equal 8.938765362852438.
Expected $.matches[0].lcs.IC = 4.307429749371488 to equal 4.25916858780595.
Error: Expected $.matches[0].reference.IC = 4.307429749371488 to equal 4.25916858780595.
Expected $.matches[0].match.IC = 9.172410744499059 to equal 8.938765362852438.
Expected $.matches[0].lcs.IC = 4.307429749371488 to equal 4.25916858780595.
    at &lt;Jasmine&gt;
    at SafeSubscriber._next (http://localhost:9876/_karma_webpack_/main.js:157812:75)
    at SafeSubscriber.push../node_modules/rxjs/_esm5/internal/Subscriber.js.SafeSubscriber.__tryOrUnsub (http://localhost:9876/_karma_webpack_/vendor.js:155101:16)
    at SafeSubscriber.push../node_modules/rxjs/_esm5/internal/Subscriber.js.SafeSubscriber.next (http://localhost:9876/_karma_webpack_/vendor.js:155039:22)
</failure>
    <failure type="">Expected $.matches[0].reference.IC = 4.307429749371488 to equal 4.25916858780595.
Expected $.matches[0].match.IC = 10.512992103697908 to equal 10.318087577098254.
Expected $.matches[0].lcs.IC = 4.307429749371488 to equal 4.25916858780595.
Error: Expected $.matches[0].reference.IC = 4.307429749371488 to equal 4.25916858780595.
Expected $.matches[0].match.IC = 10.512992103697908 to equal 10.318087577098254.
Expected $.matches[0].lcs.IC = 4.307429749371488 to equal 4.25916858780595.
    at &lt;Jasmine&gt;
    at SafeSubscriber._next (http://localhost:9876/_karma_webpack_/main.js:157812:75)
    at SafeSubscriber.push../node_modules/rxjs/_esm5/internal/Subscriber.js.SafeSubscriber.__tryOrUnsub (http://localhost:9876/_karma_webpack_/vendor.js:155101:16)
    at SafeSubscriber.push../node_modules/rxjs/_esm5/internal/Subscriber.js.SafeSubscriber.next (http://localhost:9876/_karma_webpack_/vendor.js:155039:22)
</failure>
    <failure type="">Expected $.matches[0].reference.IC = 4.307429749371488 to equal 4.25916858780595.
Expected $.matches[0].match.IC = 4.307429749371488 to equal 4.25916858780595.
Expected $.matches[0].lcs.IC = 4.307429749371488 to equal 4.25916858780595.
Error: Expected $.matches[0].reference.IC = 4.307429749371488 to equal 4.25916858780595.
Expected $.matches[0].match.IC = 4.307429749371488 to equal 4.25916858780595.
Expected $.matches[0].lcs.IC = 4.307429749371488 to equal 4.25916858780595.
    at &lt;Jasmine&gt;
    at SafeSubscriber._next (http://localhost:9876/_karma_webpack_/main.js:157812:75)
    at SafeSubscriber.push../node_modules/rxjs/_esm5/internal/Subscriber.js.SafeSubscriber.__tryOrUnsub (http://localhost:9876/_karma_webpack_/vendor.js:155101:16)
    at SafeSubscriber.push../node_modules/rxjs/_esm5/internal/Subscriber.js.SafeSubscriber.next (http://localhost:9876/_karma_webpack_/vendor.js:155039:22)
</failure>
    <failure type="">Expected $.matches[0].reference.IC = 4.307429749371488 to equal 4.25916858780595.
Expected $.matches[0].match.IC = 9.172410744499059 to equal 8.938765362852438.
Expected $.matches[0].lcs.IC = 4.307429749371488 to equal 4.25916858780595.
Error: Expected $.matches[0].reference.IC = 4.307429749371488 to equal 4.25916858780595.
Expected $.matches[0].match.IC = 9.172410744499059 to equal 8.938765362852438.
Expected $.matches[0].lcs.IC = 4.307429749371488 to equal 4.25916858780595.
    at &lt;Jasmine&gt;
    at SafeSubscriber._next (http://localhost:9876/_karma_webpack_/main.js:157812:75)
    at SafeSubscriber.push../node_modules/rxjs/_esm5/internal/Subscriber.js.SafeSubscriber.__tryOrUnsub (http://localhost:9876/_karma_webpack_/vendor.js:155101:16)
    at SafeSubscriber.push../node_modules/rxjs/_esm5/internal/Subscriber.js.SafeSubscriber.next (http://localhost:9876/_karma_webpack_/vendor.js:155039:22)
</failure>
    <failure type="">Expected $.matches[0].reference.IC = 4.307429749371488 to equal 4.25916858780595.
Expected $.matches[0].match.IC = 9.172410744499059 to equal 8.938765362852438.
Expected $.matches[0].lcs.IC = 4.307429749371488 to equal 4.25916858780595.
Error: Expected $.matches[0].reference.IC = 4.307429749371488 to equal 4.25916858780595.
Expected $.matches[0].match.IC = 9.172410744499059 to equal 8.938765362852438.
Expected $.matches[0].lcs.IC = 4.307429749371488 to equal 4.25916858780595.
    at &lt;Jasmine&gt;
    at SafeSubscriber._next (http://localhost:9876/_karma_webpack_/main.js:157812:75)
    at SafeSubscriber.push../node_modules/rxjs/_esm5/internal/Subscriber.js.SafeSubscriber.__tryOrUnsub (http://localhost:9876/_karma_webpack_/vendor.js:155101:16)
    at SafeSubscriber.push../node_modules/rxjs/_esm5/internal/Subscriber.js.SafeSubscriber.next (http://localhost:9876/_karma_webpack_/vendor.js:155039:22)
</failure>
    <failure type="">Expected $.matches[0].reference.IC = 4.307429749371488 to equal 4.25916858780595.
Expected $.matches[0].match.IC = 10.512992103697908 to equal 10.318087577098254.
Expected $.matches[0].lcs.IC = 4.307429749371488 to equal 4.25916858780595.
Error: Expected $.matches[0].reference.IC = 4.307429749371488 to equal 4.25916858780595.
Expected $.matches[0].match.IC = 10.512992103697908 to equal 10.318087577098254.
Expected $.matches[0].lcs.IC = 4.307429749371488 to equal 4.25916858780595.
    at &lt;Jasmine&gt;
    at SafeSubscriber._next (http://localhost:9876/_karma_webpack_/main.js:157812:75)
    at SafeSubscriber.push../node_modules/rxjs/_esm5/internal/Subscriber.js.SafeSubscriber.__tryOrUnsub (http://localhost:9876/_karma_webpack_/vendor.js:155101:16)
    at SafeSubscriber.push../node_modules/rxjs/_esm5/internal/Subscriber.js.SafeSubscriber.next (http://localhost:9876/_karma_webpack_/vendor.js:155039:22)
</failure>
    <failure type="">Expected $.matches[0].reference.IC = 4.307429749371488 to equal 4.25916858780595.
Expected $.matches[0].match.IC = 10.512992103697908 to equal 10.318087577098254.
Expected $.matches[0].lcs.IC = 4.307429749371488 to equal 4.25916858780595.
Error: Expected $.matches[0].reference.IC = 4.307429749371488 to equal 4.25916858780595.
Expected $.matches[0].match.IC = 10.512992103697908 to equal 10.318087577098254.
Expected $.matches[0].lcs.IC = 4.307429749371488 to equal 4.25916858780595.
    at &lt;Jasmine&gt;
    at SafeSubscriber._next (http://localhost:9876/_karma_webpack_/main.js:157812:75)
    at SafeSubscriber.push../node_modules/rxjs/_esm5/internal/Subscriber.js.SafeSubscriber.__tryOrUnsub (http://localhost:9876/_karma_webpack_/vendor.js:155101:16)
    at SafeSubscriber.push../node_modules/rxjs/_esm5/internal/Subscriber.js.SafeSubscriber.next (http://localhost:9876/_karma_webpack_/vendor.js:155039:22)
</failure>
    <failure type="">Expected $.matches[0].reference.IC = 4.307429749371488 to equal 4.25916858780595.
Expected $.matches[0].match.IC = 13.331351817222567 to equal 12.346087577098254.
Expected $.matches[0].lcs.IC = 4.307429749371488 to equal 4.25916858780595.
Error: Expected $.matches[0].reference.IC = 4.307429749371488 to equal 4.25916858780595.
Expected $.matches[0].match.IC = 13.331351817222567 to equal 12.346087577098254.
Expected $.matches[0].lcs.IC = 4.307429749371488 to equal 4.25916858780595.
    at &lt;Jasmine&gt;
    at SafeSubscriber._next (http://localhost:9876/_karma_webpack_/main.js:157812:75)
    at SafeSubscriber.push../node_modules/rxjs/_esm5/internal/Subscriber.js.SafeSubscriber.__tryOrUnsub (http://localhost:9876/_karma_webpack_/vendor.js:155101:16)
    at SafeSubscriber.push../node_modules/rxjs/_esm5/internal/Subscriber.js.SafeSubscriber.next (http://localhost:9876/_karma_webpack_/vendor.js:155039:22)
</failure>
    <failure type="">Expected $.matches[0].reference.IC = 4.307429749371488 to equal 4.25916858780595.
Expected $.matches[0].match.IC = 7.634140334470773 to equal 7.530452731540732.
Expected $.matches[0].lcs.IC = 4.307429749371488 to equal 4.25916858780595.
Error: Expected $.matches[0].reference.IC = 4.307429749371488 to equal 4.25916858780595.
Expected $.matches[0].match.IC = 7.634140334470773 to equal 7.530452731540732.
Expected $.matches[0].lcs.IC = 4.307429749371488 to equal 4.25916858780595.
    at &lt;Jasmine&gt;
    at SafeSubscriber._next (http://localhost:9876/_karma_webpack_/main.js:157812:75)
    at SafeSubscriber.push../node_modules/rxjs/_esm5/internal/Subscriber.js.SafeSubscriber.__tryOrUnsub (http://localhost:9876/_karma_webpack_/vendor.js:155101:16)
    at SafeSubscriber.push../node_modules/rxjs/_esm5/internal/Subscriber.js.SafeSubscriber.next (http://localhost:9876/_karma_webpack_/vendor.js:155039:22)
</failure>
    <failure type="">Expected $.matches[0].reference.IC = 4.307429749371488 to equal 4.25916858780595.
Expected $.matches[0].match.IC = 9.172410744499059 to equal 8.938765362852438.
Expected $.matches[0].lcs.IC = 4.307429749371488 to equal 4.25916858780595.
Error: Expected $.matches[0].reference.IC = 4.307429749371488 to equal 4.25916858780595.
Expected $.matches[0].match.IC = 9.172410744499059 to equal 8.938765362852438.
Expected $.matches[0].lcs.IC = 4.307429749371488 to equal 4.25916858780595.
    at &lt;Jasmine&gt;
    at SafeSubscriber._next (http://localhost:9876/_karma_webpack_/main.js:157812:75)
    at SafeSubscriber.push../node_modules/rxjs/_esm5/internal/Subscriber.js.SafeSubscriber.__tryOrUnsub (http://localhost:9876/_karma_webpack_/vendor.js:155101:16)
    at SafeSubscriber.push../node_modules/rxjs/_esm5/internal/Subscriber.js.SafeSubscriber.next (http://localhost:9876/_karma_webpack_/vendor.js:155039:22)
</failure>
    <failure type="">Expected $.matches[0].reference.IC = 4.307429749371488 to equal 4.25916858780595.
Expected $.matches[0].match.IC = 9.172410744499059 to equal 8.938765362852438.
Expected $.matches[0].lcs.IC = 4.307429749371488 to equal 4.25916858780595.
Error: Expected $.matches[0].reference.IC = 4.307429749371488 to equal 4.25916858780595.
Expected $.matches[0].match.IC = 9.172410744499059 to equal 8.938765362852438.
Expected $.matches[0].lcs.IC = 4.307429749371488 to equal 4.25916858780595.
    at &lt;Jasmine&gt;
    at SafeSubscriber._next (http://localhost:9876/_karma_webpack_/main.js:157812:75)
    at SafeSubscriber.push../node_modules/rxjs/_esm5/internal/Subscriber.js.SafeSubscriber.__tryOrUnsub (http://localhost:9876/_karma_webpack_/vendor.js:155101:16)
    at SafeSubscriber.push../node_modules/rxjs/_esm5/internal/Subscriber.js.SafeSubscriber.next (http://localhost:9876/_karma_webpack_/vendor.js:155039:22)
</failure>
    <failure type="">Expected $.matches[0].reference.IC = 4.307429749371488 to equal 4.25916858780595.
Expected $.matches[0].match.IC = 10.1630688002776 to equal 9.736231968767305.
Expected $.matches[0].lcs.IC = 4.307429749371488 to equal 4.25916858780595.
Error: Expected $.matches[0].reference.IC = 4.307429749371488 to equal 4.25916858780595.
Expected $.matches[0].match.IC = 10.1630688002776 to equal 9.736231968767305.
Expected $.matches[0].lcs.IC = 4.307429749371488 to equal 4.25916858780595.
    at &lt;Jasmine&gt;
    at SafeSubscriber._next (http://localhost:9876/_karma_webpack_/main.js:157812:75)
    at SafeSubscriber.push../node_modules/rxjs/_esm5/internal/Subscriber.js.SafeSubscriber.__tryOrUnsub (http://localhost:9876/_karma_webpack_/vendor.js:155101:16)
    at SafeSubscriber.push../node_modules/rxjs/_esm5/internal/Subscriber.js.SafeSubscriber.next (http://localhost:9876/_karma_webpack_/vendor.js:155039:22)
</failure>
    <failure type="">Expected $.matches[0].reference.IC = 4.307429749371488 to equal 4.25916858780595.
Expected $.matches[0].match.IC = 8.5384643150591 to equal 8.352891266711378.
Expected $.matches[0].lcs.IC = 4.307429749371488 to equal 4.25916858780595.
Error: Expected $.matches[0].reference.IC = 4.307429749371488 to equal 4.25916858780595.
Expected $.matches[0].match.IC = 8.5384643150591 to equal 8.352891266711378.
Expected $.matches[0].lcs.IC = 4.307429749371488 to equal 4.25916858780595.
    at &lt;Jasmine&gt;
    at SafeSubscriber._next (http://localhost:9876/_karma_webpack_/main.js:157812:75)
    at SafeSubscriber.push../node_modules/rxjs/_esm5/internal/Subscriber.js.SafeSubscriber.__tryOrUnsub (http://localhost:9876/_karma_webpack_/vendor.js:155101:16)
    at SafeSubscriber.push../node_modules/rxjs/_esm5/internal/Subscriber.js.SafeSubscriber.next (http://localhost:9876/_karma_webpack_/vendor.js:155039:22)
</failure>
    <failure type="">Expected $.matches[0].reference.IC = 4.307429749371488 to equal 4.25916858780595.
Expected $.matches[0].match.IC = 8.5384643150591 to equal 8.352891266711378.
Expected $.matches[0].lcs.IC = 4.307429749371488 to equal 4.25916858780595.
Error: Expected $.matches[0].reference.IC = 4.307429749371488 to equal 4.25916858780595.
Expected $.matches[0].match.IC = 8.5384643150591 to equal 8.352891266711378.
Expected $.matches[0].lcs.IC = 4.307429749371488 to equal 4.25916858780595.
    at &lt;Jasmine&gt;
    at SafeSubscriber._next (http://localhost:9876/_karma_webpack_/main.js:157812:75)
    at SafeSubscriber.push../node_modules/rxjs/_esm5/internal/Subscriber.js.SafeSubscriber.__tryOrUnsub (http://localhost:9876/_karma_webpack_/vendor.js:155101:16)
    at SafeSubscriber.push../node_modules/rxjs/_esm5/internal/Subscriber.js.SafeSubscriber.next (http://localhost:9876/_karma_webpack_/vendor.js:155039:22)
</failure>
    <failure type="">Expected $.score = 91 to equal 92.
Expected $.matches[0].reference.IC = 4.307429749371488 to equal 4.25916858780595.
Expected $.matches[0].match.IC = 9.172410744499059 to equal 9.736231968767305.
Expected $.matches[0].match.id = 'HP:0002373' to equal 'HP:0002384'.
Expected $.matches[0].match.label = 'Febrile seizure (within the age range of 3 months to 6 years)' to equal 'Focal impaired awareness seizure'.
Expected $.matches[0].lcs.IC = 4.307429749371488 to equal 4.25916858780595.
Error: Expected $.score = 91 to equal 92.
Expected $.matches[0].reference.IC = 4.307429749371488 to equal 4.25916858780595.
Expected $.matches[0].match.IC = 9.172410744499059 to equal 9.736231968767305.
Expected $.matches[0].match.id = 'HP:0002373' to equal 'HP:0002384'.
Expected $.matches[0].match.label = 'Febrile seizure (within the age range of 3 months to 6 years)' to equal 'Focal impaired awareness seizure'.
Expected $.matches[0].lcs.IC = 4.307429749371488 to equal 4.25916858780595.
    at &lt;Jasmine&gt;
    at SafeSubscriber._next (http://localhost:9876/_karma_webpack_/main.js:157812:75)
    at SafeSubscriber.push../node_modules/rxjs/_esm5/internal/Subscriber.js.SafeSubscriber.__tryOrUnsub (http://localhost:9876/_karma_webpack_/vendor.js:155101:16)
    at SafeSubscriber.push../node_modules/rxjs/_esm5/internal/Subscriber.js.SafeSubscriber.next (http://localhost:9876/_karma_webpack_/vendor.js:155039:22)
</failure>
    <failure type="">Expected $.matches[0].reference.IC = 4.307429749371488 to equal 4.25916858780595.
Expected $.matches[0].match.IC = 8.5384643150591 to equal 8.352891266711378.
Expected $.matches[0].lcs.IC = 4.307429749371488 to equal 4.25916858780595.
Error: Expected $.matches[0].reference.IC = 4.307429749371488 to equal 4.25916858780595.
Expected $.matches[0].match.IC = 8.5384643150591 to equal 8.352891266711378.
Expected $.matches[0].lcs.IC = 4.307429749371488 to equal 4.25916858780595.
    at &lt;Jasmine&gt;
    at SafeSubscriber._next (http://localhost:9876/_karma_webpack_/main.js:157812:75)
    at SafeSubscriber.push../node_modules/rxjs/_esm5/internal/Subscriber.js.SafeSubscriber.__tryOrUnsub (http://localhost:9876/_karma_webpack_/vendor.js:155101:16)
    at SafeSubscriber.push../node_modules/rxjs/_esm5/internal/Subscriber.js.SafeSubscriber.next (http://localhost:9876/_karma_webpack_/vendor.js:155039:22)
</failure>
    <failure type="">Expected $.matches[0].reference.IC = 4.307429749371488 to equal 4.25916858780595.
Expected $.matches[0].match.IC = 9.172410744499059 to equal 8.938765362852438.
Expected $.matches[0].lcs.IC = 4.307429749371488 to equal 4.25916858780595.
Error: Expected $.matches[0].reference.IC = 4.307429749371488 to equal 4.25916858780595.
Expected $.matches[0].match.IC = 9.172410744499059 to equal 8.938765362852438.
Expected $.matches[0].lcs.IC = 4.307429749371488 to equal 4.25916858780595.
    at &lt;Jasmine&gt;
    at SafeSubscriber._next (http://localhost:9876/_karma_webpack_/main.js:157812:75)
    at SafeSubscriber.push../node_modules/rxjs/_esm5/internal/Subscriber.js.SafeSubscriber.__tryOrUnsub (http://localhost:9876/_karma_webpack_/vendor.js:155101:16)
    at SafeSubscriber.push../node_modules/rxjs/_esm5/internal/Subscriber.js.SafeSubscriber.next (http://localhost:9876/_karma_webpack_/vendor.js:155039:22)
</failure>
    <failure type="">Expected $.matches[0].reference.IC = 4.307429749371488 to equal 4.25916858780595.
Expected $.matches[0].match.IC = 8.5384643150591 to equal 8.352891266711378.
Expected $.matches[0].lcs.IC = 4.307429749371488 to equal 4.25916858780595.
Error: Expected $.matches[0].reference.IC = 4.307429749371488 to equal 4.25916858780595.
Expected $.matches[0].match.IC = 8.5384643150591 to equal 8.352891266711378.
Expected $.matches[0].lcs.IC = 4.307429749371488 to equal 4.25916858780595.
    at &lt;Jasmine&gt;
    at SafeSubscriber._next (http://localhost:9876/_karma_webpack_/main.js:157812:75)
    at SafeSubscriber.push../node_modules/rxjs/_esm5/internal/Subscriber.js.SafeSubscriber.__tryOrUnsub (http://localhost:9876/_karma_webpack_/vendor.js:155101:16)
    at SafeSubscriber.push../node_modules/rxjs/_esm5/internal/Subscriber.js.SafeSubscriber.next (http://localhost:9876/_karma_webpack_/vendor.js:155039:22)
</failure>
    <failure type="">Expected $.score = 83 to equal 90.
Expected $.matches[0].reference.IC = 4.307429749371488 to equal 4.25916858780595.
Expected $.matches[0].match.IC = 7.408834870657568 to equal 7.285067106783318.
Expected $.matches[0].lcs.IC = 4.307429749371488 to equal 4.25916858780595.
Error: Expected $.score = 83 to equal 90.
Expected $.matches[0].reference.IC = 4.307429749371488 to equal 4.25916858780595.
Expected $.matches[0].match.IC = 7.408834870657568 to equal 7.285067106783318.
Expected $.matches[0].lcs.IC = 4.307429749371488 to equal 4.25916858780595.
    at &lt;Jasmine&gt;
    at SafeSubscriber._next (http://localhost:9876/_karma_webpack_/main.js:157812:75)
    at SafeSubscriber.push../node_modules/rxjs/_esm5/internal/Subscriber.js.SafeSubscriber.__tryOrUnsub (http://localhost:9876/_karma_webpack_/vendor.js:155101:16)
    at SafeSubscriber.push../node_modules/rxjs/_esm5/internal/Subscriber.js.SafeSubscriber.next (http://localhost:9876/_karma_webpack_/vendor.js:155039:22)
</failure>
    <failure type="">Expected $.matches[0].reference.IC = 4.307429749371488 to equal 4.25916858780595.
Expected $.matches[0].match.IC = 7.634140334470773 to equal 7.530452731540732.
Expected $.matches[0].lcs.IC = 4.307429749371488 to equal 4.25916858780595.
Error: Expected $.matches[0].reference.IC = 4.307429749371488 to equal 4.25916858780595.
Expected $.matches[0].match.IC = 7.634140334470773 to equal 7.530452731540732.
Expected $.matches[0].lcs.IC = 4.307429749371488 to equal 4.25916858780595.
    at &lt;Jasmine&gt;
    at SafeSubscriber._next (http://localhost:9876/_karma_webpack_/main.js:157812:75)
    at SafeSubscriber.push../node_modules/rxjs/_esm5/internal/Subscriber.js.SafeSubscriber.__tryOrUnsub (http://localhost:9876/_karma_webpack_/vendor.js:155101:16)
    at SafeSubscriber.push../node_modules/rxjs/_esm5/internal/Subscriber.js.SafeSubscriber.next (http://localhost:9876/_karma_webpack_/vendor.js:155039:22)
</failure>
    <failure type="">Expected $.matches[0].reference.IC = 4.307429749371488 to equal 4.25916858780595.
Expected $.matches[0].match.IC = 10.1630688002776 to equal 9.736231968767305.
Expected $.matches[0].lcs.IC = 4.307429749371488 to equal 4.25916858780595.
Error: Expected $.matches[0].reference.IC = 4.307429749371488 to equal 4.25916858780595.
Expected $.matches[0].match.IC = 10.1630688002776 to equal 9.736231968767305.
Expected $.matches[0].lcs.IC = 4.307429749371488 to equal 4.25916858780595.
    at &lt;Jasmine&gt;
    at SafeSubscriber._next (http://localhost:9876/_karma_webpack_/main.js:157812:75)
    at SafeSubscriber.push../node_modules/rxjs/_esm5/internal/Subscriber.js.SafeSubscriber.__tryOrUnsub (http://localhost:9876/_karma_webpack_/vendor.js:155101:16)
    at SafeSubscriber.push../node_modules/rxjs/_esm5/internal/Subscriber.js.SafeSubscriber.next (http://localhost:9876/_karma_webpack_/vendor.js:155039:22)
</failure>
    <failure type="">Expected $.matches[0].reference.IC = 4.307429749371488 to equal 4.25916858780595.
Expected $.matches[0].match.IC = 9.172410744499059 to equal 8.938765362852438.
Expected $.matches[0].lcs.IC = 4.307429749371488 to equal 4.25916858780595.
Error: Expected $.matches[0].reference.IC = 4.307429749371488 to equal 4.25916858780595.
Expected $.matches[0].match.IC = 9.172410744499059 to equal 8.938765362852438.
Expected $.matches[0].lcs.IC = 4.307429749371488 to equal 4.25916858780595.
    at &lt;Jasmine&gt;
    at SafeSubscriber._next (http://localhost:9876/_karma_webpack_/main.js:157812:75)
    at SafeSubscriber.push../node_modules/rxjs/_esm5/internal/Subscriber.js.SafeSubscriber.__tryOrUnsub (http://localhost:9876/_karma_webpack_/vendor.js:155101:16)
    at SafeSubscriber.push../node_modules/rxjs/_esm5/internal/Subscriber.js.SafeSubscriber.next (http://localhost:9876/_karma_webpack_/vendor.js:155039:22)
</failure>
    <failure type="">Expected $.matches[0].reference.IC = 4.307429749371488 to equal 4.25916858780595.
Expected $.matches[0].match.IC = 9.172410744499059 to equal 8.938765362852438.
Expected $.matches[0].lcs.IC = 4.307429749371488 to equal 4.25916858780595.
Error: Expected $.matches[0].reference.IC = 4.307429749371488 to equal 4.25916858780595.
Expected $.matches[0].match.IC = 9.172410744499059 to equal 8.938765362852438.
Expected $.matches[0].lcs.IC = 4.307429749371488 to equal 4.25916858780595.
    at &lt;Jasmine&gt;
    at SafeSubscriber._next (http://localhost:9876/_karma_webpack_/main.js:157812:75)
    at SafeSubscriber.push../node_modules/rxjs/_esm5/internal/Subscriber.js.SafeSubscriber.__tryOrUnsub (http://localhost:9876/_karma_webpack_/vendor.js:155101:16)
    at SafeSubscriber.push../node_modules/rxjs/_esm5/internal/Subscriber.js.SafeSubscriber.next (http://localhost:9876/_karma_webpack_/vendor.js:155039:22)
</failure>
    <failure type="">Expected $.matches[0].reference.IC = 4.307429749371488 to equal 4.25916858780595.
Expected $.matches[0].match.IC = 4.307429749371488 to equal 4.25916858780595.
Expected $.matches[0].lcs.IC = 4.307429749371488 to equal 4.25916858780595.
Error: Expected $.matches[0].reference.IC = 4.307429749371488 to equal 4.25916858780595.
Expected $.matches[0].match.IC = 4.307429749371488 to equal 4.25916858780595.
Expected $.matches[0].lcs.IC = 4.307429749371488 to equal 4.25916858780595.
    at &lt;Jasmine&gt;
    at SafeSubscriber._next (http://localhost:9876/_karma_webpack_/main.js:157812:75)
    at SafeSubscriber.push../node_modules/rxjs/_esm5/internal/Subscriber.js.SafeSubscriber.__tryOrUnsub (http://localhost:9876/_karma_webpack_/vendor.js:155101:16)
    at SafeSubscriber.push../node_modules/rxjs/_esm5/internal/Subscriber.js.SafeSubscriber.next (http://localhost:9876/_karma_webpack_/vendor.js:155039:22)
</failure>
    <failure type="">Expected $.matches[0].reference.IC = 4.307429749371488 to equal 4.25916858780595.
Expected $.matches[0].match.IC = 8.255928815685117 to equal 7.8560043508886.
Expected $.matches[0].lcs.IC = 4.307429749371488 to equal 4.25916858780595.
Error: Expected $.matches[0].reference.IC = 4.307429749371488 to equal 4.25916858780595.
Expected $.matches[0].match.IC = 8.255928815685117 to equal 7.8560043508886.
Expected $.matches[0].lcs.IC = 4.307429749371488 to equal 4.25916858780595.
    at &lt;Jasmine&gt;
    at SafeSubscriber._next (http://localhost:9876/_karma_webpack_/main.js:157812:75)
    at SafeSubscriber.push../node_modules/rxjs/_esm5/internal/Subscriber.js.SafeSubscriber.__tryOrUnsub (http://localhost:9876/_karma_webpack_/vendor.js:155101:16)
    at SafeSubscriber.push../node_modules/rxjs/_esm5/internal/Subscriber.js.SafeSubscriber.next (http://localhost:9876/_karma_webpack_/vendor.js:155039:22)
</failure>
    <failure type="">Expected $.matches[0].reference.IC = 4.307429749371488 to equal 4.25916858780595.
Expected $.matches[0].match.IC = 7.274069381721379 to equal 7.19942933426637.
Expected $.matches[0].lcs.IC = 4.307429749371488 to equal 4.25916858780595.
Error: Expected $.matches[0].reference.IC = 4.307429749371488 to equal 4.25916858780595.
Expected $.matches[0].match.IC = 7.274069381721379 to equal 7.19942933426637.
Expected $.matches[0].lcs.IC = 4.307429749371488 to equal 4.25916858780595.
    at &lt;Jasmine&gt;
    at SafeSubscriber._next (http://localhost:9876/_karma_webpack_/main.js:157812:75)
    at SafeSubscriber.push../node_modules/rxjs/_esm5/internal/Subscriber.js.SafeSubscriber.__tryOrUnsub (http://localhost:9876/_karma_webpack_/vendor.js:155101:16)
    at SafeSubscriber.push../node_modules/rxjs/_esm5/internal/Subscriber.js.SafeSubscriber.next (http://localhost:9876/_karma_webpack_/vendor.js:155039:22)
</failure>
    <failure type="">Expected $.matches[0].reference.IC = 4.307429749371488 to equal 4.25916858780595.
Expected $.matches[0].match.IC = 7.274069381721379 to equal 7.19942933426637.
Expected $.matches[0].lcs.IC = 4.307429749371488 to equal 4.25916858780595.
Error: Expected $.matches[0].reference.IC = 4.307429749371488 to equal 4.25916858780595.
Expected $.matches[0].match.IC = 7.274069381721379 to equal 7.19942933426637.
Expected $.matches[0].lcs.IC = 4.307429749371488 to equal 4.25916858780595.
    at &lt;Jasmine&gt;
    at SafeSubscriber._next (http://localhost:9876/_karma_webpack_/main.js:157812:75)
    at SafeSubscriber.push../node_modules/rxjs/_esm5/internal/Subscriber.js.SafeSubscriber.__tryOrUnsub (http://localhost:9876/_karma_webpack_/vendor.js:155101:16)
    at SafeSubscriber.push../node_modules/rxjs/_esm5/internal/Subscriber.js.SafeSubscriber.next (http://localhost:9876/_karma_webpack_/vendor.js:155039:22)
</failure>
    <failure type="">Expected $.matches[0].reference.IC = 4.307429749371488 to equal 4.25916858780595.
Expected $.matches[0].match.IC = 7.274069381721379 to equal 7.19942933426637.
Expected $.matches[0].lcs.IC = 4.307429749371488 to equal 4.25916858780595.
Error: Expected $.matches[0].reference.IC = 4.307429749371488 to equal 4.25916858780595.
Expected $.matches[0].match.IC = 7.274069381721379 to equal 7.19942933426637.
Expected $.matches[0].lcs.IC = 4.307429749371488 to equal 4.25916858780595.
    at &lt;Jasmine&gt;
    at SafeSubscriber._next (http://localhost:9876/_karma_webpack_/main.js:157812:75)
    at SafeSubscriber.push../node_modules/rxjs/_esm5/internal/Subscriber.js.SafeSubscriber.__tryOrUnsub (http://localhost:9876/_karma_webpack_/vendor.js:155101:16)
    at SafeSubscriber.push../node_modules/rxjs/_esm5/internal/Subscriber.js.SafeSubscriber.next (http://localhost:9876/_karma_webpack_/vendor.js:155039:22)
</failure>
    <failure type="">Expected $.matches[0].reference.IC = 4.307429749371488 to equal 4.25916858780595.
Expected $.matches[0].match.IC = 4.307429749371488 to equal 4.25916858780595.
Expected $.matches[0].lcs.IC = 4.307429749371488 to equal 4.25916858780595.
Error: Expected $.matches[0].reference.IC = 4.307429749371488 to equal 4.25916858780595.
Expected $.matches[0].match.IC = 4.307429749371488 to equal 4.25916858780595.
Expected $.matches[0].lcs.IC = 4.307429749371488 to equal 4.25916858780595.
    at &lt;Jasmine&gt;
    at SafeSubscriber._next (http://localhost:9876/_karma_webpack_/main.js:157812:75)
    at SafeSubscriber.push../node_modules/rxjs/_esm5/internal/Subscriber.js.SafeSubscriber.__tryOrUnsub (http://localhost:9876/_karma_webpack_/vendor.js:155101:16)
    at SafeSubscriber.push../node_modules/rxjs/_esm5/internal/Subscriber.js.SafeSubscriber.next (http://localhost:9876/_karma_webpack_/vendor.js:155039:22)
</failure>
    <failure type="">Expected $.matches[0].reference.IC = 4.307429749371488 to equal 4.25916858780595.
Expected $.matches[0].match.IC = 7.274069381721379 to equal 7.19942933426637.
Expected $.matches[0].lcs.IC = 4.307429749371488 to equal 4.25916858780595.
Error: Expected $.matches[0].reference.IC = 4.307429749371488 to equal 4.25916858780595.
Expected $.matches[0].match.IC = 7.274069381721379 to equal 7.19942933426637.
Expected $.matches[0].lcs.IC = 4.307429749371488 to equal 4.25916858780595.
    at &lt;Jasmine&gt;
    at SafeSubscriber._next (http://localhost:9876/_karma_webpack_/main.js:157812:75)
    at SafeSubscriber.push../node_modules/rxjs/_esm5/internal/Subscriber.js.SafeSubscriber.__tryOrUnsub (http://localhost:9876/_karma_webpack_/vendor.js:155101:16)
    at SafeSubscriber.push../node_modules/rxjs/_esm5/internal/Subscriber.js.SafeSubscriber.next (http://localhost:9876/_karma_webpack_/vendor.js:155039:22)
</failure>
    <failure type="">Expected $.matches[0].reference.IC = 4.307429749371488 to equal 4.25916858780595.
Expected $.matches[0].match.IC = 4.307429749371488 to equal 4.25916858780595.
Expected $.matches[0].lcs.IC = 4.307429749371488 to equal 4.25916858780595.
Error: Expected $.matches[0].reference.IC = 4.307429749371488 to equal 4.25916858780595.
Expected $.matches[0].match.IC = 4.307429749371488 to equal 4.25916858780595.
Expected $.matches[0].lcs.IC = 4.307429749371488 to equal 4.25916858780595.
    at &lt;Jasmine&gt;
    at SafeSubscriber._next (http://localhost:9876/_karma_webpack_/main.js:157812:75)
    at SafeSubscriber.push../node_modules/rxjs/_esm5/internal/Subscriber.js.SafeSubscriber.__tryOrUnsub (http://localhost:9876/_karma_webpack_/vendor.js:155101:16)
    at SafeSubscriber.push../node_modules/rxjs/_esm5/internal/Subscriber.js.SafeSubscriber.next (http://localhost:9876/_karma_webpack_/vendor.js:155039:22)
</failure>
    <failure type="">Expected $.matches[0].reference.IC = 4.307429749371488 to equal 4.25916858780595.
Expected $.matches[0].match.IC = 7.634140334470773 to equal 7.530452731540732.
Expected $.matches[0].lcs.IC = 4.307429749371488 to equal 4.25916858780595.
Error: Expected $.matches[0].reference.IC = 4.307429749371488 to equal 4.25916858780595.
Expected $.matches[0].match.IC = 7.634140334470773 to equal 7.530452731540732.
Expected $.matches[0].lcs.IC = 4.307429749371488 to equal 4.25916858780595.
    at &lt;Jasmine&gt;
    at SafeSubscriber._next (http://localhost:9876/_karma_webpack_/main.js:157812:75)
    at SafeSubscriber.push../node_modules/rxjs/_esm5/internal/Subscriber.js.SafeSubscriber.__tryOrUnsub (http://localhost:9876/_karma_webpack_/vendor.js:155101:16)
    at SafeSubscriber.push../node_modules/rxjs/_esm5/internal/Subscriber.js.SafeSubscriber.next (http://localhost:9876/_karma_webpack_/vendor.js:155039:22)
</failure>
    <failure type="">Expected $.matches[0].reference.IC = 4.307429749371488 to equal 4.25916858780595.
Expected $.matches[0].match.IC = 4.307429749371488 to equal 4.25916858780595.
Expected $.matches[0].lcs.IC = 4.307429749371488 to equal 4.25916858780595.
Error: Expected $.matches[0].reference.IC = 4.307429749371488 to equal 4.25916858780595.
Expected $.matches[0].match.IC = 4.307429749371488 to equal 4.25916858780595.
Expected $.matches[0].lcs.IC = 4.307429749371488 to equal 4.25916858780595.
    at &lt;Jasmine&gt;
    at SafeSubscriber._next (http://localhost:9876/_karma_webpack_/main.js:157812:75)
    at SafeSubscriber.push../node_modules/rxjs/_esm5/internal/Subscriber.js.SafeSubscriber.__tryOrUnsub (http://localhost:9876/_karma_webpack_/vendor.js:155101:16)
    at SafeSubscriber.push../node_modules/rxjs/_esm5/internal/Subscriber.js.SafeSubscriber.next (http://localhost:9876/_karma_webpack_/vendor.js:155039:22)
</failure>
    <failure type="">Expected $.matches[0].reference.IC = 4.307429749371488 to equal 4.25916858780595.
Expected $.matches[0].match.IC = 4.307429749371488 to equal 4.25916858780595.
Expected $.matches[0].lcs.IC = 4.307429749371488 to equal 4.25916858780595.
Error: Expected $.matches[0].reference.IC = 4.307429749371488 to equal 4.25916858780595.
Expected $.matches[0].match.IC = 4.307429749371488 to equal 4.25916858780595.
Expected $.matches[0].lcs.IC = 4.307429749371488 to equal 4.25916858780595.
    at &lt;Jasmine&gt;
    at SafeSubscriber._next (http://localhost:9876/_karma_webpack_/main.js:157812:75)
    at SafeSubscriber.push../node_modules/rxjs/_esm5/internal/Subscriber.js.SafeSubscriber.__tryOrUnsub (http://localhost:9876/_karma_webpack_/vendor.js:155101:16)
    at SafeSubscriber.push../node_modules/rxjs/_esm5/internal/Subscriber.js.SafeSubscriber.next (http://localhost:9876/_karma_webpack_/vendor.js:155039:22)
</failure>
    <failure type="">Expected $.matches[0].reference.IC = 4.307429749371488 to equal 4.25916858780595.
Expected $.matches[0].match.IC = 4.307429749371488 to equal 4.25916858780595.
Expected $.matches[0].lcs.IC = 4.307429749371488 to equal 4.25916858780595.
Error: Expected $.matches[0].reference.IC = 4.307429749371488 to equal 4.25916858780595.
Expected $.matches[0].match.IC = 4.307429749371488 to equal 4.25916858780595.
Expected $.matches[0].lcs.IC = 4.307429749371488 to equal 4.25916858780595.
    at &lt;Jasmine&gt;
    at SafeSubscriber._next (http://localhost:9876/_karma_webpack_/main.js:157812:75)
    at SafeSubscriber.push../node_modules/rxjs/_esm5/internal/Subscriber.js.SafeSubscriber.__tryOrUnsub (http://localhost:9876/_karma_webpack_/vendor.js:155101:16)
    at SafeSubscriber.push../node_modules/rxjs/_esm5/internal/Subscriber.js.SafeSubscriber.next (http://localhost:9876/_karma_webpack_/vendor.js:155039:22)
</failure>
    <failure type="">Expected $.matches[0].reference.IC = 4.307429749371488 to equal 4.25916858780595.
Expected $.matches[0].match.IC = 7.634140334470773 to equal 7.530452731540732.
Expected $.matches[0].lcs.IC = 4.307429749371488 to equal 4.25916858780595.
Error: Expected $.matches[0].reference.IC = 4.307429749371488 to equal 4.25916858780595.
Expected $.matches[0].match.IC = 7.634140334470773 to equal 7.530452731540732.
Expected $.matches[0].lcs.IC = 4.307429749371488 to equal 4.25916858780595.
    at &lt;Jasmine&gt;
    at SafeSubscriber._next (http://localhost:9876/_karma_webpack_/main.js:157812:75)
    at SafeSubscriber.push../node_modules/rxjs/_esm5/internal/Subscriber.js.SafeSubscriber.__tryOrUnsub (http://localhost:9876/_karma_webpack_/vendor.js:155101:16)
    at SafeSubscriber.push../node_modules/rxjs/_esm5/internal/Subscriber.js.SafeSubscriber.next (http://localhost:9876/_karma_webpack_/vendor.js:155039:22)
</failure>
    <failure type="">Expected $.matches[0].reference.IC = 4.307429749371488 to equal 4.25916858780595.
Expected $.matches[0].match.IC = 9.172410744499059 to equal 8.938765362852438.
Expected $.matches[0].lcs.IC = 4.307429749371488 to equal 4.25916858780595.
Error: Expected $.matches[0].reference.IC = 4.307429749371488 to equal 4.25916858780595.
Expected $.matches[0].match.IC = 9.172410744499059 to equal 8.938765362852438.
Expected $.matches[0].lcs.IC = 4.307429749371488 to equal 4.25916858780595.
    at &lt;Jasmine&gt;
    at SafeSubscriber._next (http://localhost:9876/_karma_webpack_/main.js:157812:75)
    at SafeSubscriber.push../node_modules/rxjs/_esm5/internal/Subscriber.js.SafeSubscriber.__tryOrUnsub (http://localhost:9876/_karma_webpack_/vendor.js:155101:16)
    at SafeSubscriber.push../node_modules/rxjs/_esm5/internal/Subscriber.js.SafeSubscriber.next (http://localhost:9876/_karma_webpack_/vendor.js:155039:22)
</failure>
    <failure type="">Expected $.matches[0].reference.IC = 4.307429749371488 to equal 4.25916858780595.
Expected $.matches[0].match.IC = 7.634140334470773 to equal 7.530452731540732.
Expected $.matches[0].lcs.IC = 4.307429749371488 to equal 4.25916858780595.
Error: Expected $.matches[0].reference.IC = 4.307429749371488 to equal 4.25916858780595.
Expected $.matches[0].match.IC = 7.634140334470773 to equal 7.530452731540732.
Expected $.matches[0].lcs.IC = 4.307429749371488 to equal 4.25916858780595.
    at &lt;Jasmine&gt;
    at SafeSubscriber._next (http://localhost:9876/_karma_webpack_/main.js:157812:75)
    at SafeSubscriber.push../node_modules/rxjs/_esm5/internal/Subscriber.js.SafeSubscriber.__tryOrUnsub (http://localhost:9876/_karma_webpack_/vendor.js:155101:16)
    at SafeSubscriber.push../node_modules/rxjs/_esm5/internal/Subscriber.js.SafeSubscriber.next (http://localhost:9876/_karma_webpack_/vendor.js:155039:22)
</failure>
    <failure type="">Expected $.matches[0].reference.IC = 4.307429749371488 to equal 4.25916858780595.
Expected $.matches[0].match.IC = 9.172410744499059 to equal 8.938765362852438.
Expected $.matches[0].lcs.IC = 4.307429749371488 to equal 4.25916858780595.
Error: Expected $.matches[0].reference.IC = 4.307429749371488 to equal 4.25916858780595.
Expected $.matches[0].match.IC = 9.172410744499059 to equal 8.938765362852438.
Expected $.matches[0].lcs.IC = 4.307429749371488 to equal 4.25916858780595.
    at &lt;Jasmine&gt;
    at SafeSubscriber._next (http://localhost:9876/_karma_webpack_/main.js:157812:75)
    at SafeSubscriber.push../node_modules/rxjs/_esm5/internal/Subscriber.js.SafeSubscriber.__tryOrUnsub (http://localhost:9876/_karma_webpack_/vendor.js:155101:16)
    at SafeSubscriber.push../node_modules/rxjs/_esm5/internal/Subscriber.js.SafeSubscriber.next (http://localhost:9876/_karma_webpack_/vendor.js:155039:22)
</failure>
    <failure type="">Expected $.matches[0].reference.IC = 4.307429749371488 to equal 4.25916858780595.
Expected $.matches[0].match.IC = 14.330351817222567 to equal 14.345087577098253.
Expected $.matches[0].lcs.IC = 4.307429749371488 to equal 4.25916858780595.
Error: Expected $.matches[0].reference.IC = 4.307429749371488 to equal 4.25916858780595.
Expected $.matches[0].match.IC = 14.330351817222567 to equal 14.345087577098253.
Expected $.matches[0].lcs.IC = 4.307429749371488 to equal 4.25916858780595.
    at &lt;Jasmine&gt;
    at SafeSubscriber._next (http://localhost:9876/_karma_webpack_/main.js:157812:75)
    at SafeSubscriber.push../node_modules/rxjs/_esm5/internal/Subscriber.js.SafeSubscriber.__tryOrUnsub (http://localhost:9876/_karma_webpack_/vendor.js:155101:16)
    at SafeSubscriber.push../node_modules/rxjs/_esm5/internal/Subscriber.js.SafeSubscriber.next (http://localhost:9876/_karma_webpack_/vendor.js:155039:22)
</failure>
    <failure type="">Expected $.matches[0].reference.IC = 4.307429749371488 to equal 4.25916858780595.
Expected $.matches[0].match.IC = 13.970423722335205 to equal 13.98415948221089.
Expected $.matches[0].lcs.IC = 4.307429749371488 to equal 4.25916858780595.
Error: Expected $.matches[0].reference.IC = 4.307429749371488 to equal 4.25916858780595.
Expected $.matches[0].match.IC = 13.970423722335205 to equal 13.98415948221089.
Expected $.matches[0].lcs.IC = 4.307429749371488 to equal 4.25916858780595.
    at &lt;Jasmine&gt;
    at SafeSubscriber._next (http://localhost:9876/_karma_webpack_/main.js:157812:75)
    at SafeSubscriber.push../node_modules/rxjs/_esm5/internal/Subscriber.js.SafeSubscriber.__tryOrUnsub (http://localhost:9876/_karma_webpack_/vendor.js:155101:16)
    at SafeSubscriber.push../node_modules/rxjs/_esm5/internal/Subscriber.js.SafeSubscriber.next (http://localhost:9876/_karma_webpack_/vendor.js:155039:22)
</failure>
    <failure type="">Expected $.matches[0].reference.IC = 4.307429749371488 to equal 4.25916858780595.
Expected $.matches[0].match.IC = 7.274069381721379 to equal 7.19942933426637.
Expected $.matches[0].lcs.IC = 4.307429749371488 to equal 4.25916858780595.
Error: Expected $.matches[0].reference.IC = 4.307429749371488 to equal 4.25916858780595.
Expected $.matches[0].match.IC = 7.274069381721379 to equal 7.19942933426637.
Expected $.matches[0].lcs.IC = 4.307429749371488 to equal 4.25916858780595.
    at &lt;Jasmine&gt;
    at SafeSubscriber._next (http://localhost:9876/_karma_webpack_/main.js:157812:75)
    at SafeSubscriber.push../node_modules/rxjs/_esm5/internal/Subscriber.js.SafeSubscriber.__tryOrUnsub (http://localhost:9876/_karma_webpack_/vendor.js:155101:16)
    at SafeSubscriber.push../node_modules/rxjs/_esm5/internal/Subscriber.js.SafeSubscriber.next (http://localhost:9876/_karma_webpack_/vendor.js:155039:22)
</failure>
    <failure type="">Expected $.matches[0].reference.IC = 4.307429749371488 to equal 4.25916858780595.
Expected $.matches[0].match.IC = 10.1630688002776 to equal 13.98415948221089.
Expected $.matches[0].match.id = 'HP:0002384' to equal 'HP:0011165'.
Expected $.matches[0].match.label = 'Focal impaired awareness seizure' to equal 'Focal sensory seizure with visual features'.
Expected $.matches[0].lcs.IC = 4.307429749371488 to equal 4.25916858780595.
Error: Expected $.matches[0].reference.IC = 4.307429749371488 to equal 4.25916858780595.
Expected $.matches[0].match.IC = 10.1630688002776 to equal 13.98415948221089.
Expected $.matches[0].match.id = 'HP:0002384' to equal 'HP:0011165'.
Expected $.matches[0].match.label = 'Focal impaired awareness seizure' to equal 'Focal sensory seizure with visual features'.
Expected $.matches[0].lcs.IC = 4.307429749371488 to equal 4.25916858780595.
    at &lt;Jasmine&gt;
    at SafeSubscriber._next (http://localhost:9876/_karma_webpack_/main.js:157812:75)
    at SafeSubscriber.push../node_modules/rxjs/_esm5/internal/Subscriber.js.SafeSubscriber.__tryOrUnsub (http://localhost:9876/_karma_webpack_/vendor.js:155101:16)
    at SafeSubscriber.push../node_modules/rxjs/_esm5/internal/Subscriber.js.SafeSubscriber.next (http://localhost:9876/_karma_webpack_/vendor.js:155039:22)
</failure>
    <failure type="">Expected $.matches[0].reference.IC = 4.307429749371488 to equal 4.25916858780595.
Expected $.matches[0].match.IC = 7.634140334470773 to equal 7.530452731540732.
Expected $.matches[0].lcs.IC = 4.307429749371488 to equal 4.25916858780595.
Error: Expected $.matches[0].reference.IC = 4.307429749371488 to equal 4.25916858780595.
Expected $.matches[0].match.IC = 7.634140334470773 to equal 7.530452731540732.
Expected $.matches[0].lcs.IC = 4.307429749371488 to equal 4.25916858780595.
    at &lt;Jasmine&gt;
    at SafeSubscriber._next (http://localhost:9876/_karma_webpack_/main.js:157812:75)
    at SafeSubscriber.push../node_modules/rxjs/_esm5/internal/Subscriber.js.SafeSubscriber.__tryOrUnsub (http://localhost:9876/_karma_webpack_/vendor.js:155101:16)
    at SafeSubscriber.push../node_modules/rxjs/_esm5/internal/Subscriber.js.SafeSubscriber.next (http://localhost:9876/_karma_webpack_/vendor.js:155039:22)
</failure>
    <failure type="">Expected $.matches[0].reference.IC = 4.307429749371488 to equal 4.25916858780595.
Expected $.matches[0].match.IC = 4.307429749371488 to equal 4.25916858780595.
Expected $.matches[0].lcs.IC = 4.307429749371488 to equal 4.25916858780595.
Error: Expected $.matches[0].reference.IC = 4.307429749371488 to equal 4.25916858780595.
Expected $.matches[0].match.IC = 4.307429749371488 to equal 4.25916858780595.
Expected $.matches[0].lcs.IC = 4.307429749371488 to equal 4.25916858780595.
    at &lt;Jasmine&gt;
    at SafeSubscriber._next (http://localhost:9876/_karma_webpack_/main.js:157812:75)
    at SafeSubscriber.push../node_modules/rxjs/_esm5/internal/Subscriber.js.SafeSubscriber.__tryOrUnsub (http://localhost:9876/_karma_webpack_/vendor.js:155101:16)
    at SafeSubscriber.push../node_modules/rxjs/_esm5/internal/Subscriber.js.SafeSubscriber.next (http://localhost:9876/_karma_webpack_/vendor.js:155039:22)
</failure>
    <failure type="">Expected $.matches[0].reference.IC = 4.307429749371488 to equal 4.25916858780595.
Expected $.matches[0].match.IC = 4.307429749371488 to equal 4.25916858780595.
Expected $.matches[0].lcs.IC = 4.307429749371488 to equal 4.25916858780595.
Error: Expected $.matches[0].reference.IC = 4.307429749371488 to equal 4.25916858780595.
Expected $.matches[0].match.IC = 4.307429749371488 to equal 4.25916858780595.
Expected $.matches[0].lcs.IC = 4.307429749371488 to equal 4.25916858780595.
    at &lt;Jasmine&gt;
    at SafeSubscriber._next (http://localhost:9876/_karma_webpack_/main.js:157812:75)
    at SafeSubscriber.push../node_modules/rxjs/_esm5/internal/Subscriber.js.SafeSubscriber.__tryOrUnsub (http://localhost:9876/_karma_webpack_/vendor.js:155101:16)
    at SafeSubscriber.push../node_modules/rxjs/_esm5/internal/Subscriber.js.SafeSubscriber.next (http://localhost:9876/_karma_webpack_/vendor.js:155039:22)
</failure>
    <failure type="">Expected $.matches[0].reference.IC = 4.307429749371488 to equal 4.25916858780595.
Expected $.matches[0].match.IC = 4.307429749371488 to equal 4.25916858780595.
Expected $.matches[0].lcs.IC = 4.307429749371488 to equal 4.25916858780595.
Error: Expected $.matches[0].reference.IC = 4.307429749371488 to equal 4.25916858780595.
Expected $.matches[0].match.IC = 4.307429749371488 to equal 4.25916858780595.
Expected $.matches[0].lcs.IC = 4.307429749371488 to equal 4.25916858780595.
    at &lt;Jasmine&gt;
    at SafeSubscriber._next (http://localhost:9876/_karma_webpack_/main.js:157812:75)
    at SafeSubscriber.push../node_modules/rxjs/_esm5/internal/Subscriber.js.SafeSubscriber.__tryOrUnsub (http://localhost:9876/_karma_webpack_/vendor.js:155101:16)
    at SafeSubscriber.push../node_modules/rxjs/_esm5/internal/Subscriber.js.SafeSubscriber.next (http://localhost:9876/_karma_webpack_/vendor.js:155039:22)
</failure>
    <failure type="">Expected $.matches[0].reference.IC = 4.307429749371488 to equal 4.25916858780595.
Expected $.matches[0].match.IC = 8.5384643150591 to equal 8.352891266711378.
Expected $.matches[0].lcs.IC = 4.307429749371488 to equal 4.25916858780595.
Error: Expected $.matches[0].reference.IC = 4.307429749371488 to equal 4.25916858780595.
Expected $.matches[0].match.IC = 8.5384643150591 to equal 8.352891266711378.
Expected $.matches[0].lcs.IC = 4.307429749371488 to equal 4.25916858780595.
    at &lt;Jasmine&gt;
    at SafeSubscriber._next (http://localhost:9876/_karma_webpack_/main.js:157812:75)
    at SafeSubscriber.push../node_modules/rxjs/_esm5/internal/Subscriber.js.SafeSubscriber.__tryOrUnsub (http://localhost:9876/_karma_webpack_/vendor.js:155101:16)
    at SafeSubscriber.push../node_modules/rxjs/_esm5/internal/Subscriber.js.SafeSubscriber.next (http://localhost:9876/_karma_webpack_/vendor.js:155039:22)
</failure>
    <failure type="">Expected $.matches[0].reference.IC = 4.307429749371488 to equal 4.25916858780595.
Expected $.matches[0].match.IC = 9.172410744499059 to equal 8.938765362852438.
Expected $.matches[0].lcs.IC = 4.307429749371488 to equal 4.25916858780595.
Error: Expected $.matches[0].reference.IC = 4.307429749371488 to equal 4.25916858780595.
Expected $.matches[0].match.IC = 9.172410744499059 to equal 8.938765362852438.
Expected $.matches[0].lcs.IC = 4.307429749371488 to equal 4.25916858780595.
    at &lt;Jasmine&gt;
    at SafeSubscriber._next (http://localhost:9876/_karma_webpack_/main.js:157812:75)
    at SafeSubscriber.push../node_modules/rxjs/_esm5/internal/Subscriber.js.SafeSubscriber.__tryOrUnsub (http://localhost:9876/_karma_webpack_/vendor.js:155101:16)
    at SafeSubscriber.push../node_modules/rxjs/_esm5/internal/Subscriber.js.SafeSubscriber.next (http://localhost:9876/_karma_webpack_/vendor.js:155039:22)
</failure>
    <failure type="">Expected $.matches[0].reference.IC = 4.307429749371488 to equal 4.25916858780595.
Expected $.matches[0].match.IC = 4.307429749371488 to equal 4.25916858780595.
Expected $.matches[0].lcs.IC = 4.307429749371488 to equal 4.25916858780595.
Error: Expected $.matches[0].reference.IC = 4.307429749371488 to equal 4.25916858780595.
Expected $.matches[0].match.IC = 4.307429749371488 to equal 4.25916858780595.
Expected $.matches[0].lcs.IC = 4.307429749371488 to equal 4.25916858780595.
    at &lt;Jasmine&gt;
    at SafeSubscriber._next (http://localhost:9876/_karma_webpack_/main.js:157812:75)
    at SafeSubscriber.push../node_modules/rxjs/_esm5/internal/Subscriber.js.SafeSubscriber.__tryOrUnsub (http://localhost:9876/_karma_webpack_/vendor.js:155101:16)
    at SafeSubscriber.push../node_modules/rxjs/_esm5/internal/Subscriber.js.SafeSubscriber.next (http://localhost:9876/_karma_webpack_/vendor.js:155039:22)
</failure>
    <failure type="">Expected $.matches[0].reference.IC = 4.307429749371488 to equal 4.25916858780595.
Expected $.matches[0].match.IC = 9.172410744499059 to equal 8.938765362852438.
Expected $.matches[0].lcs.IC = 4.307429749371488 to equal 4.25916858780595.
Error: Expected $.matches[0].reference.IC = 4.307429749371488 to equal 4.25916858780595.
Expected $.matches[0].match.IC = 9.172410744499059 to equal 8.938765362852438.
Expected $.matches[0].lcs.IC = 4.307429749371488 to equal 4.25916858780595.
    at &lt;Jasmine&gt;
    at SafeSubscriber._next (http://localhost:9876/_karma_webpack_/main.js:157812:75)
    at SafeSubscriber.push../node_modules/rxjs/_esm5/internal/Subscriber.js.SafeSubscriber.__tryOrUnsub (http://localhost:9876/_karma_webpack_/vendor.js:155101:16)
    at SafeSubscriber.push../node_modules/rxjs/_esm5/internal/Subscriber.js.SafeSubscriber.next (http://localhost:9876/_karma_webpack_/vendor.js:155039:22)
</failure>
    <failure type="">Expected $.matches[0].reference.IC = 4.307429749371488 to equal 4.25916858780595.
Expected $.matches[0].match.IC = 4.307429749371488 to equal 4.25916858780595.
Expected $.matches[0].lcs.IC = 4.307429749371488 to equal 4.25916858780595.
Error: Expected $.matches[0].reference.IC = 4.307429749371488 to equal 4.25916858780595.
Expected $.matches[0].match.IC = 4.307429749371488 to equal 4.25916858780595.
Expected $.matches[0].lcs.IC = 4.307429749371488 to equal 4.25916858780595.
    at &lt;Jasmine&gt;
    at SafeSubscriber._next (http://localhost:9876/_karma_webpack_/main.js:157812:75)
    at SafeSubscriber.push../node_modules/rxjs/_esm5/internal/Subscriber.js.SafeSubscriber.__tryOrUnsub (http://localhost:9876/_karma_webpack_/vendor.js:155101:16)
    at SafeSubscriber.push../node_modules/rxjs/_esm5/internal/Subscriber.js.SafeSubscriber.next (http://localhost:9876/_karma_webpack_/vendor.js:155039:22)
</failure>
    <failure type="">Expected $.matches[0].reference.IC = 4.307429749371488 to equal 4.25916858780595.
Expected $.matches[0].match.IC = 4.307429749371488 to equal 4.25916858780595.
Expected $.matches[0].lcs.IC = 4.307429749371488 to equal 4.25916858780595.
Error: Expected $.matches[0].reference.IC = 4.307429749371488 to equal 4.25916858780595.
Expected $.matches[0].match.IC = 4.307429749371488 to equal 4.25916858780595.
Expected $.matches[0].lcs.IC = 4.307429749371488 to equal 4.25916858780595.
    at &lt;Jasmine&gt;
    at SafeSubscriber._next (http://localhost:9876/_karma_webpack_/main.js:157812:75)
    at SafeSubscriber.push../node_modules/rxjs/_esm5/internal/Subscriber.js.SafeSubscriber.__tryOrUnsub (http://localhost:9876/_karma_webpack_/vendor.js:155101:16)
    at SafeSubscriber.push../node_modules/rxjs/_esm5/internal/Subscriber.js.SafeSubscriber.next (http://localhost:9876/_karma_webpack_/vendor.js:155039:22)
</failure>
    <failure type="">Expected $.matches[0].reference.IC = 4.307429749371488 to equal 4.25916858780595.
Expected $.matches[0].match.IC = 4.307429749371488 to equal 4.25916858780595.
Expected $.matches[0].lcs.IC = 4.307429749371488 to equal 4.25916858780595.
Error: Expected $.matches[0].reference.IC = 4.307429749371488 to equal 4.25916858780595.
Expected $.matches[0].match.IC = 4.307429749371488 to equal 4.25916858780595.
Expected $.matches[0].lcs.IC = 4.307429749371488 to equal 4.25916858780595.
    at &lt;Jasmine&gt;
    at SafeSubscriber._next (http://localhost:9876/_karma_webpack_/main.js:157812:75)
    at SafeSubscriber.push../node_modules/rxjs/_esm5/internal/Subscriber.js.SafeSubscriber.__tryOrUnsub (http://localhost:9876/_karma_webpack_/vendor.js:155101:16)
    at SafeSubscriber.push../node_modules/rxjs/_esm5/internal/Subscriber.js.SafeSubscriber.next (http://localhost:9876/_karma_webpack_/vendor.js:155039:22)
</failure>
    <failure type="">Expected $.matches[0].reference.IC = 4.307429749371488 to equal 4.25916858780595.
Expected $.matches[0].match.IC = 4.307429749371488 to equal 4.25916858780595.
Expected $.matches[0].lcs.IC = 4.307429749371488 to equal 4.25916858780595.
Error: Expected $.matches[0].reference.IC = 4.307429749371488 to equal 4.25916858780595.
Expected $.matches[0].match.IC = 4.307429749371488 to equal 4.25916858780595.
Expected $.matches[0].lcs.IC = 4.307429749371488 to equal 4.25916858780595.
    at &lt;Jasmine&gt;
    at SafeSubscriber._next (http://localhost:9876/_karma_webpack_/main.js:157812:75)
    at SafeSubscriber.push../node_modules/rxjs/_esm5/internal/Subscriber.js.SafeSubscriber.__tryOrUnsub (http://localhost:9876/_karma_webpack_/vendor.js:155101:16)
    at SafeSubscriber.push../node_modules/rxjs/_esm5/internal/Subscriber.js.SafeSubscriber.next (http://localhost:9876/_karma_webpack_/vendor.js:155039:22)
</failure>
    <failure type="">Expected $.matches[0].reference.IC = 4.307429749371488 to equal 4.25916858780595.
Expected $.matches[0].match.IC = 4.307429749371488 to equal 4.25916858780595.
Expected $.matches[0].lcs.IC = 4.307429749371488 to equal 4.25916858780595.
Error: Expected $.matches[0].reference.IC = 4.307429749371488 to equal 4.25916858780595.
Expected $.matches[0].match.IC = 4.307429749371488 to equal 4.25916858780595.
Expected $.matches[0].lcs.IC = 4.307429749371488 to equal 4.25916858780595.
    at &lt;Jasmine&gt;
    at SafeSubscriber._next (http://localhost:9876/_karma_webpack_/main.js:157812:75)
    at SafeSubscriber.push../node_modules/rxjs/_esm5/internal/Subscriber.js.SafeSubscriber.__tryOrUnsub (http://localhost:9876/_karma_webpack_/vendor.js:155101:16)
    at SafeSubscriber.push../node_modules/rxjs/_esm5/internal/Subscriber.js.SafeSubscriber.next (http://localhost:9876/_karma_webpack_/vendor.js:155039:22)
</failure>
    <failure type="">Expected $.matches[0].reference.IC = 4.307429749371488 to equal 4.25916858780595.
Expected $.matches[0].match.IC = 8.5384643150591 to equal 8.352891266711378.
Expected $.matches[0].lcs.IC = 4.307429749371488 to equal 4.25916858780595.
Error: Expected $.matches[0].reference.IC = 4.307429749371488 to equal 4.25916858780595.
Expected $.matches[0].match.IC = 8.5384643150591 to equal 8.352891266711378.
Expected $.matches[0].lcs.IC = 4.307429749371488 to equal 4.25916858780595.
    at &lt;Jasmine&gt;
    at SafeSubscriber._next (http://localhost:9876/_karma_webpack_/main.js:157812:75)
    at SafeSubscriber.push../node_modules/rxjs/_esm5/internal/Subscriber.js.SafeSubscriber.__tryOrUnsub (http://localhost:9876/_karma_webpack_/vendor.js:155101:16)
    at SafeSubscriber.push../node_modules/rxjs/_esm5/internal/Subscriber.js.SafeSubscriber.next (http://localhost:9876/_karma_webpack_/vendor.js:155039:22)
</failure>
    <failure type="">Expected $.matches[0].reference.IC = 4.307429749371488 to equal 4.25916858780595.
Expected $.matches[0].match.IC = 4.307429749371488 to equal 4.25916858780595.
Expected $.matches[0].lcs.IC = 4.307429749371488 to equal 4.25916858780595.
Error: Expected $.matches[0].reference.IC = 4.307429749371488 to equal 4.25916858780595.
Expected $.matches[0].match.IC = 4.307429749371488 to equal 4.25916858780595.
Expected $.matches[0].lcs.IC = 4.307429749371488 to equal 4.25916858780595.
    at &lt;Jasmine&gt;
    at SafeSubscriber._next (http://localhost:9876/_karma_webpack_/main.js:157812:75)
    at SafeSubscriber.push../node_modules/rxjs/_esm5/internal/Subscriber.js.SafeSubscriber.__tryOrUnsub (http://localhost:9876/_karma_webpack_/vendor.js:155101:16)
    at SafeSubscriber.push../node_modules/rxjs/_esm5/internal/Subscriber.js.SafeSubscriber.next (http://localhost:9876/_karma_webpack_/vendor.js:155039:22)
</failure>
    <failure type="">Expected $.matches[0].reference.IC = 4.307429749371488 to equal 4.25916858780595.
Expected $.matches[0].match.IC = 7.634140334470773 to equal 7.530452731540732.
Expected $.matches[0].lcs.IC = 4.307429749371488 to equal 4.25916858780595.
Error: Expected $.matches[0].reference.IC = 4.307429749371488 to equal 4.25916858780595.
Expected $.matches[0].match.IC = 7.634140334470773 to equal 7.530452731540732.
Expected $.matches[0].lcs.IC = 4.307429749371488 to equal 4.25916858780595.
    at &lt;Jasmine&gt;
    at SafeSubscriber._next (http://localhost:9876/_karma_webpack_/main.js:157812:75)
    at SafeSubscriber.push../node_modules/rxjs/_esm5/internal/Subscriber.js.SafeSubscriber.__tryOrUnsub (http://localhost:9876/_karma_webpack_/vendor.js:155101:16)
    at SafeSubscriber.push../node_modules/rxjs/_esm5/internal/Subscriber.js.SafeSubscriber.next (http://localhost:9876/_karma_webpack_/vendor.js:155039:22)
</failure>
    <failure type="">Expected $.matches[0].reference.IC = 4.307429749371488 to equal 4.25916858780595.
Expected $.matches[0].match.IC = 7.408834870657568 to equal 7.285067106783318.
Expected $.matches[0].lcs.IC = 4.307429749371488 to equal 4.25916858780595.
Error: Expected $.matches[0].reference.IC = 4.307429749371488 to equal 4.25916858780595.
Expected $.matches[0].match.IC = 7.408834870657568 to equal 7.285067106783318.
Expected $.matches[0].lcs.IC = 4.307429749371488 to equal 4.25916858780595.
    at &lt;Jasmine&gt;
    at SafeSubscriber._next (http://localhost:9876/_karma_webpack_/main.js:157812:75)
    at SafeSubscriber.push../node_modules/rxjs/_esm5/internal/Subscriber.js.SafeSubscriber.__tryOrUnsub (http://localhost:9876/_karma_webpack_/vendor.js:155101:16)
    at SafeSubscriber.push../node_modules/rxjs/_esm5/internal/Subscriber.js.SafeSubscriber.next (http://localhost:9876/_karma_webpack_/vendor.js:155039:22)
</failure>
    <failure type="">Expected $.matches[0].reference.IC = 4.307429749371488 to equal 4.25916858780595.
Expected $.matches[0].match.IC = 7.634140334470773 to equal 7.530452731540732.
Expected $.matches[0].lcs.IC = 4.307429749371488 to equal 4.25916858780595.
Error: Expected $.matches[0].reference.IC = 4.307429749371488 to equal 4.25916858780595.
Expected $.matches[0].match.IC = 7.634140334470773 to equal 7.530452731540732.
Expected $.matches[0].lcs.IC = 4.307429749371488 to equal 4.25916858780595.
    at &lt;Jasmine&gt;
    at SafeSubscriber._next (http://localhost:9876/_karma_webpack_/main.js:157812:75)
    at SafeSubscriber.push../node_modules/rxjs/_esm5/internal/Subscriber.js.SafeSubscriber.__tryOrUnsub (http://localhost:9876/_karma_webpack_/vendor.js:155101:16)
    at SafeSubscriber.push../node_modules/rxjs/_esm5/internal/Subscriber.js.SafeSubscriber.next (http://localhost:9876/_karma_webpack_/vendor.js:155039:22)
</failure>
    <failure type="">Expected $.matches[0].reference.IC = 4.307429749371488 to equal 4.25916858780595.
Expected $.matches[0].match.IC = 9.172410744499059 to equal 8.938765362852438.
Expected $.matches[0].lcs.IC = 4.307429749371488 to equal 4.25916858780595.
Error: Expected $.matches[0].reference.IC = 4.307429749371488 to equal 4.25916858780595.
Expected $.matches[0].match.IC = 9.172410744499059 to equal 8.938765362852438.
Expected $.matches[0].lcs.IC = 4.307429749371488 to equal 4.25916858780595.
    at &lt;Jasmine&gt;
    at SafeSubscriber._next (http://localhost:9876/_karma_webpack_/main.js:157812:75)
    at SafeSubscriber.push../node_modules/rxjs/_esm5/internal/Subscriber.js.SafeSubscriber.__tryOrUnsub (http://localhost:9876/_karma_webpack_/vendor.js:155101:16)
    at SafeSubscriber.push../node_modules/rxjs/_esm5/internal/Subscriber.js.SafeSubscriber.next (http://localhost:9876/_karma_webpack_/vendor.js:155039:22)
</failure>
    <failure type="">Expected $.matches[0].reference.IC = 4.307429749371488 to equal 4.25916858780595.
Expected $.matches[0].match.IC = 9.172410744499059 to equal 8.938765362852438.
Expected $.matches[0].lcs.IC = 4.307429749371488 to equal 4.25916858780595.
Error: Expected $.matches[0].reference.IC = 4.307429749371488 to equal 4.25916858780595.
Expected $.matches[0].match.IC = 9.172410744499059 to equal 8.938765362852438.
Expected $.matches[0].lcs.IC = 4.307429749371488 to equal 4.25916858780595.
    at &lt;Jasmine&gt;
    at SafeSubscriber._next (http://localhost:9876/_karma_webpack_/main.js:157812:75)
    at SafeSubscriber.push../node_modules/rxjs/_esm5/internal/Subscriber.js.SafeSubscriber.__tryOrUnsub (http://localhost:9876/_karma_webpack_/vendor.js:155101:16)
    at SafeSubscriber.push../node_modules/rxjs/_esm5/internal/Subscriber.js.SafeSubscriber.next (http://localhost:9876/_karma_webpack_/vendor.js:155039:22)
</failure>
    <failure type="">Expected $.matches[0].reference.IC = 4.307429749371488 to equal 4.25916858780595.
Expected $.matches[0].match.IC = 7.634140334470773 to equal 7.530452731540732.
Expected $.matches[0].lcs.IC = 4.307429749371488 to equal 4.25916858780595.
Error: Expected $.matches[0].reference.IC = 4.307429749371488 to equal 4.25916858780595.
Expected $.matches[0].match.IC = 7.634140334470773 to equal 7.530452731540732.
Expected $.matches[0].lcs.IC = 4.307429749371488 to equal 4.25916858780595.
    at &lt;Jasmine&gt;
    at SafeSubscriber._next (http://localhost:9876/_karma_webpack_/main.js:157812:75)
    at SafeSubscriber.push../node_modules/rxjs/_esm5/internal/Subscriber.js.SafeSubscriber.__tryOrUnsub (http://localhost:9876/_karma_webpack_/vendor.js:155101:16)
    at SafeSubscriber.push../node_modules/rxjs/_esm5/internal/Subscriber.js.SafeSubscriber.next (http://localhost:9876/_karma_webpack_/vendor.js:155039:22)
</failure>
    <failure type="">Expected $.matches[0].reference.IC = 4.307429749371488 to equal 4.25916858780595.
Expected $.matches[0].match.IC = 7.274069381721379 to equal 7.19942933426637.
Expected $.matches[0].lcs.IC = 4.307429749371488 to equal 4.25916858780595.
Error: Expected $.matches[0].reference.IC = 4.307429749371488 to equal 4.25916858780595.
Expected $.matches[0].match.IC = 7.274069381721379 to equal 7.19942933426637.
Expected $.matches[0].lcs.IC = 4.307429749371488 to equal 4.25916858780595.
    at &lt;Jasmine&gt;
    at SafeSubscriber._next (http://localhost:9876/_karma_webpack_/main.js:157812:75)
    at SafeSubscriber.push../node_modules/rxjs/_esm5/internal/Subscriber.js.SafeSubscriber.__tryOrUnsub (http://localhost:9876/_karma_webpack_/vendor.js:155101:16)
    at SafeSubscriber.push../node_modules/rxjs/_esm5/internal/Subscriber.js.SafeSubscriber.next (http://localhost:9876/_karma_webpack_/vendor.js:155039:22)
</failure>
    <failure type="">Expected $.matches[0].reference.IC = 4.307429749371488 to equal 4.25916858780595.
Expected $.matches[0].match.IC = 7.274069381721379 to equal 7.19942933426637.
Expected $.matches[0].lcs.IC = 4.307429749371488 to equal 4.25916858780595.
Error: Expected $.matches[0].reference.IC = 4.307429749371488 to equal 4.25916858780595.
Expected $.matches[0].match.IC = 7.274069381721379 to equal 7.19942933426637.
Expected $.matches[0].lcs.IC = 4.307429749371488 to equal 4.25916858780595.
    at &lt;Jasmine&gt;
    at SafeSubscriber._next (http://localhost:9876/_karma_webpack_/main.js:157812:75)
    at SafeSubscriber.push../node_modules/rxjs/_esm5/internal/Subscriber.js.SafeSubscriber.__tryOrUnsub (http://localhost:9876/_karma_webpack_/vendor.js:155101:16)
    at SafeSubscriber.push../node_modules/rxjs/_esm5/internal/Subscriber.js.SafeSubscriber.next (http://localhost:9876/_karma_webpack_/vendor.js:155039:22)
</failure>
    <failure type="">Expected $.matches[0].reference.IC = 4.307429749371488 to equal 4.25916858780595.
Expected $.matches[0].match.IC = 4.307429749371488 to equal 4.25916858780595.
Expected $.matches[0].lcs.IC = 4.307429749371488 to equal 4.25916858780595.
Error: Expected $.matches[0].reference.IC = 4.307429749371488 to equal 4.25916858780595.
Expected $.matches[0].match.IC = 4.307429749371488 to equal 4.25916858780595.
Expected $.matches[0].lcs.IC = 4.307429749371488 to equal 4.25916858780595.
    at &lt;Jasmine&gt;
    at SafeSubscriber._next (http://localhost:9876/_karma_webpack_/main.js:157812:75)
    at SafeSubscriber.push../node_modules/rxjs/_esm5/internal/Subscriber.js.SafeSubscriber.__tryOrUnsub (http://localhost:9876/_karma_webpack_/vendor.js:155101:16)
    at SafeSubscriber.push../node_modules/rxjs/_esm5/internal/Subscriber.js.SafeSubscriber.next (http://localhost:9876/_karma_webpack_/vendor.js:155039:22)
</failure>
    <failure type="">Expected $.matches[0].reference.IC = 4.307429749371488 to equal 4.25916858780595.
Expected $.matches[0].match.IC = 8.255928815685117 to equal 7.8560043508886.
Expected $.matches[0].lcs.IC = 4.307429749371488 to equal 4.25916858780595.
Error: Expected $.matches[0].reference.IC = 4.307429749371488 to equal 4.25916858780595.
Expected $.matches[0].match.IC = 8.255928815685117 to equal 7.8560043508886.
Expected $.matches[0].lcs.IC = 4.307429749371488 to equal 4.25916858780595.
    at &lt;Jasmine&gt;
    at SafeSubscriber._next (http://localhost:9876/_karma_webpack_/main.js:157812:75)
    at SafeSubscriber.push../node_modules/rxjs/_esm5/internal/Subscriber.js.SafeSubscriber.__tryOrUnsub (http://localhost:9876/_karma_webpack_/vendor.js:155101:16)
    at SafeSubscriber.push../node_modules/rxjs/_esm5/internal/Subscriber.js.SafeSubscriber.next (http://localhost:9876/_karma_webpack_/vendor.js:155039:22)
</failure>
    <failure type="">Expected $.matches[0].reference.IC = 4.307429749371488 to equal 4.25916858780595.
Expected $.matches[0].match.IC = 8.5384643150591 to equal 8.352891266711378.
Expected $.matches[0].lcs.IC = 4.307429749371488 to equal 4.25916858780595.
Error: Expected $.matches[0].reference.IC = 4.307429749371488 to equal 4.25916858780595.
Expected $.matches[0].match.IC = 8.5384643150591 to equal 8.352891266711378.
Expected $.matches[0].lcs.IC = 4.307429749371488 to equal 4.25916858780595.
    at &lt;Jasmine&gt;
    at SafeSubscriber._next (http://localhost:9876/_karma_webpack_/main.js:157812:75)
    at SafeSubscriber.push../node_modules/rxjs/_esm5/internal/Subscriber.js.SafeSubscriber.__tryOrUnsub (http://localhost:9876/_karma_webpack_/vendor.js:155101:16)
    at SafeSubscriber.push../node_modules/rxjs/_esm5/internal/Subscriber.js.SafeSubscriber.next (http://localhost:9876/_karma_webpack_/vendor.js:155039:22)
</failure>
    <failure type="">Expected $.matches[0].reference.IC = 4.307429749371488 to equal 4.25916858780595.
Expected $.matches[0].match.IC = 4.307429749371488 to equal 4.25916858780595.
Expected $.matches[0].lcs.IC = 4.307429749371488 to equal 4.25916858780595.
Error: Expected $.matches[0].reference.IC = 4.307429749371488 to equal 4.25916858780595.
Expected $.matches[0].match.IC = 4.307429749371488 to equal 4.25916858780595.
Expected $.matches[0].lcs.IC = 4.307429749371488 to equal 4.25916858780595.
    at &lt;Jasmine&gt;
    at SafeSubscriber._next (http://localhost:9876/_karma_webpack_/main.js:157812:75)
    at SafeSubscriber.push../node_modules/rxjs/_esm5/internal/Subscriber.js.SafeSubscriber.__tryOrUnsub (http://localhost:9876/_karma_webpack_/vendor.js:155101:16)
    at SafeSubscriber.push../node_modules/rxjs/_esm5/internal/Subscriber.js.SafeSubscriber.next (http://localhost:9876/_karma_webpack_/vendor.js:155039:22)
</failure>
    <failure type="">Expected $.matches[0].reference.IC = 4.307429749371488 to equal 4.25916858780595.
Expected $.matches[0].match.IC = 4.307429749371488 to equal 4.25916858780595.
Expected $.matches[0].lcs.IC = 4.307429749371488 to equal 4.25916858780595.
Error: Expected $.matches[0].reference.IC = 4.307429749371488 to equal 4.25916858780595.
Expected $.matches[0].match.IC = 4.307429749371488 to equal 4.25916858780595.
Expected $.matches[0].lcs.IC = 4.307429749371488 to equal 4.25916858780595.
    at &lt;Jasmine&gt;
    at SafeSubscriber._next (http://localhost:9876/_karma_webpack_/main.js:157812:75)
    at SafeSubscriber.push../node_modules/rxjs/_esm5/internal/Subscriber.js.SafeSubscriber.__tryOrUnsub (http://localhost:9876/_karma_webpack_/vendor.js:155101:16)
    at SafeSubscriber.push../node_modules/rxjs/_esm5/internal/Subscriber.js.SafeSubscriber.next (http://localhost:9876/_karma_webpack_/vendor.js:155039:22)
</failure>
    <failure type="">Expected $.matches[0].reference.IC = 4.307429749371488 to equal 4.25916858780595.
Expected $.matches[0].match.IC = 9.172410744499059 to equal 8.938765362852438.
Expected $.matches[0].lcs.IC = 4.307429749371488 to equal 4.25916858780595.
Error: Expected $.matches[0].reference.IC = 4.307429749371488 to equal 4.25916858780595.
Expected $.matches[0].match.IC = 9.172410744499059 to equal 8.938765362852438.
Expected $.matches[0].lcs.IC = 4.307429749371488 to equal 4.25916858780595.
    at &lt;Jasmine&gt;
    at SafeSubscriber._next (http://localhost:9876/_karma_webpack_/main.js:157812:75)
    at SafeSubscriber.push../node_modules/rxjs/_esm5/internal/Subscriber.js.SafeSubscriber.__tryOrUnsub (http://localhost:9876/_karma_webpack_/vendor.js:155101:16)
    at SafeSubscriber.push../node_modules/rxjs/_esm5/internal/Subscriber.js.SafeSubscriber.next (http://localhost:9876/_karma_webpack_/vendor.js:155039:22)
</failure>
    <failure type="">Expected $.matches[0].reference.IC = 4.307429749371488 to equal 4.25916858780595.
Expected $.matches[0].match.IC = 11.906034394443807 to equal 11.929770154319492.
Expected $.matches[0].lcs.IC = 4.307429749371488 to equal 4.25916858780595.
Error: Expected $.matches[0].reference.IC = 4.307429749371488 to equal 4.25916858780595.
Expected $.matches[0].match.IC = 11.906034394443807 to equal 11.929770154319492.
Expected $.matches[0].lcs.IC = 4.307429749371488 to equal 4.25916858780595.
    at &lt;Jasmine&gt;
    at SafeSubscriber._next (http://localhost:9876/_karma_webpack_/main.js:157812:75)
    at SafeSubscriber.push../node_modules/rxjs/_esm5/internal/Subscriber.js.SafeSubscriber.__tryOrUnsub (http://localhost:9876/_karma_webpack_/vendor.js:155101:16)
    at SafeSubscriber.push../node_modules/rxjs/_esm5/internal/Subscriber.js.SafeSubscriber.next (http://localhost:9876/_karma_webpack_/vendor.js:155039:22)
</failure>
    <failure type="">Expected $.matches[0].reference.IC = 4.307429749371488 to equal 4.25916858780595.
Expected $.matches[0].match.IC = 4.307429749371488 to equal 4.25916858780595.
Expected $.matches[0].lcs.IC = 4.307429749371488 to equal 4.25916858780595.
Error: Expected $.matches[0].reference.IC = 4.307429749371488 to equal 4.25916858780595.
Expected $.matches[0].match.IC = 4.307429749371488 to equal 4.25916858780595.
Expected $.matches[0].lcs.IC = 4.307429749371488 to equal 4.25916858780595.
    at &lt;Jasmine&gt;
    at SafeSubscriber._next (http://localhost:9876/_karma_webpack_/main.js:157812:75)
    at SafeSubscriber.push../node_modules/rxjs/_esm5/internal/Subscriber.js.SafeSubscriber.__tryOrUnsub (http://localhost:9876/_karma_webpack_/vendor.js:155101:16)
    at SafeSubscriber.push../node_modules/rxjs/_esm5/internal/Subscriber.js.SafeSubscriber.next (http://localhost:9876/_karma_webpack_/vendor.js:155039:22)
</failure>
    <failure type="">Expected $.matches[0].reference.IC = 4.307429749371488 to equal 4.25916858780595.
Expected $.matches[0].match.IC = 4.307429749371488 to equal 4.25916858780595.
Expected $.matches[0].lcs.IC = 4.307429749371488 to equal 4.25916858780595.
Error: Expected $.matches[0].reference.IC = 4.307429749371488 to equal 4.25916858780595.
Expected $.matches[0].match.IC = 4.307429749371488 to equal 4.25916858780595.
Expected $.matches[0].lcs.IC = 4.307429749371488 to equal 4.25916858780595.
    at &lt;Jasmine&gt;
    at SafeSubscriber._next (http://localhost:9876/_karma_webpack_/main.js:157812:75)
    at SafeSubscriber.push../node_modules/rxjs/_esm5/internal/Subscriber.js.SafeSubscriber.__tryOrUnsub (http://localhost:9876/_karma_webpack_/vendor.js:155101:16)
    at SafeSubscriber.push../node_modules/rxjs/_esm5/internal/Subscriber.js.SafeSubscriber.next (http://localhost:9876/_karma_webpack_/vendor.js:155039:22)
</failure>
    <failure type="">Expected $.matches[0].reference.IC = 4.307429749371488 to equal 4.25916858780595.
Expected $.matches[0].match.IC = 9.172410744499059 to equal 8.938765362852438.
Expected $.matches[0].lcs.IC = 4.307429749371488 to equal 4.25916858780595.
Error: Expected $.matches[0].reference.IC = 4.307429749371488 to equal 4.25916858780595.
Expected $.matches[0].match.IC = 9.172410744499059 to equal 8.938765362852438.
Expected $.matches[0].lcs.IC = 4.307429749371488 to equal 4.25916858780595.
    at &lt;Jasmine&gt;
    at SafeSubscriber._next (http://localhost:9876/_karma_webpack_/main.js:157812:75)
    at SafeSubscriber.push../node_modules/rxjs/_esm5/internal/Subscriber.js.SafeSubscriber.__tryOrUnsub (http://localhost:9876/_karma_webpack_/vendor.js:155101:16)
    at SafeSubscriber.push../node_modules/rxjs/_esm5/internal/Subscriber.js.SafeSubscriber.next (http://localhost:9876/_karma_webpack_/vendor.js:155039:22)
</failure>
    <failure type="">Expected $.matches[0].reference.IC = 4.307429749371488 to equal 4.25916858780595.
Expected $.matches[0].match.IC = 4.307429749371488 to equal 4.25916858780595.
Expected $.matches[0].lcs.IC = 4.307429749371488 to equal 4.25916858780595.
Error: Expected $.matches[0].reference.IC = 4.307429749371488 to equal 4.25916858780595.
Expected $.matches[0].match.IC = 4.307429749371488 to equal 4.25916858780595.
Expected $.matches[0].lcs.IC = 4.307429749371488 to equal 4.25916858780595.
    at &lt;Jasmine&gt;
    at SafeSubscriber._next (http://localhost:9876/_karma_webpack_/main.js:157812:75)
    at SafeSubscriber.push../node_modules/rxjs/_esm5/internal/Subscriber.js.SafeSubscriber.__tryOrUnsub (http://localhost:9876/_karma_webpack_/vendor.js:155101:16)
    at SafeSubscriber.push../node_modules/rxjs/_esm5/internal/Subscriber.js.SafeSubscriber.next (http://localhost:9876/_karma_webpack_/vendor.js:155039:22)
</failure>
  </testcase>
  <testcase name="[Search Filter] Diseases.[List with accents - Search with accents]" time="0.548" classname="[Search Filter]"/>
  <testcase name="[Search Filter] Diseases. [List with accents - Search without accents]" time="0.021" classname="[Search Filter]"/>
  <testcase name="[Search Filter] Diseases. [List without accents - Search with accents]" time="0.027" classname="[Search Filter]"/>
  <testcase name="[Search Filter] Diseases. [List without accents - Search without accents]" time="0.017" classname="[Search Filter]"/>
  <testcase name="[Search Filter] Symptoms. [List without accents - Search with accents]" time="0.046" classname="[Search Filter]"/>
  <testcase name="[Search Filter] Symptoms. [List without accents - Search without accents]" time="0.022" classname="[Search Filter]"/>
  <testcase name="[Search Filter] Symptoms. [List with accents - Search with accents]" time="0.022" classname="[Search Filter]"/>
  <testcase name="[Search Filter] Symptoms. [List with accents - Search without accents]" time="0.048" classname="[Search Filter]"/>
  <testcase name="[Search Filter] Disease. [Not included in list - with accents]" time="0.017" classname="[Search Filter]"/>
  <testcase name="[Search Filter] Disease. [Not included in list - without accents]" time="0.015" classname="[Search Filter]"/>
  <testcase name="[Search Filter] Symptoms. [Not included in list - with accents]" time="0.013" classname="[Search Filter]"/>
  <testcase name="[Search Filter] Symptoms. [Not included in list - with accents]" time="0.012" classname="[Search Filter]"/>
  <system-out>
    <![CDATA[HeadlessChrome 86.0.4240 (Windows 10.0.0) LOG: 'ng on init'
,HeadlessChrome 86.0.4240 (Windows 10.0.0) LOG: 'cancel pending request'
,HeadlessChrome 86.0.4240 (Windows 10.0.0) LOG: 'cancel pending request'
,HeadlessChrome 86.0.4240 (Windows 10.0.0) LOG: Object{ATXN3: Object{diseases: Object{MONDO:0007182: ..., MONDO:0017174: ..., MONDO:0017175: ..., MONDO:0017176: ...}, id: 'HGNC:7106', label: 'ATXN3'}, AXIN1: Object{diseases: Object{MONDO:0007256: ..., MONDO:0016216: ...}, id: 'HGNC:903', label: 'AXIN1'}, BDKRB1: null, BICD1: null, CACNA2D3: null, CELSR1: null, CNTN3: null, COG7: Object{diseases: Object{MONDO:0012118: ...}, id: 'HGNC:18622', label: 'COG7'}, COL4A1: Object{diseases: Object{MONDO:0008289: ..., MONDO:0008373: ..., MONDO:0011865: ..., MONDO:0012726: ..., MONDO:0018786: ..., MONDO:0018829: ..., MONDO:0019523: ..., MONDO:0020496: ...}, id: 'HGNC:2202', label: 'COL4A1'}, CRX: Object{diseases: Object{MONDO:0007362: ..., MONDO:0013449: ..., MONDO:0015993: ..., MONDO:0018998: ..., MONDO:0019200: ...}, id: 'HGNC:2383', label: 'CRX'}, CRY2: null, CTBP2: null, CYP2E1: null, DELEC1: null, DNAH8: null, DNM2: Object{diseases: Object{MONDO:0008048: ..., MONDO:0011674: ..., MONDO:0014149: ..., MONDO:0016431: ...}, id: 'HGNC:2974', label: 'DNM2'}, DNMBP: Object{diseases: Object{MONDO:0021548: ...}, id: 'HGNC:30373', label: 'DNMBP'}, DYRK1A: Object{diseases: Object{MONDO:0013578: ..., MONDO:0018733: ...}, id: 'HGNC:3091', label: 'DYRK1A'}, EIF2B2: Object{diseases: Object{MONDO:0011380: ..., MONDO:0015519: ..., MONDO:0015520: ..., MONDO:0015521: ..., MONDO:0020506: ..., MONDO:0020507: ...}, id: 'HGNC:3258', label: 'EIF2B2'}, EIF4A2: null, ENPP1: Object{diseases: Object{MONDO:0008817: ..., MONDO:0009925: ..., MONDO:0013219: ..., MONDO:0014227: ..., MONDO:0017324: ..., MONDO:0018870: ...}, id: 'HGNC:3356', label: 'ENPP1'}, FGFR2: Object{diseases: Object{MONDO:0001056: ..., MONDO:0007041: ..., MONDO:0007042: ..., MONDO:0007043: ..., MONDO:0007400: ..., MONDO:0007405: ..., MONDO:0007412: ..., MONDO:0007872: ..., MONDO:0008803: ..., MONDO:0012307: ..., MONDO:0013815: ..., MONDO:0019659: ..., MONDO:0019660: ..., MONDO:0019661: ..., MONDO:0020667: ...}, id: 'HGNC:3689', label: 'FGFR2'}, FKBP4: null, GLI1: Object{diseases: Object{MONDO:0008269: ..., MONDO:0009162: ..., MONDO:0029130: ...}, id: 'HGNC:4317', label: 'GLI1'}, GMPR2: null, HCAR2: null, HNF1A: Object{diseases: Object{MONDO:0007718: ..., MONDO:0007763: ..., MONDO:0010894: ..., MONDO:0012919: ..., MONDO:0017935: ..., MONDO:0018911: ...}, id: 'HGNC:11621', label: 'HNF1A'}, KCNG2: null, KCNJ12: null, KRT4: Object{diseases: Object{MONDO:0008676: ..., MONDO:0015748: ...}, id: 'HGNC:6441', label: 'KRT4'}, LAMA3: Object{diseases: Object{MONDO:0009180: ..., MONDO:0009182: ..., MONDO:0009513: ..., MONDO:0019307: ...}, id: 'HGNC:6483', label: 'LAMA3'}, MUC6: null, MYH3: Object{diseases: Object{MONDO:0008338: ..., MONDO:0008675: ..., MONDO:0009926: ..., MONDO:0010094: ..., MONDO:0011128: ..., MONDO:0015240: ...}, id: 'HGNC:7573', label: 'MYH3'}, NPHS1: Object{diseases: Object{MONDO:0009732: ..., MONDO:0019006: ...}, id: 'HGNC:7908', label: 'NPHS1'}, PDGFRB: Object{diseases: Object{MONDO:0007546: ..., MONDO:0008947: ..., MONDO:0009227: ..., MONDO:0011150: ..., MONDO:0014004: ..., MONDO:0014704: ..., MONDO:0016824: ...}, id: 'HGNC:8804', label: 'PDGFRB'}, PFKP: null, PGF: null, PLCB1: Object{diseases: Object{MONDO:0013389: ..., MONDO:0017385: ..., MONDO:0018097: ...}, id: 'HGNC:15917', label: 'PLCB1'}, RAP2B: null, SCN7A: null, SLC39A14: Object{diseases: Object{MONDO:0014864: ...}, id: 'HGNC:20858', label: 'SLC39A14'}, SYNE2: Object{diseases: Object{MONDO:0013072: ..., MONDO:0020336: ...}, id: 'HGNC:17084', label: 'SYNE2'}, TAX1BP1: null, TBC1D4: null, TFB1M: null, TPTE: null}
,HeadlessChrome 86.0.4240 (Windows 10.0.0) LOG: [Object{name: 'KCNQ2', data: [...], score: 1}, Object{name: 'MECP2', data: [...], score: 0.997079017115443}, Object{name: 'UBE3A', data: [...], score: 0.976873042640323}, Object{name: 'KCNQ3', data: [...], score: 0.944350758853284}, Object{name: 'PRRT2', data: [...], score: 0.800740785352923}, Object{name: 'PEX3', data: [...], score: 0.763671404480846}, Object{name: 'PEX19', data: [...], score: 0.763671404480846}, Object{name: 'FGFR2', data: [...], score: 0.760223440134905}, Object{name: 'SCN2A', data: [...], score: 0.75210792580101}, Object{name: 'KAT6B', data: [...], score: 0.721211756203322}, Object{name: 'PEX1', data: [...], score: 0.720639604914476}, Object{name: 'TCF4', data: [...], score: 0.703746085280654}, Object{name: 'RARS2', data: [...], score: 0.699801252710188}, Object{name: 'ATP7A', data: [...], score: 0.698626836906768}, Object{name: 'PEX12', data: [...], score: 0.694185136111778}, Object{name: 'PEX5', data: [...], score: 0.69260419176102}, Object{name: 'PEX10', data: [...], score: 0.69260419176102}, Object{name: 'PEX6', data: [...], score: 0.69260419176102}, Object{name: 'PEX26', data: [...], score: 0.69260419176102}, Object{name: 'PEX13', data: [...], score: 0.69260419176102}, Object{name: 'PEX11B', data: [...], score: 0.69260419176102}, Object{name: 'PEX16', data: [...], score: 0.69260419176102}, Object{name: 'PEX2', data: [...], score: 0.69260419176102}, Object{name: 'PEX14', data: [...], score: 0.69260419176102}, Object{name: 'FOXG1', data: [...], score: 0.681492411467114}, Object{name: 'ARSA', data: [...], score: 0.678752107925799}, Object{name: 'ALG2', data: [...], score: 0.675018067935435}, Object{name: 'ALG9', data: [...], score: 0.675018067935435}, Object{name: 'ASPA', data: [...], score: 0.672337990845578}, Object{name: 'ARG1', data: [...], score: 0.671524933750901}, Object{name: 'SNRPN', data: [...], score: 0.664201397253672}, Object{name: 'SPG11', data: [...], score: 0.659780775716693}, Object{name: 'MVK', data: [...], score: 0.659780775716693}, Object{name: 'GFAP', data: [...], score: 0.659780775716693}, Object{name: 'COX10', data: [...], score: 0.657973982172968}, Object{name: 'ARID1B', data: [...], score: 0.644423030595035}, Object{name: 'SMARCB1', data: [...], score: 0.64385087930619}, Object{name: 'PDGFRB', data: [...], score: 0.640809443507586}, Object{name: 'HMBS', data: [...], score: 0.640809443507586}, Object{name: 'VPS13A', data: [...], score: 0.63689472416285}, Object{name: 'ACOX1', data: [...], score: 0.635389062876413}, Object{name: 'GNAQ', data: [...], score: 0.635389062876413}, Object{name: 'SMARCA4', data: [...], score: 0.633311250301131}, Object{name: 'MPDU1', data: [...], score: 0.63165502288605}, Object{name: 'SMARCE1', data: [...], score: 0.626355095157791}, Object{name: 'ARID1A', data: [...], score: 0.626355095157791}, Object{name: 'ATRX', data: [...], score: 0.626053962900504}, Object{name: 'PAH', data: [...], score: 0.624156829679593}, Object{name: 'TSC2', data: [...], score: 0.621747771621294}, Object{name: 'TSC1', data: [...], score: 0.621747771621294}, Object{name: 'HLCS', data: [...], score: 0.616417730667307}, Object{name: 'SURF1', data: [...], score: 0.609792821006984}, Object{name: 'ACTG1', data: [...], score: 0.60440255360154}, Object{name: 'ACTB', data: [...], score: 0.60440255360154}, Object{name: 'GAMT', data: [...], score: 0.60130089135148}, Object{name: 'TSEN54', data: [...], score: 0.598139002649962}, Object{name: 'PDGFB', data: [...], score: 0.597446398458201}, Object{name: 'NELFA', data: [...], score: 0.597446398458201}, Object{name: 'GMPPA', data: [...], score: 0.597446398458201}, Object{name: 'EXOSC3', data: [...], score: 0.597446398458201}, Object{name: 'AAAS', data: [...], score: 0.597446398458201}, Object{name: 'CDKL5', data: [...], score: 0.597446398458201}, Object{name: 'SLC20A2', data: [...], score: 0.597446398458201}, Object{name: 'FGFR3', data: [...], score: 0.596121416526136}, Object{name: 'ERCC6', data: [...], score: 0.593110093953262}, Object{name: 'ATM', data: [...], score: 0.590219224283304}, Object{name: 'PDHA1', data: [...], score: 0.584166465911827}, Object{name: 'EZH2', data: [...], score: 0.571789930137314}, Object{name: 'MED12', data: [...], score: 0.56998313659359}, Object{name: 'WFS1', data: [...], score: 0.566128643700312}, Object{name: 'NSD1', data: [...], score: 0.560045772103106}, Object{name: 'ALDH7A1', data: [...], score: 0.557877619850637}, Object{name: 'FH', data: [...], score: 0.557877619850637}, Object{name: 'ABCD1', data: [...], score: 0.557877619850637}, Object{name: 'NHLRC1', data: [...], score: 0.557877619850637}, Object{name: 'ASL', data: [...], score: 0.557877619850637}, Object{name: 'GNE', data: [...], score: 0.55589014695254}, Object{name: 'PAX2', data: [...], score: 0.554625391471933}, Object{name: 'LETM1', data: [...], score: 0.554083353408816}, Object{name: 'NTNG1', data: [...], score: 0.554083353408816}, Object{name: 'RECQL4', data: [...], score: 0.548933991809201}, Object{name: 'ALDH5A1', data: [...], score: 0.543965309563959}, Object{name: 'EPM2A', data: [...], score: 0.541977836665862}, Object{name: 'OCRL', data: [...], score: 0.537521079258008}, Object{name: 'ZEB2', data: [...], score: 0.537521079258008}, Object{name: 'COL4A1', data: [...], score: 0.535112021199709}, Object{name: 'GCK', data: [...], score: 0.535021681522523}, Object{name: 'PROP1', data: [...], score: 0.535021681522523}, Object{name: 'ABCC8', data: [...], score: 0.535021681522523}, Object{name: 'STAMBP', data: [...], score: 0.535021681522523}, Object{name: 'PEX7', data: [...], score: 0.535021681522523}, Object{name: 'OFD1', data: [...], score: 0.533766963783825}, Object{name: 'MLH1', data: [...], score: 0.530996547016782}, Object{name: 'SCN1A', data: [...], score: 0.528386734120291}, Object{name: 'KCNJ11', data: [...], score: 0.528065526379184}, Object{name: 'FA2H', data: [...], score: 0.528065526379184}, Object{name: 'GSS', data: [...], score: 0.528065526379184}, Object{name: 'KANSL1', data: [...], score: 0.526981450252949}, Object{name: 'SHH', data: [...], score: 0.525796996707619}, Object{name: 'CEP290', data: [...], score: 0.525193960059052}]
,HeadlessChrome 86.0.4240 (Windows 10.0.0) LOG: [Object{name: Object{label: ..., id: ...}, score: 100, matches: [...]}, Object{name: Object{label: ..., id: ...}, score: 100, matches: [...]}, Object{name: Object{label: ..., id: ...}, score: 100, matches: [...]}, Object{name: Object{label: ..., id: ...}, score: 100, matches: [...]}, Object{name: Object{label: ..., id: ...}, score: 100, matches: [...]}, Object{name: Object{label: ..., id: ...}, score: 100, matches: [...]}, Object{name: Object{label: ..., id: ...}, score: 100, matches: [...]}, Object{name: Object{label: ..., id: ...}, score: 100, matches: [...]}, Object{name: Object{label: ..., id: ...}, score: 100, matches: [...]}, Object{name: Object{label: ..., id: ...}, score: 100, matches: [...]}, Object{name: Object{label: ..., id: ...}, score: 100, matches: [...]}, Object{name: Object{label: ..., id: ...}, score: 100, matches: [...]}, Object{name: Object{label: ..., id: ...}, score: 100, matches: [...]}, Object{name: Object{label: ..., id: ...}, score: 100, matches: [...]}, Object{name: Object{label: ..., id: ...}, score: 100, matches: [...]}, Object{name: Object{label: ..., id: ...}, score: 100, matches: [...]}, Object{name: Object{label: ..., id: ...}, score: 100, matches: [...]}, Object{name: Object{label: ..., id: ...}, score: 100, matches: [...]}, Object{name: Object{label: ..., id: ...}, score: 100, matches: [...]}, Object{name: Object{label: ..., id: ...}, score: 100, matches: [...]}, Object{name: Object{label: ..., id: ...}, score: 100, matches: [...]}, Object{name: Object{label: ..., id: ...}, score: 100, matches: [...]}, Object{name: Object{label: ..., id: ...}, score: 100, matches: [...]}, Object{name: Object{label: ..., id: ...}, score: 100, matches: [...]}, Object{name: Object{label: ..., id: ...}, score: 100, matches: [...]}, Object{name: Object{label: ..., id: ...}, score: 100, matches: [...]}, Object{name: Object{label: ..., id: ...}, score: 100, matches: [...]}, Object{name: Object{label: ..., id: ...}, score: 100, matches: [...]}, Object{name: Object{label: ..., id: ...}, score: 100, matches: [...]}, Object{name: Object{label: ..., id: ...}, score: 100, matches: [...]}, Object{name: Object{label: ..., id: ...}, score: 100, matches: [...]}, Object{name: Object{label: ..., id: ...}, score: 100, matches: [...]}, Object{name: Object{label: ..., id: ...}, score: 95, matches: [...]}, Object{name: Object{label: ..., id: ...}, score: 93, matches: [...]}, Object{name: Object{label: ..., id: ...}, score: 92, matches: [...]}, Object{name: Object{label: ..., id: ...}, score: 91, matches: [...]}, Object{name: Object{label: ..., id: ...}, score: 91, matches: [...]}, Object{name: Object{label: ..., id: ...}, score: 91, matches: [...]}, Object{name: Object{label: ..., id: ...}, score: 91, matches: [...]}, Object{name: Object{label: ..., id: ...}, score: 90, matches: [...]}, Object{name: Object{label: ..., id: ...}, score: 90, matches: [...]}, Object{name: Object{label: ..., id: ...}, score: 88, matches: [...]}, Object{name: Object{label: ..., id: ...}, score: 88, matches: [...]}, Object{name: Object{label: ..., id: ...}, score: 87, matches: [...]}, Object{name: Object{label: ..., id: ...}, score: 87, matches: [...]}, Object{name: Object{label: ..., id: ...}, score: 87, matches: [...]}, Object{name: Object{label: ..., id: ...}, score: 87, matches: [...]}, Object{name: Object{label: ..., id: ...}, score: 87, matches: [...]}, Object{name: Object{label: ..., id: ...}, score: 87, matches: [...]}, Object{name: Object{label: ..., id: ...}, score: 87, matches: [...]}, Object{name: Object{label: ..., id: ...}, score: 87, matches: [...]}, Object{name: Object{label: ..., id: ...}, score: 87, matches: [...]}, Object{name: Object{label: ..., id: ...}, score: 87, matches: [...]}, Object{name: Object{label: ..., id: ...}, score: 87, matches: [...]}, Object{name: Object{label: ..., id: ...}, score: 87, matches: [...]}, Object{name: Object{label: ..., id: ...}, score: 87, matches: [...]}, Object{name: Object{label: ..., id: ...}, score: 86, matches: [...]}, Object{name: Object{label: ..., id: ...}, score: 85, matches: [...]}, Object{name: Object{label: ..., id: ...}, score: 83, matches: [...]}, Object{name: Object{label: ..., id: ...}, score: 83, matches: [...]}, Object{name: Object{label: ..., id: ...}, score: 83, matches: [...]}, Object{name: Object{label: ..., id: ...}, score: 83, matches: [...]}, Object{name: Object{label: ..., id: ...}, score: 83, matches: [...]}, Object{name: Object{label: ..., id: ...}, score: 83, matches: [...]}, Object{name: Object{label: ..., id: ...}, score: 83, matches: [...]}, Object{name: Object{label: ..., id: ...}, score: 80, matches: [...]}, Object{name: Object{label: ..., id: ...}, score: 80, matches: [...]}, Object{name: Object{label: ..., id: ...}, score: 80, matches: [...]}, Object{name: Object{label: ..., id: ...}, score: 80, matches: [...]}, Object{name: Object{label: ..., id: ...}, score: 80, matches: [...]}, Object{name: Object{label: ..., id: ...}, score: 80, matches: [...]}, Object{name: Object{label: ..., id: ...}, score: 80, matches: [...]}, Object{name: Object{label: ..., id: ...}, score: 80, matches: [...]}, Object{name: Object{label: ..., id: ...}, score: 80, matches: [...]}, Object{name: Object{label: ..., id: ...}, score: 80, matches: [...]}, Object{name: Object{label: ..., id: ...}, score: 80, matches: [...]}, Object{name: Object{label: ..., id: ...}, score: 80, matches: [...]}, Object{name: Object{label: ..., id: ...}, score: 80, matches: [...]}, Object{name: Object{label: ..., id: ...}, score: 80, matches: [...]}, Object{name: Object{label: ..., id: ...}, score: 78, matches: [...]}, Object{name: Object{label: ..., id: ...}, score: 77, matches: [...]}, Object{name: Object{label: ..., id: ...}, score: 77, matches: [...]}, Object{name: Object{label: ..., id: ...}, score: 76, matches: [...]}, Object{name: Object{label: ..., id: ...}, score: 76, matches: [...]}, Object{name: Object{label: ..., id: ...}, score: 75, matches: [...]}, Object{name: Object{label: ..., id: ...}, score: 75, matches: [...]}, Object{name: Object{label: ..., id: ...}, score: 75, matches: [...]}, Object{name: Object{label: ..., id: ...}, score: 75, matches: [...]}, Object{name: Object{label: ..., id: ...}, score: 75, matches: [...]}, Object{name: Object{label: ..., id: ...}, score: 75, matches: [...]}, Object{name: Object{label: ..., id: ...}, score: 75, matches: [...]}, Object{name: Object{label: ..., id: ...}, score: 75, matches: [...]}, Object{name: Object{label: ..., id: ...}, score: 75, matches: [...]}, Object{name: Object{label: ..., id: ...}, score: 75, matches: [...]}, Object{name: Object{label: ..., id: ...}, score: 75, matches: [...]}, Object{name: Object{label: ..., id: ...}, score: 75, matches: [...]}, Object{name: Object{label: ..., id: ...}, score: 75, matches: [...]}, Object{name: Object{label: ..., id: ...}, score: 75, matches: [...]}, Object{name: Object{label: ..., id: ...}, score: 75, matches: [...]}, Object{name: Object{label: ..., id: ...}, score: 75, matches: [...]}]
,HeadlessChrome 86.0.4240 (Windows 10.0.0) LOG: Object{MONDO:0001056: Object{genes: Object{HGNC:1500: ..., HGNC:2235: ..., HGNC:3430: ..., HGNC:3689: ..., HGNC:583: ..., HGNC:6116: ..., HGNC:7527: ..., HGNC:8975: ...}, id: 'MONDO:0001056', label: 'gastric cancer'}, MONDO:0007043: Object{genes: Object{HGNC:3688: ..., HGNC:3689: ...}, id: 'MONDO:0007043', label: 'Pfeiffer syndrome'}, MONDO:0007256: Object{genes: Object{HGNC:11998: ..., HGNC:1509: ..., HGNC:2514: ..., HGNC:583: ..., HGNC:7029: ..., HGNC:8805: ..., HGNC:8975: ..., HGNC:903: ...}, id: 'MONDO:0007256', label: 'hepatocellular carcinoma'}, MONDO:0007362: Object{genes: Object{HGNC:2383: ...}, id: 'MONDO:0007362', label: 'cone-rod dystrophy 2'}, MONDO:0007365: Object{genes: Object{HGNC:6296: ...}, id: 'MONDO:0007365', label: 'seizures, benign familial neonatal, 1'}, MONDO:0007366: Object{genes: Object{HGNC:6297: ...}, id: 'MONDO:0007366', label: 'seizures, benign familial neonatal, 2'}, MONDO:0007367: null, MONDO:0007546: Object{genes: Object{HGNC:8804: ...}, id: 'MONDO:0007546', label: 'myeloproliferative disorder, chronic, with eosinophilia'}, MONDO:0007560: null, MONDO:0007713: null, MONDO:0007718: Object{genes: Object{HGNC:11621: ...}, id: 'MONDO:0007718', label: 'hepatic adenomas, familial'}, MONDO:0007763: Object{genes: Object{HGNC:11621: ..., HGNC:12687: ..., HGNC:17023: ..., HGNC:27310: ..., HGNC:8125: ...}, id: 'MONDO:0007763', label: 'nonpapillary renal cell carcinoma'}, MONDO:0008041: null, MONDO:0008269: Object{genes: Object{HGNC:4317: ...}, id: 'MONDO:0008269', label: 'polydactyly of a biphalangeal thumb'}, MONDO:0008289: Object{genes: Object{HGNC:2202: ...}, id: 'MONDO:0008289', label: 'porencephaly 1'}, MONDO:0008338: Object{genes: Object{HGNC:7573: ...}, id: 'MONDO:0008338', label: 'autosomal dominant multiple pterygium syndrome'}, MONDO:0008373: Object{genes: Object{HGNC:2202: ...}, id: 'MONDO:0008373', label: 'retinal arterial tortuosity (disease)'}, MONDO:0008588: null, MONDO:0008836: null, MONDO:0008945: null, MONDO:0009013: null, MONDO:0009077: null, MONDO:0009162: Object{genes: Object{HGNC:19747: ..., HGNC:24595: ..., HGNC:3497: ..., HGNC:4317: ...}, id: 'MONDO:0009162', label: 'Ellis-van Creveld syndrome'}, MONDO:0009180: Object{genes: Object{HGNC:2194: ..., HGNC:6158: ..., HGNC:6483: ..., HGNC:6490: ..., HGNC:6493: ...}, id: 'MONDO:0009180', label: 'junctional epidermolysis bullosa, non-Herlitz type'}, MONDO:0009182: Object{genes: Object{HGNC:6483: ..., HGNC:6490: ..., HGNC:6493: ...}, id: 'MONDO:0009182', label: 'junctional epidermolysis bullosa Herlitz type'}, MONDO:0009186: null, MONDO:0009497: null, MONDO:0009513: Object{genes: Object{HGNC:6483: ...}, id: 'MONDO:0009513', label: 'laryngo-onycho-cutaneous syndrome'}, MONDO:0009696: Object{genes: Object{HGNC:1404: ..., HGNC:21219: ..., HGNC:4075: ...}, id: 'MONDO:0009696', label: 'juvenile myoclonic epilepsy'}, MONDO:0009925: Object{genes: Object{HGNC:3356: ..., HGNC:57: ...}, id: 'MONDO:0009925', label: 'inherited pseudoxanthoma elasticum'}, MONDO:0009976: null, MONDO:0010094: Object{genes: Object{HGNC:3755: ..., HGNC:7573: ...}, id: 'MONDO:0010094', label: 'spondylocarpotarsal synostosis syndrome'}, MONDO:0010317: Object{genes: Object{HGNC:18060: ...}, id: 'MONDO:0010317', label: 'intellectual disability, X-linked, with or without seizures, arx-related'}, MONDO:0010329: null, MONDO:0010388: null, MONDO:0010429: Object{genes: Object{HGNC:11506: ...}, id: 'MONDO:0010429', label: 'intellectual disability, X-linked 96'}, MONDO:0010451: Object{genes: Object{HGNC:4226: ...}, id: 'MONDO:0010451', label: 'intellectual disability, X-linked 41'}, MONDO:0010454: null, MONDO:0010608: null, MONDO:0010652: null, MONDO:0010682: null, MONDO:0010694: null, MONDO:0010894: Object{genes: Object{HGNC:11621: ...}, id: 'MONDO:0010894', label: 'maturity-onset diabetes of the young type 3'}, MONDO:0010898: Object{genes: Object{HGNC:18423: ..., HGNC:6572: ..., HGNC:9957: ...}, id: 'MONDO:0010898', label: 'Autosomal dominant epilepsy with auditory features'}, MONDO:0010899: Object{genes: Object{HGNC:1958: ...}, id: 'MONDO:0010899', label: 'autosomal dominant nocturnal frontal lobe epilepsy 1'}, MONDO:0010918: null, MONDO:0011150: Object{genes: Object{HGNC:8804: ...}, id: 'MONDO:0011150', label: 'acroosteolysis-keloid-like lesions-premature aging syndrome'}, MONDO:0011231: null, MONDO:0011297: null, MONDO:0011416: Object{genes: Object{HGNC:10586: ...}, id: 'MONDO:0011416', label: 'generalized epilepsy with febrile seizures plus, type 1'}, MONDO:0011443: null, MONDO:0011461: Object{genes: Object{HGNC:10585: ...}, id: 'MONDO:0011461', label: 'generalized epilepsy with febrile seizures plus, type 2'}, MONDO:0011491: null, MONDO:0011545: Object{genes: Object{HGNC:1962: ...}, id: 'MONDO:0011545', label: 'autosomal dominant nocturnal frontal lobe epilepsy 3'}, MONDO:0011593: Object{genes: Object{HGNC:30500: ...}, id: 'MONDO:0011593', label: 'seizures, benign familial infantile, 2'}, MONDO:0011674: Object{genes: Object{HGNC:2974: ...}, id: 'MONDO:0011674', label: 'Charcot-Marie-Tooth disease dominant intermediate b'}, MONDO:0011733: null, MONDO:0011844: null, MONDO:0011865: null, MONDO:0011875: null, MONDO:0011876: null, MONDO:0011891: Object{genes: Object{HGNC:4087: ...}, id: 'MONDO:0011891', label: 'febrile seizures, familial, 8'}, MONDO:0011892: null, MONDO:0011965: null, MONDO:0011990: null, MONDO:0012113: null, MONDO:0012224: null, MONDO:0012226: null, MONDO:0012346: null, MONDO:0012618: null, MONDO:0012629: null, MONDO:0012655: null, MONDO:0012705: null, MONDO:0012706: null, MONDO:0012707: null, MONDO:0012723: Object{genes: Object{HGNC:29021: ...}, id: 'MONDO:0012723', label: 'Leber congenital amaurosis 10'}, MONDO:0012726: Object{genes: Object{HGNC:2202: ...}, id: 'MONDO:0012726', label: 'autosomal dominant familial hematuria-retinal arteriolar tortuosity-contractures syndrome'}, MONDO:0012843: null, MONDO:0012919: Object{genes: Object{HGNC:11621: ...}, id: 'MONDO:0012919', label: 'type 1 diabetes mellitus 20'}, MONDO:0012946: Object{genes: Object{HGNC:1754: ...}, id: 'MONDO:0012946', label: 'intellectual disability, autosomal dominant 3'}, MONDO:0013103: null, MONDO:0013322: Object{genes: Object{HGNC:30550: ...}, id: 'MONDO:0013322', label: 'FAME3'}, MONDO:0013388: Object{genes: Object{HGNC:10588: ...}, id: 'MONDO:0013388', label: 'epileptic encephalopathy, early infantile, 11'}, MONDO:0013470: Object{genes: Object{HGNC:10597: ...}, id: 'MONDO:0013470', label: 'generalized epilepsy with febrile seizures plus, type 7'}, MONDO:0013578: Object{genes: Object{HGNC:3091: ...}, id: 'MONDO:0013578', label: 'DYRK1A-related intellectual disability syndrome'}, MONDO:0013581: null, MONDO:0013629: null, MONDO:0013665: null, MONDO:0013741: Object{genes: Object{HGNC:17245: ...}, id: 'MONDO:0013741', label: 'familial temporal lobe epilepsy 5'}, MONDO:0013919: null, MONDO:0013970: Object{genes: Object{HGNC:16902: ...}, id: 'MONDO:0013970', label: 'branched-chain keto acid dehydrogenase kinase deficiency'}, MONDO:0014055: null, MONDO:0014149: Object{genes: Object{HGNC:2974: ...}, id: 'MONDO:0014149', label: 'fetal akinesia-cerebral and retinal hemorrhage syndrome'}, MONDO:0014150: Object{genes: Object{HGNC:1917: ...}, id: 'MONDO:0014150', label: 'childhood onset epileptic encephalopathy'}, MONDO:0014167: null, MONDO:0014227: Object{genes: Object{HGNC:3356: ...}, id: 'MONDO:0014227', label: 'hypopigmentation-punctate palmoplantar keratoderma syndrome'}, MONDO:0014308: null, MONDO:0014328: Object{genes: Object{HGNC:4075: ...}, id: 'MONDO:0014328', label: 'epileptic encephalopathy, early infantile, 19'}, MONDO:0014333: Object{genes: Object{HGNC:4512: ...}, id: 'MONDO:0014333', label: 'polymicrogyria, bilateral perisylvian, autosomal recessive'}, MONDO:0014517: Object{genes: Object{HGNC:18539: ...}, id: 'MONDO:0014517', label: 'generalized epilepsy with febrile seizures plus, type 9'}, MONDO:0014545: Object{genes: Object{HGNC:14253: ...}, id: 'MONDO:0014545', label: 'progressive myoclonic epilepsy type 8'}, MONDO:0014639: null, MONDO:0014650: null, MONDO:0014704: Object{genes: Object{HGNC:8804: ...}, id: 'MONDO:0014704', label: 'skeletal overgrowth-craniofacial dysmorphism-hyperelastic skin-white matter lesions syndrome'}, MONDO:0014734: null, MONDO:0014815: null, MONDO:0014842: Object{genes: Object{HGNC:29529: ...}, id: 'MONDO:0014842', label: 'intellectual disability, autosomal dominant 41'}, MONDO:0014903: Object{genes: Object{HGNC:10596: ...}, id: 'MONDO:0014903', label: 'seizures, benign familial infantile, 5'}, MONDO:0014924: Object{genes: Object{HGNC:24969: ...}, id: 'MONDO:0014924', label: 'epilepsy, familial focal, with variable foci 2'}, MONDO:0014925: Object{genes: Object{HGNC:14124: ...}, id: 'MONDO:0014925', label: 'epilepsy, familial focal, with variable foci 3'}, MONDO:0015345: null, MONDO:0015519: Object{genes: Object{HGNC:3257: ..., HGNC:3258: ..., HGNC:3259: ..., HGNC:3260: ..., HGNC:3261: ...}, id: 'MONDO:0015519', label: 'congenital or early infantile CACH syndrome'}, MONDO:0015520: Object{genes: Object{HGNC:3257: ..., HGNC:3258: ..., HGNC:3259: ..., HGNC:3260: ..., HGNC:3261: ...}, id: 'MONDO:0015520', label: 'late infantile CACH syndrome'}, MONDO:0015521: Object{genes: Object{HGNC:3257: ..., HGNC:3258: ..., HGNC:3259: ..., HGNC:3260: ..., HGNC:3261: ...}, id: 'MONDO:0015521', label: 'juvenile or adult CACH syndrome'}, MONDO:0015748: Object{genes: Object{HGNC:6415: ..., HGNC:6441: ...}, id: 'MONDO:0015748', label: 'hereditary mucosal leukokeratosis'}, MONDO:0015993: Object{genes: Object{HGNC:10295: ..., HGNC:10729: ..., HGNC:12565: ..., HGNC:1260: ..., HGNC:13436: ..., HGNC:1393: ..., HGNC:14550: ..., HGNC:17282: ..., HGNC:17877: ..., HGNC:18286: ..., HGNC:19963: ..., HGNC:20202: ..., HGNC:21043: ..., HGNC:2150: ..., HGNC:216: ..., HGNC:2383: ..., HGNC:27232: ..., HGNC:28769: ..., HGNC:30836: ..., HGNC:34: ..., HGNC:4206: ..., HGNC:4678: ..., HGNC:4689: ..., HGNC:791: ..., HGNC:9454: ..., HGNC:9768: ..., HGNC:9936: ..., HGNC:9942: ...}, id: 'MONDO:0015993', label: 'cone-rod dystrophy'}, MONDO:0016025: Object{genes: Object{HGNC:11042: ..., HGNC:1917: ..., HGNC:564: ...}, id: 'MONDO:0016025', label: 'myoclonic-astastic epilepsy'}, MONDO:0016160: null, MONDO:0016216: Object{genes: Object{HGNC:1509: ..., HGNC:8975: ..., HGNC:903: ...}, id: 'MONDO:0016216', label: 'adult hepatocellular carcinoma'}, MONDO:0016431: Object{genes: Object{HGNC:2974: ...}, id: 'MONDO:0016431', label: 'autosomal dominant Charcot-Marie-Tooth disease type 2M'}, MONDO:0016824: Object{genes: Object{HGNC:7883: ..., HGNC:8804: ...}, id: 'MONDO:0016824', label: 'myofibromatosis'}, MONDO:0017385: Object{genes: Object{HGNC:10585: ..., HGNC:13818: ..., HGNC:15917: ..., HGNC:18865: ..., HGNC:19954: ..., HGNC:29203: ...}, id: 'MONDO:0017385', label: 'malignant migrating partial seizures of infancy'}, MONDO:0017949: Object{genes: Object{HGNC:620: ...}, id: 'MONDO:0017949', label: 'ABeta amyloidosis, Arctic type'}, MONDO:0018733: Object{genes: Object{HGNC:3091: ...}, id: 'MONDO:0018733', label: 'intellectual disability syndrome due to a DYRK1A point mutation'}, MONDO:0018786: Object{genes: Object{HGNC:2202: ...}, id: 'MONDO:0018786', label: 'pontine autosomal dominant microangiopathy with leukoencephalopathy'}, MONDO:0018829: Object{genes: Object{HGNC:2202: ...}, id: 'MONDO:0018829', label: 'familial schizencephaly'}, MONDO:0018870: Object{genes: Object{HGNC:3356: ..., HGNC:57: ...}, id: 'MONDO:0018870', label: 'arterial calcification of infancy'}, MONDO:0018911: Object{genes: Object{HGNC:1057: ..., HGNC:11621: ..., HGNC:11811: ..., HGNC:1848: ..., HGNC:24035: ..., HGNC:4195: ..., HGNC:5024: ..., HGNC:59: ..., HGNC:6081: ..., HGNC:6107: ..., HGNC:6257: ..., HGNC:7762: ..., HGNC:8618: ...}, id: 'MONDO:0018911', label: 'maturity-onset diabetes of the young (disease)'}, MONDO:0019006: Object{genes: Object{HGNC:12338: ..., HGNC:12796: ..., HGNC:13394: ..., HGNC:14082: ..., HGNC:14258: ..., HGNC:166: ..., HGNC:17175: ..., HGNC:18016: ..., HGNC:18017: ..., HGNC:18658: ..., HGNC:18688: ..., HGNC:19041: ..., HGNC:20763: ..., HGNC:23375: ..., HGNC:23791: ..., HGNC:24715: ..., HGNC:25361: ..., HGNC:28958: ..., HGNC:29914: ..., HGNC:29929: ..., HGNC:3334: ..., HGNC:678: ..., HGNC:7599: ..., HGNC:7908: ..., HGNC:8616: ..., HGNC:8734: ..., HGNC:9678: ...}, id: 'MONDO:0019006', label: 'familial idiopathic steroid-resistant nephrotic syndrome'}, MONDO:0019307: Object{genes: Object{HGNC:2194: ..., HGNC:6158: ..., HGNC:6483: ..., HGNC:6490: ..., HGNC:6493: ...}, id: 'MONDO:0019307', label: 'generalized junctional epidermolysis bullosa non-Herlitz type'}, MONDO:0019448: Object{genes: Object{HGNC:2172: ..., HGNC:2516: ..., HGNC:25489: ..., HGNC:282: ..., HGNC:31750: ...}, id: 'MONDO:0019448', label: 'benign adult familial myoclonic epilepsy'}, MONDO:0020496: Object{genes: Object{HGNC:2202: ..., HGNC:2203: ...}, id: 'MONDO:0020496', label: 'familial porencephaly'}, MONDO:0020506: Object{genes: Object{HGNC:21022: ..., HGNC:3257: ..., HGNC:3258: ..., HGNC:3259: ..., HGNC:3260: ..., HGNC:3261: ...}, id: 'MONDO:0020506', label: 'ovarioleukodystrophy'}, MONDO:0020507: Object{genes: Object{HGNC:3257: ..., HGNC:3258: ..., HGNC:3259: ..., HGNC:3260: ..., HGNC:3261: ...}, id: 'MONDO:0020507', label: 'Cree leukoencephalopathy'}, MONDO:0020752: null, MONDO:0020759: null, MONDO:0020772: null, MONDO:0020853: Object{genes: Object{HGNC:1181: ...}, id: 'MONDO:0020853', label: 'encephalitis/encephalopathy, mild, with reversible myelin vacuolization'}, MONDO:0021548: Object{genes: Object{HGNC:14673: ..., HGNC:21244: ..., HGNC:21869: ..., HGNC:23801: ..., HGNC:2388: ..., HGNC:2398: ..., HGNC:2409: ..., HGNC:30373: ..., HGNC:3386: ..., HGNC:4204: ..., HGNC:4281: ..., HGNC:5227: ..., HGNC:6610: ..., HGNC:6708: ..., HGNC:7103: ...}, id: 'MONDO:0021548', label: 'total early-onset cataract'}, MONDO:0024508: null, MONDO:0024566: Object{genes: Object{HGNC:17245: ...}, id: 'MONDO:0024566', label: 'febrile seizures, familial, 11'}, MONDO:0032662: null, MONDO:0032699: null, MONDO:0054847: null, MONDO:0060671: null, MONDO:0100092: null, OMIM:120970: Object{genes: Object{HGNC:2383: ...}, id: 'MONDO:0007362', label: 'cone-rod dystrophy 2'}, OMIM:125853: Object{genes: Object{HGNC:11630: ..., HGNC:392: ..., HGNC:4195: ..., HGNC:59: ..., HGNC:8618: ..., HGNC:9291: ...}, id: 'MONDO:0007455', label: 'diabetes mellitus, noninsulin-dependent'}, OMIM:142330: Object{genes: Object{HGNC:11621: ...}, id: 'MONDO:0007718', label: 'hepatic adenomas, familial'}, OMIM:160150: Object{genes: Object{HGNC:1052: ..., HGNC:2974: ...}, id: 'MONDO:0008048', label: 'autosomal dominant centronuclear myopathy'}, OMIM:175780: Object{genes: Object{HGNC:2202: ...}, id: 'MONDO:0008289', label: 'porencephaly 1'}, OMIM:193700: Object{genes: Object{HGNC:19082: ..., HGNC:7573: ...}, id: 'MONDO:0008675', label: 'freeman-Sheldon syndrome'}, OMIM:193900: Object{genes: Object{HGNC:6441: ...}, id: 'MONDO:0008676', label: 'white sponge nevus 1'}, OMIM:208000: Object{genes: Object{HGNC:3356: ...}, id: 'MONDO:0008817', label: 'arterial calcification, generalized, of infancy, 1'}, OMIM:222100: null, OMIM:228550: Object{genes: Object{HGNC:8804: ...}, id: 'MONDO:0009227', label: 'myofibromatosis, infantile, 1'}, OMIM:600496: Object{genes: Object{HGNC:11621: ...}, id: 'MONDO:0010894', label: 'maturity-onset diabetes of the young type 3'}, OMIM:612520: Object{genes: Object{HGNC:11621: ...}, id: 'MONDO:0012919', label: 'type 1 diabetes mellitus 20'}, OMIM:613659: Object{genes: Object{HGNC:1500: ..., HGNC:2235: ..., HGNC:3430: ..., HGNC:3689: ..., HGNC:583: ..., HGNC:6116: ..., HGNC:7527: ..., HGNC:8975: ...}, id: 'MONDO:0001056', label: 'gastric cancer'}, OMIM:613722: Object{genes: Object{HGNC:15917: ...}, id: 'MONDO:0013389', label: 'epileptic encephalopathy, early infantile, 12'}, OMIM:613829: Object{genes: Object{HGNC:2383: ...}, id: 'MONDO:0013449', label: 'Leber congenital amaurosis 7'}, OMIM:615007: Object{genes: Object{HGNC:8804: ...}, id: 'MONDO:0014004', label: 'basal ganglia calcification, idiopathic, 4'}, OMIM:617013: Object{genes: Object{HGNC:20858: ...}, id: 'MONDO:0014864', label: 'hypermanganesemia with dystonia 2'}, OMIM:618123: Object{genes: Object{HGNC:4317: ...}, id: 'MONDO:0029130', label: 'polydactyly, postaxial, type A8'}, OMIM:618415: null, OMIM:618436: null, OMIM:618469: null, OMIM:618564: null, Orphanet:1146: Object{genes: Object{HGNC:11946: ..., HGNC:11950: ..., HGNC:12011: ..., HGNC:19082: ..., HGNC:7549: ..., HGNC:7573: ...}, id: 'MONDO:0015240', label: 'digitotalar dysmorphism'}, Orphanet:1147: Object{genes: Object{HGNC:11946: ..., HGNC:11950: ..., HGNC:12011: ..., HGNC:19082: ..., HGNC:7573: ...}, id: 'MONDO:0011128', label: 'Sheldon-hall syndrome'}, Orphanet:1540: Object{genes: Object{HGNC:3688: ..., HGNC:3689: ...}, id: 'MONDO:0007400', label: 'Jackson-Weiss syndrome'}, Orphanet:1555: Object{genes: Object{HGNC:3689: ...}, id: 'MONDO:0007412', label: 'Beare-Stevenson cutis gyrata syndrome'}, Orphanet:157716: Object{genes: Object{HGNC:3257: ..., HGNC:3258: ..., HGNC:3259: ..., HGNC:3260: ..., HGNC:3261: ...}, id: 'MONDO:0015520', label: 'late infantile CACH syndrome'}, Orphanet:168624: Object{genes: Object{HGNC:3689: ...}, id: 'MONDO:0012307', label: 'familial scaphocephaly syndrome, McGillivray type'}, Orphanet:169189: Object{genes: Object{HGNC:1052: ..., HGNC:2974: ...}, id: 'MONDO:0008048', label: 'autosomal dominant centronuclear myopathy'}, Orphanet:1756: null, Orphanet:1872: Object{genes: Object{HGNC:10295: ..., HGNC:10729: ..., HGNC:12565: ..., HGNC:1260: ..., HGNC:13436: ..., HGNC:1393: ..., HGNC:14550: ..., HGNC:17282: ..., HGNC:17877: ..., HGNC:18286: ..., HGNC:19963: ..., HGNC:20202: ..., HGNC:21043: ..., HGNC:2150: ..., HGNC:216: ..., HGNC:2383: ..., HGNC:27232: ..., HGNC:28769: ..., HGNC:30836: ..., HGNC:34: ..., HGNC:4206: ..., HGNC:4678: ..., HGNC:4689: ..., HGNC:791: ..., HGNC:9454: ..., HGNC:9768: ..., HGNC:9936: ..., HGNC:9942: ...}, id: 'MONDO:0015993', label: 'cone-rod dystrophy'}, Orphanet:1980: Object{genes: Object{HGNC:10947: ..., HGNC:12827: ..., HGNC:19918: ..., HGNC:8800: ..., HGNC:8804: ...}, id: 'MONDO:0008947', label: 'bilateral striopallidodentate calcinosis'}, Orphanet:2053: Object{genes: Object{HGNC:19082: ..., HGNC:7573: ...}, id: 'MONDO:0008675', label: 'freeman-Sheldon syndrome'}, Orphanet:207: Object{genes: Object{HGNC:3444: ..., HGNC:3689: ...}, id: 'MONDO:0007405', label: 'Crouzon syndrome'}, Orphanet:228179: Object{genes: Object{HGNC:2974: ...}, id: 'MONDO:0016431', label: 'autosomal dominant Charcot-Marie-Tooth disease type 2M'}, Orphanet:2363: Object{genes: Object{HGNC:3666: ..., HGNC:3689: ..., HGNC:3690: ...}, id: 'MONDO:0007872', label: 'LADD syndrome'}, Orphanet:2407: Object{genes: Object{HGNC:6483: ...}, id: 'MONDO:0009513', label: 'laryngo-onycho-cutaneous syndrome'}, Orphanet:251393: Object{genes: Object{HGNC:2194: ..., HGNC:6158: ...}, id: 'MONDO:0016673', label: 'localized junctional epidermolysis bullosa, non-Herlitz type'}, Orphanet:2591: Object{genes: Object{HGNC:7883: ..., HGNC:8804: ...}, id: 'MONDO:0016824', label: 'myofibromatosis'}, Orphanet:261: null, Orphanet:276238: Object{genes: Object{HGNC:7106: ...}, id: 'MONDO:0017174', label: 'Machado-Joseph disease type 1'}, Orphanet:276241: Object{genes: Object{HGNC:7106: ...}, id: 'MONDO:0017175', label: 'Machado-Joseph disease type 2'}, Orphanet:276244: Object{genes: Object{HGNC:7106: ...}, id: 'MONDO:0017176', label: 'Machado-Joseph disease type 3'}, Orphanet:289: Object{genes: Object{HGNC:19747: ..., HGNC:24595: ..., HGNC:3497: ..., HGNC:4317: ...}, id: 'MONDO:0009162', label: 'Ellis-van Creveld syndrome'}, Orphanet:289176: Object{genes: Object{HGNC:2932: ..., HGNC:3356: ...}, id: 'MONDO:0017324', label: 'autosomal recessive hypophosphatemic rickets'}, Orphanet:2990: Object{genes: Object{HGNC:1967: ..., HGNC:7573: ...}, id: 'MONDO:0009926', label: 'autosomal recessive multiple pterygium syndrome'}, Orphanet:313855: Object{genes: Object{HGNC:3689: ...}, id: 'MONDO:0013815', label: 'FGFR2-related bent bone dysplasia'}, Orphanet:324561: Object{genes: Object{HGNC:3356: ...}, id: 'MONDO:0014227', label: 'hypopigmentation-punctate palmoplantar keratoderma syndrome'}, Orphanet:324575: Object{genes: Object{HGNC:11621: ...}, id: 'MONDO:0017935', label: 'hyperinsulinism due to HNF1A deficiency'}, Orphanet:3451: Object{genes: Object{HGNC:10588: ..., HGNC:10866: ..., HGNC:11142: ..., HGNC:11273: ..., HGNC:11411: ..., HGNC:11444: ..., HGNC:11968: ..., HGNC:15917: ..., HGNC:18060: ..., HGNC:20990: ..., HGNC:25799: ..., HGNC:28912: ..., HGNC:4586: ..., HGNC:8032: ..., HGNC:8957: ...}, id: 'MONDO:0018097', label: 'West syndrome'}, Orphanet:363409: Object{genes: Object{HGNC:2974: ...}, id: 'MONDO:0014149', label: 'fetal akinesia-cerebral and retinal hemorrhage syndrome'}, Orphanet:363665: Object{genes: Object{HGNC:8804: ...}, id: 'MONDO:0011150', label: 'acroosteolysis-keloid-like lesions-premature aging syndrome'}, Orphanet:422526: null, Orphanet:443098: null, Orphanet:449: null, Orphanet:464306: Object{genes: Object{HGNC:3091: ...}, id: 'MONDO:0013578', label: 'DYRK1A-related intellectual disability syndrome'}, Orphanet:477831: Object{genes: Object{HGNC:8804: ...}, id: 'MONDO:0014704', label: 'skeletal overgrowth-craniofacial dysmorphism-hyperelastic skin-white matter lesions syndrome'}, Orphanet:521406: Object{genes: Object{HGNC:20858: ...}, id: 'MONDO:0014864', label: 'hypermanganesemia with dystonia 2'}, Orphanet:552: Object{genes: Object{HGNC:1057: ..., HGNC:11621: ..., HGNC:11811: ..., HGNC:1848: ..., HGNC:24035: ..., HGNC:4195: ..., HGNC:5024: ..., HGNC:59: ..., HGNC:6081: ..., HGNC:6107: ..., HGNC:6257: ..., HGNC:7762: ..., HGNC:8618: ...}, id: 'MONDO:0018911', label: 'maturity-onset diabetes of the young (disease)'}, Orphanet:65: Object{genes: Object{HGNC:10294: ..., HGNC:12423: ..., HGNC:13436: ..., HGNC:17877: ..., HGNC:19689: ..., HGNC:19977: ..., HGNC:20080: ..., HGNC:20423: ..., HGNC:2343: ..., HGNC:2383: ..., HGNC:28949: ..., HGNC:29021: ..., HGNC:29077: ..., HGNC:31923: ..., HGNC:359: ..., HGNC:4221: ..., HGNC:4689: ..., HGNC:6052: ..., HGNC:6259: ..., HGNC:6685: ..., HGNC:8754: ...}, id: 'MONDO:0018998', label: 'Leber congenital amaurosis'}, Orphanet:65743: Object{genes: Object{HGNC:7573: ...}, id: 'MONDO:0008338', label: 'autosomal dominant multiple pterygium syndrome'}, Orphanet:710: Object{genes: Object{HGNC:3688: ..., HGNC:3689: ...}, id: 'MONDO:0007043', label: 'Pfeiffer syndrome'}, Orphanet:71529: Object{genes: Object{HGNC:6932: ...}, id: 'MONDO:0019115', label: 'obesity due to melanocortin 4 receptor deficiency'}, Orphanet:73229: Object{genes: Object{HGNC:2202: ...}, id: 'MONDO:0012726', label: 'autosomal dominant familial hematuria-retinal arteriolar tortuosity-contractures syndrome'}, Orphanet:75326: Object{genes: Object{HGNC:2202: ...}, id: 'MONDO:0008373', label: 'retinal arterial tortuosity (disease)'}, Orphanet:758: Object{genes: Object{HGNC:3356: ..., HGNC:57: ...}, id: 'MONDO:0009925', label: 'inherited pseudoxanthoma elasticum'}, Orphanet:791: Object{genes: Object{HGNC:10012: ..., HGNC:10024: ..., HGNC:10254: ..., HGNC:10263: ..., HGNC:10274: ..., HGNC:10288: ..., HGNC:10294: ..., HGNC:10295: ..., HGNC:10521: ..., HGNC:10729: ..., HGNC:12406: ..., HGNC:12423: ..., HGNC:12601: ..., HGNC:12605: ..., HGNC:12703: ..., HGNC:13081: ..., HGNC:13210: ..., HGNC:1375: ..., HGNC:14550: ..., HGNC:15446: ..., HGNC:15646: ..., HGNC:15860: ..., HGNC:15865: ..., HGNC:17090: ..., HGNC:17146: ..., HGNC:17211: ..., HGNC:17340: ..., HGNC:17348: ..., HGNC:17349: ..., HGNC:18362: ..., HGNC:19139: ..., HGNC:19977: ..., HGNC:20041: ..., HGNC:20087: ..., HGNC:20423: ..., HGNC:20603: ..., HGNC:20606: ..., HGNC:2148: ..., HGNC:2151: ..., HGNC:21555: ..., HGNC:21575: ..., HGNC:21653: ..., HGNC:21699: ..., HGNC:22219: ..., HGNC:2343: ..., HGNC:2383: ..., HGNC:2567: ..., HGNC:25808: ..., HGNC:26147: ..., HGNC:26498: ..., HGNC:26527: ..., HGNC:27232: ..., HGNC:29077: ..., HGNC:29326: ..., HGNC:30078: ..., HGNC:30391: ..., HGNC:30859: ..., HGNC:32528: ..., HGNC:34: ..., HGNC:34383: ..., HGNC:348: ..., HGNC:3960: ..., HGNC:4679: ..., HGNC:5385: ..., HGNC:6052: ..., HGNC:6685: ..., HGNC:6816: ..., HGNC:694: ..., HGNC:7027: ..., HGNC:7745: ..., HGNC:7974: ..., HGNC:8002: ..., HGNC:8785: ..., HGNC:8786: ..., HGNC:8789: ..., HGNC:9454: ..., HGNC:967: ..., HGNC:9921: ..., HGNC:9942: ..., HGNC:9990: ...}, id: 'MONDO:0019200', label: 'retinitis pigmentosa'}, Orphanet:79333: Object{genes: Object{HGNC:18622: ...}, id: 'MONDO:0012118', label: 'COG7-CDG'}, Orphanet:794: Object{genes: Object{HGNC:12428: ..., HGNC:3689: ...}, id: 'MONDO:0007042', label: 'Saethre-Chotzen syndrome'}, Orphanet:79402: Object{genes: Object{HGNC:2194: ..., HGNC:6158: ..., HGNC:6483: ..., HGNC:6490: ..., HGNC:6493: ...}, id: 'MONDO:0019307', label: 'generalized junctional epidermolysis bullosa non-Herlitz type'}, Orphanet:79404: Object{genes: Object{HGNC:6483: ..., HGNC:6490: ..., HGNC:6493: ...}, id: 'MONDO:0009182', label: 'junctional epidermolysis bullosa Herlitz type'}, Orphanet:83: Object{genes: Object{HGNC:3689: ...}, id: 'MONDO:0008803', label: 'Antley-Bixler syndrome'}, Orphanet:839: Object{genes: Object{HGNC:7908: ...}, id: 'MONDO:0009732', label: 'congenital nephrotic syndrome, Finnish type'}, Orphanet:86830: null, Orphanet:87: Object{genes: Object{HGNC:3689: ...}, id: 'MONDO:0007041', label: 'apert syndrome'}, Orphanet:899: Object{genes: Object{HGNC:13530: ..., HGNC:15685: ..., HGNC:17997: ..., HGNC:19139: ..., HGNC:19743: ..., HGNC:2202: ..., HGNC:25902: ..., HGNC:26267: ..., HGNC:2666: ..., HGNC:28596: ..., HGNC:3622: ..., HGNC:37276: ..., HGNC:6511: ..., HGNC:9202: ...}, id: 'MONDO:0019523', label: 'Walker-Warburg syndrome'}, Orphanet:93258: Object{genes: Object{HGNC:3688: ..., HGNC:3689: ...}, id: 'MONDO:0019659', label: 'Pfeiffer syndrome type 1'}, Orphanet:93259: Object{genes: Object{HGNC:3689: ...}, id: 'MONDO:0019660', label: 'Pfeiffer syndrome type 2'}, Orphanet:93260: Object{genes: Object{HGNC:3689: ...}, id: 'MONDO:0019661', label: 'Pfeiffer syndrome type 3'}, Orphanet:93339: Object{genes: Object{HGNC:4317: ...}, id: 'MONDO:0008269', label: 'polydactyly of a biphalangeal thumb'}, Orphanet:98757: Object{genes: Object{HGNC:7106: ...}, id: 'MONDO:0007182', label: 'Machado-Joseph disease'}, Orphanet:98853: Object{genes: Object{HGNC:17084: ..., HGNC:17089: ..., HGNC:28472: ..., HGNC:6636: ...}, id: 'MONDO:0020336', label: 'autosomal dominant Emery-Dreifuss muscular dystrophy'}}
,HeadlessChrome 86.0.4240 (Windows 10.0.0) LOG: [Object{name: Object{label: ..., id: ..., infogene: ...}, score: 100, matches: [...], genes: [], scoregenes: 0, iscondition: false}, Object{name: Object{label: ..., id: ..., infogene: ...}, score: 100, matches: [...], genes: [], scoregenes: 0, iscondition: false}, Object{name: Object{label: ..., id: ..., infogene: ...}, score: 100, matches: [...], genes: [], scoregenes: 0, iscondition: false}, Object{name: Object{label: ..., id: ...}, score: 100, matches: [...], genes: [...], scoregenes: 85, iscondition: true}, Object{name: Object{label: ..., id: ..., infogene: ...}, score: 100, matches: [...], genes: [], scoregenes: 0, iscondition: false}, Object{name: Object{label: ..., id: ..., infogene: ...}, score: 100, matches: [...], genes: [], scoregenes: 0, iscondition: false}, Object{name: Object{label: ..., id: ...}, score: 100, matches: [...], genes: [..., ..., ...], scoregenes: 0, iscondition: true}, Object{name: Object{label: ..., id: ..., infogene: ...}, score: 100, matches: [...], genes: [], scoregenes: 0, iscondition: false}, Object{name: Object{label: ..., id: ..., infogene: ...}, score: 100, matches: [...], genes: [], scoregenes: 0, iscondition: false}, Object{name: Object{label: ..., id: ..., infogene: ...}, score: 100, matches: [...], genes: [], scoregenes: 0, iscondition: false}, Object{name: Object{label: ..., id: ...}, score: 100, matches: [...], genes: [...], scoregenes: 0, iscondition: false}, Object{name: Object{label: ..., id: ..., infogene: ...}, score: 100, matches: [...], genes: [], scoregenes: 0, iscondition: false}, Object{name: Object{label: ..., id: ..., infogene: ...}, score: 100, matches: [...], genes: [], scoregenes: 0, iscondition: false}, Object{name: Object{label: ..., id: ..., infogene: ...}, score: 100, matches: [...], genes: [], scoregenes: 0, iscondition: false}, Object{name: Object{label: ..., id: ..., infogene: ...}, score: 100, matches: [...], genes: [], scoregenes: 0, iscondition: false}, Object{name: Object{label: ..., id: ..., infogene: ...}, score: 100, matches: [...], genes: [], scoregenes: 0, iscondition: false}, Object{name: Object{label: ..., id: ...}, score: 100, matches: [...], genes: [...], scoregenes: -365, iscondition: true}, Object{name: Object{label: ..., id: ..., infogene: ...}, score: 100, matches: [...], genes: [], scoregenes: 0, iscondition: false}, Object{name: Object{label: ..., id: ..., infogene: ...}, score: 100, matches: [...], genes: [], scoregenes: 0, iscondition: false}, Object{name: Object{label: ..., id: ...}, score: 100, matches: [...], genes: [...], scoregenes: 0, iscondition: true}, Object{name: Object{label: ..., id: ..., infogene: ...}, score: 100, matches: [...], genes: [], scoregenes: 0, iscondition: false}, Object{name: Object{label: ..., id: ...}, score: 100, matches: [...], genes: [...], scoregenes: 0, iscondition: true}, Object{name: Object{label: ..., id: ..., infogene: ...}, score: 100, matches: [...], genes: [], scoregenes: 0, iscondition: false}, Object{name: Object{label: ..., id: ...}, score: 100, matches: [...], genes: [...], scoregenes: 0, iscondition: true}, Object{name: Object{label: ..., id: ..., infogene: ...}, score: 100, matches: [...], genes: [], scoregenes: 0, iscondition: false}, Object{name: Object{label: ..., id: ..., infogene: ...}, score: 100, matches: [...], genes: [], scoregenes: 0, iscondition: false}, Object{name: Object{label: ..., id: ..., infogene: ...}, score: 100, matches: [...], genes: [], scoregenes: 0, iscondition: false}, Object{name: Object{label: ..., id: ..., infogene: ...}, score: 100, matches: [...], genes: [], scoregenes: 0, iscondition: false}, Object{name: Object{label: ..., id: ..., infogene: ...}, score: 100, matches: [...], genes: [], scoregenes: 0, iscondition: false}, Object{name: Object{label: ..., id: ...}, score: 100, matches: [...], genes: [...], scoregenes: 0, iscondition: true}, Object{name: Object{label: ..., id: ..., infogene: ...}, score: 100, matches: [...], genes: [], scoregenes: 0, iscondition: false}, Object{name: Object{label: ..., id: ...}, score: 100, matches: [...], genes: [...], scoregenes: 0, iscondition: true}, Object{name: Object{label: ..., id: ...}, score: 95, matches: [...], genes: [...], scoregenes: 0, iscondition: true}, Object{name: Object{label: ..., id: ..., infogene: ...}, score: 93, matches: [...], genes: [], scoregenes: 0, iscondition: false}, Object{name: Object{label: ..., id: ..., infogene: ...}, score: 92, matches: [...], genes: [], scoregenes: 0, iscondition: false}, Object{name: Object{label: ..., id: ..., infogene: ...}, score: 91, matches: [...], genes: [], scoregenes: 0, iscondition: false}, Object{name: Object{label: ..., id: ..., infogene: ...}, score: 91, matches: [...], genes: [], scoregenes: 0, iscondition: false}, Object{name: Object{label: ..., id: ...}, score: 91, matches: [...], genes: [...], scoregenes: 0, iscondition: true}, Object{name: Object{label: ..., id: ..., infogene: ...}, score: 91, matches: [...], genes: [], scoregenes: 0, iscondition: false}, Object{name: Object{label: ..., id: ..., infogene: ...}, score: 90, matches: [...], genes: [], scoregenes: 0, iscondition: false}, Object{name: Object{label: ..., id: ..., infogene: ...}, score: 90, matches: [...], genes: [], scoregenes: 0, iscondition: false}, Object{name: Object{label: ..., id: ...}, score: 88, matches: [...], genes: [...], scoregenes: 0, iscondition: true}, Object{name: Object{label: ..., id: ..., infogene: ...}, score: 88, matches: [...], genes: [], scoregenes: 0, iscondition: false}, Object{name: Object{label: ..., id: ..., infogene: ...}, score: 87, matches: [...], genes: [], scoregenes: 0, iscondition: false}, Object{name: Object{label: ..., id: ...}, score: 87, matches: [...], genes: [...], scoregenes: 0, iscondition: true}, Object{name: Object{label: ..., id: ..., infogene: ...}, score: 87, matches: [...], genes: [], scoregenes: 0, iscondition: false}, Object{name: Object{label: ..., id: ..., infogene: ...}, score: 87, matches: [...], genes: [], scoregenes: 0, iscondition: false}, Object{name: Object{label: ..., id: ..., infogene: ...}, score: 87, matches: [...], genes: [], scoregenes: 0, iscondition: false}, Object{name: Object{label: ..., id: ...}, score: 87, matches: [...], genes: [...], scoregenes: 0, iscondition: true}, Object{name: Object{label: ..., id: ..., infogene: ...}, score: 87, matches: [...], genes: [], scoregenes: 0, iscondition: false}, Object{name: Object{label: ..., id: ..., infogene: ...}, score: 87, matches: [...], genes: [], scoregenes: 0, iscondition: false}, Object{name: Object{label: ..., id: ..., infogene: ...}, score: 87, matches: [...], genes: [], scoregenes: 0, iscondition: false}, Object{name: Object{label: ..., id: ...}, score: 87, matches: [...], genes: [...], scoregenes: 0, iscondition: true}, Object{name: Object{label: ..., id: ...}, score: 87, matches: [...], genes: [...], scoregenes: 0, iscondition: true}, Object{name: Object{label: ..., id: ...}, score: 87, matches: [...], genes: [...], scoregenes: 0, iscondition: true}, Object{name: Object{label: ..., id: ..., infogene: ...}, score: 87, matches: [...], genes: [], scoregenes: 0, iscondition: false}, Object{name: Object{label: ..., id: ...}, score: 86, matches: [...], genes: [...], scoregenes: 0, iscondition: true}, Object{name: Object{label: ..., id: ...}, score: 85, matches: [...], genes: [...], scoregenes: 0, iscondition: false}, Object{name: Object{label: ..., id: ...}, score: 83, matches: [...], genes: [...], scoregenes: 100, iscondition: true}, Object{name: Object{label: ..., id: ..., infogene: ...}, score: 83, matches: [...], genes: [], scoregenes: 0, iscondition: false}, Object{name: Object{label: ..., id: ..., infogene: ...}, score: 83, matches: [...], genes: [], scoregenes: 0, iscondition: false}, Object{name: Object{label: ..., id: ...}, score: 83, matches: [...], genes: [...], scoregenes: 80, iscondition: true}, Object{name: Object{label: ..., id: ..., infogene: ...}, score: 83, matches: [...], genes: [], scoregenes: 0, iscondition: false}, Object{name: Object{label: ..., id: ..., infogene: ...}, score: 83, matches: [...], genes: [], scoregenes: 0, iscondition: false}, Object{name: Object{label: ..., id: ..., infogene: ...}, score: 83, matches: [...], genes: [], scoregenes: 0, iscondition: false}, Object{name: Object{label: ..., id: ..., infogene: ...}, score: 80, matches: [...], genes: [], scoregenes: 0, iscondition: false}, Object{name: Object{label: ..., id: ..., infogene: ...}, score: 80, matches: [...], genes: [], scoregenes: 0, iscondition: false}, Object{name: Object{label: ..., id: ..., infogene: ...}, score: 80, matches: [...], genes: [], scoregenes: 0, iscondition: false}, Object{name: Object{label: ..., id: ..., infogene: ...}, score: 80, matches: [...], genes: [], scoregenes: 0, iscondition: false}, Object{name: Object{label: ..., id: ..., infogene: ...}, score: 80, matches: [...], genes: [], scoregenes: 0, iscondition: false}, Object{name: Object{label: ..., id: ...}, score: 80, matches: [...], genes: [...], scoregenes: 0, iscondition: true}, Object{name: Object{label: ..., id: ..., infogene: ...}, score: 80, matches: [...], genes: [], scoregenes: 0, iscondition: false}, Object{name: Object{label: ..., id: ..., infogene: ...}, score: 80, matches: [...], genes: [], scoregenes: 0, iscondition: false}, Object{name: Object{label: ..., id: ..., infogene: ...}, score: 80, matches: [...], genes: [], scoregenes: 0, iscondition: false}, Object{name: Object{label: ..., id: ..., infogene: ...}, score: 80, matches: [...], genes: [], scoregenes: 0, iscondition: false}, Object{name: Object{label: ..., id: ...}, score: 80, matches: [...], genes: [...], scoregenes: 0, iscondition: true}, Object{name: Object{label: ..., id: ..., infogene: ...}, score: 80, matches: [...], genes: [], scoregenes: 0, iscondition: false}, Object{name: Object{label: ..., id: ..., infogene: ...}, score: 80, matches: [...], genes: [], scoregenes: 0, iscondition: false}, Object{name: Object{label: ..., id: ..., infogene: ...}, score: 80, matches: [...], genes: [], scoregenes: 0, iscondition: false}, Object{name: Object{label: ..., id: ...}, score: 78, matches: [...], genes: [...], scoregenes: 60, iscondition: true}, Object{name: Object{label: ..., id: ...}, score: 77, matches: [...], genes: [..., ..., ..., ..., ...], scoregenes: 0, iscondition: false}, Object{name: Object{label: ..., id: ..., infogene: ...}, score: 77, matches: [...], genes: [], scoregenes: 0, iscondition: false}, Object{name: Object{label: ..., id: ...}, score: 76, matches: [...], genes: [...], scoregenes: 0, iscondition: true}, Object{name: Object{label: ..., id: ...}, score: 76, matches: [...], genes: [..., ..., ...], scoregenes: 0, iscondition: false}, Object{name: Object{label: ..., id: ...}, score: 75, matches: [...], genes: [...], scoregenes: 0, iscondition: true}, Object{name: Object{label: ..., id: ..., infogene: ...}, score: 75, matches: [...], genes: [], scoregenes: 0, iscondition: false}, Object{name: Object{label: ..., id: ..., infogene: ...}, score: 75, matches: [...], genes: [], scoregenes: 0, iscondition: false}, Object{name: Object{label: ..., id: ...}, score: 75, matches: [...], genes: [...], scoregenes: 0, iscondition: true}, Object{name: Object{label: ..., id: ..., infogene: ...}, score: 75, matches: [...], genes: [], scoregenes: 0, iscondition: false}, Object{name: Object{label: ..., id: ..., infogene: ...}, score: 75, matches: [...], genes: [], scoregenes: 0, iscondition: false}, Object{name: Object{label: ..., id: ...}, score: 75, matches: [...], genes: [...], scoregenes: 0, iscondition: true}, Object{name: Object{label: ..., id: ..., infogene: ...}, score: 75, matches: [...], genes: [], scoregenes: 0, iscondition: false}, Object{name: Object{label: ..., id: ...}, score: 75, matches: [...], genes: [...], scoregenes: 0, iscondition: true}, Object{name: Object{label: ..., id: ..., infogene: ...}, score: 75, matches: [...], genes: [], scoregenes: 0, iscondition: false}, Object{name: Object{label: ..., id: ..., infogene: ...}, score: 75, matches: [...], genes: [], scoregenes: 0, iscondition: false}, Object{name: Object{label: ..., id: ...}, score: 75, matches: [...], genes: [...], scoregenes: 0, iscondition: true}, Object{name: Object{label: ..., id: ...}, score: 75, matches: [...], genes: [...], scoregenes: -395, iscondition: true}, Object{name: Object{label: ..., id: ...}, score: 75, matches: [...], genes: [..., ..., ...], scoregenes: 0, iscondition: false}, Object{name: Object{label: ..., id: ..., infogene: ...}, score: 75, matches: [...], genes: [], scoregenes: 0, iscondition: false}, Object{name: Object{label: ..., id: ..., infogene: ...}, score: 75, matches: [...], genes: [], scoregenes: 0, iscondition: false}]
,HeadlessChrome 86.0.4240 (Windows 10.0.0) LOG: [Object{name: Object{label: ..., id: ...}, score: 100, matches: [...], genes: [...], scoregenes: 85, iscondition: true}, Object{name: Object{label: ..., id: ...}, score: 100, matches: [...], genes: [..., ..., ...], scoregenes: 0, iscondition: true}, Object{name: Object{label: ..., id: ...}, score: 100, matches: [...], genes: [...], scoregenes: -365, iscondition: true}, Object{name: Object{label: ..., id: ...}, score: 100, matches: [...], genes: [...], scoregenes: 0, iscondition: true}, Object{name: Object{label: ..., id: ...}, score: 100, matches: [...], genes: [...], scoregenes: 0, iscondition: true}, Object{name: Object{label: ..., id: ...}, score: 100, matches: [...], genes: [...], scoregenes: 0, iscondition: true}, Object{name: Object{label: ..., id: ...}, score: 100, matches: [...], genes: [...], scoregenes: 0, iscondition: true}, Object{name: Object{label: ..., id: ...}, score: 100, matches: [...], genes: [...], scoregenes: 0, iscondition: true}, Object{name: Object{label: ..., id: ...}, score: 95, matches: [...], genes: [...], scoregenes: 0, iscondition: true}, Object{name: Object{label: ..., id: ...}, score: 91, matches: [...], genes: [...], scoregenes: 0, iscondition: true}, Object{name: Object{label: ..., id: ...}, score: 88, matches: [...], genes: [...], scoregenes: 0, iscondition: true}, Object{name: Object{label: ..., id: ...}, score: 87, matches: [...], genes: [...], scoregenes: 0, iscondition: true}, Object{name: Object{label: ..., id: ...}, score: 87, matches: [...], genes: [...], scoregenes: 0, iscondition: true}, Object{name: Object{label: ..., id: ...}, score: 87, matches: [...], genes: [...], scoregenes: 0, iscondition: true}, Object{name: Object{label: ..., id: ...}, score: 87, matches: [...], genes: [...], scoregenes: 0, iscondition: true}, Object{name: Object{label: ..., id: ...}, score: 87, matches: [...], genes: [...], scoregenes: 0, iscondition: true}, Object{name: Object{label: ..., id: ...}, score: 86, matches: [...], genes: [...], scoregenes: 0, iscondition: true}, Object{name: Object{label: ..., id: ...}, score: 83, matches: [...], genes: [...], scoregenes: 100, iscondition: true}, Object{name: Object{label: ..., id: ...}, score: 83, matches: [...], genes: [...], scoregenes: 80, iscondition: true}, Object{name: Object{label: ..., id: ...}, score: 80, matches: [...], genes: [...], scoregenes: 0, iscondition: true}, Object{name: Object{label: ..., id: ...}, score: 80, matches: [...], genes: [...], scoregenes: 0, iscondition: true}, Object{name: Object{label: ..., id: ...}, score: 78, matches: [...], genes: [...], scoregenes: 60, iscondition: true}, Object{name: Object{label: ..., id: ...}, score: 76, matches: [...], genes: [...], scoregenes: 0, iscondition: true}, Object{name: Object{label: ..., id: ...}, score: 75, matches: [...], genes: [...], scoregenes: 0, iscondition: true}, Object{name: Object{label: ..., id: ...}, score: 75, matches: [...], genes: [...], scoregenes: 0, iscondition: true}, Object{name: Object{label: ..., id: ...}, score: 75, matches: [...], genes: [...], scoregenes: 0, iscondition: true}, Object{name: Object{label: ..., id: ...}, score: 75, matches: [...], genes: [...], scoregenes: 0, iscondition: true}, Object{name: Object{label: ..., id: ...}, score: 75, matches: [...], genes: [...], scoregenes: 0, iscondition: true}, Object{name: Object{label: ..., id: ...}, score: 75, matches: [...], genes: [...], scoregenes: -395, iscondition: true}]
,HeadlessChrome 86.0.4240 (Windows 10.0.0) LOG: [Object{name: Object{label: ..., id: ...}, score: 83, matches: [...], genes: [...], scoregenes: 100, iscondition: true, symptoms: [..., ..., ..., ..., ..., ...], h29: 94, color: '#77ed60'}, Object{name: Object{label: ..., id: ...}, score: 100, matches: [...], genes: [...], scoregenes: 85, iscondition: true, symptoms: [..., ..., ...], h29: 90, color: '#76e765'}, Object{name: Object{label: ..., id: ...}, score: 83, matches: [...], genes: [...], scoregenes: 80, iscondition: true, symptoms: [..., ..., ..., ..., ...], h29: 81, color: '#73da70'}, Object{name: Object{label: ..., id: ...}, score: 78, matches: [...], genes: [...], scoregenes: 60, iscondition: true, symptoms: [..., ..., ..., ..., ...], h29: 66, color: '#6dc382'}, Object{name: Object{label: ..., id: ...}, score: 100, matches: [...], genes: [..., ..., ...], scoregenes: 0, iscondition: true, symptoms: [..., ..., ..., ...], h29: 33, color: '#6292ab'}, Object{name: Object{label: ..., id: ...}, score: 100, matches: [...], genes: [...], scoregenes: 0, iscondition: true, symptoms: [...], h29: 33, color: '#6292ab'}, Object{name: Object{label: ..., id: ...}, score: 100, matches: [...], genes: [...], scoregenes: 0, iscondition: true, symptoms: [..., ..., ..., ...], h29: 33, color: '#6292ab'}, Object{name: Object{label: ..., id: ...}, score: 100, matches: [...], genes: [...], scoregenes: 0, iscondition: true, symptoms: [...], h29: 33, color: '#6292ab'}, Object{name: Object{label: ..., id: ...}, score: 100, matches: [...], genes: [...], scoregenes: 0, iscondition: true, symptoms: [...], h29: 33, color: '#6292ab'}, Object{name: Object{label: ..., id: ...}, score: 100, matches: [...], genes: [...], scoregenes: 0, iscondition: true, symptoms: [..., ..., ..., ..., ...], h29: 33, color: '#6292ab'}, Object{name: Object{label: ..., id: ...}, score: 95, matches: [...], genes: [...], scoregenes: 0, iscondition: true, symptoms: [..., ..., ..., ..., ..., ...], h29: 32, color: '#6290ac'}, Object{name: Object{label: ..., id: ...}, score: 91, matches: [...], genes: [...], scoregenes: 0, iscondition: true, symptoms: [..., ..., ...], h29: 30, color: '#618dae'}, Object{name: Object{label: ..., id: ...}, score: 88, matches: [...], genes: [...], scoregenes: 0, iscondition: true, symptoms: [..., ..., ..., ..., ...], h29: 29, color: '#618cb0'}, Object{name: Object{label: ..., id: ...}, score: 87, matches: [...], genes: [...], scoregenes: 0, iscondition: true, symptoms: [..., ..., ...], h29: 29, color: '#618cb0'}, Object{name: Object{label: ..., id: ...}, score: 87, matches: [...], genes: [...], scoregenes: 0, iscondition: true, symptoms: [..., ...], h29: 29, color: '#618cb0'}, Object{name: Object{label: ..., id: ...}, score: 87, matches: [...], genes: [...], scoregenes: 0, iscondition: true, symptoms: [..., ...], h29: 29, color: '#618cb0'}, Object{name: Object{label: ..., id: ...}, score: 87, matches: [...], genes: [...], scoregenes: 0, iscondition: true, symptoms: [..., ...], h29: 29, color: '#618cb0'}, Object{name: Object{label: ..., id: ...}, score: 87, matches: [...], genes: [...], scoregenes: 0, iscondition: true, symptoms: [..., ..., ...], h29: 29, color: '#618cb0'}, Object{name: Object{label: ..., id: ...}, score: 86, matches: [...], genes: [...], scoregenes: 0, iscondition: true, symptoms: [..., ..., ..., ..., ..., ..., ..., ...], h29: 29, color: '#618cb0'}, Object{name: Object{label: ..., id: ...}, score: 80, matches: [...], genes: [...], scoregenes: 0, iscondition: true, symptoms: [..., ..., ...], h29: 27, color: '#6089b2'}, Object{name: Object{label: ..., id: ...}, score: 80, matches: [...], genes: [...], scoregenes: 0, iscondition: true, symptoms: [..., ..., ...], h29: 27, color: '#6089b2'}, Object{name: Object{label: ..., id: ...}, score: 76, matches: [...], genes: [...], scoregenes: 0, iscondition: true, symptoms: [..., ..., ..., ..., ..., ..., ..., ..., ..., ..., ..., ..., ...], h29: 25, color: '#6086b5'}, Object{name: Object{label: ..., id: ...}, score: 75, matches: [...], genes: [...], scoregenes: 0, iscondition: true, symptoms: [..., ..., ..., ..., ..., ..., ..., ..., ...], h29: 25, color: '#6086b5'}, Object{name: Object{label: ..., id: ...}, score: 75, matches: [...], genes: [...], scoregenes: 0, iscondition: true, symptoms: [..., ..., ..., ..., ...], h29: 25, color: '#6086b5'}, Object{name: Object{label: ..., id: ...}, score: 75, matches: [...], genes: [...], scoregenes: 0, iscondition: true, symptoms: [..., ..., ..., ...], h29: 25, color: '#6086b5'}, Object{name: Object{label: ..., id: ...}, score: 75, matches: [...], genes: [...], scoregenes: 0, iscondition: true, symptoms: [..., ..., ..., ...], h29: 25, color: '#6086b5'}, Object{name: Object{label: ..., id: ...}, score: 75, matches: [...], genes: [...], scoregenes: 0, iscondition: true, symptoms: [..., ..., ..., ...], h29: 25, color: '#6086b5'}, Object{name: Object{label: ..., id: ...}, score: 100, matches: [...], genes: [...], scoregenes: -365, iscondition: true, symptoms: [..., ..., ..., ..., ..., ..., ..., ...], h29: -210, color: '#10-db1d3'}, Object{name: Object{label: ..., id: ...}, score: 75, matches: [...], genes: [...], scoregenes: -395, iscondition: true, symptoms: [..., ..., ...], h29: -238, color: '#00-1051f5'}]
,HeadlessChrome 86.0.4240 (Windows 10.0.0) LOG: 'save Notes'
,HeadlessChrome 86.0.4240 (Windows 10.0.0) WARN: 'Navigation triggered outside Angular zone, did you forget to call 'ngZone.run()'?'
,HeadlessChrome 86.0.4240 (Windows 10.0.0) LOG: 'cancel pending request'
,HeadlessChrome 86.0.4240 (Windows 10.0.0) LOG: []
,HeadlessChrome 86.0.4240 (Windows 10.0.0) LOG: []
,HeadlessChrome 86.0.4240 (Windows 10.0.0) LOG: [Object{name: Object{label: ..., id: ...}, score: 83, matches: [...], genes: [...], scoregenes: 100, iscondition: true, symptoms: [..., ..., ..., ..., ..., ...], h29: 94, color: '#77ed60'}, Object{name: Object{label: ..., id: ...}, score: 100, matches: [...], genes: [...], scoregenes: 85, iscondition: true, symptoms: [..., ..., ...], h29: 90, color: '#76e765'}, Object{name: Object{label: ..., id: ...}, score: 83, matches: [...], genes: [...], scoregenes: 80, iscondition: true, symptoms: [..., ..., ..., ..., ...], h29: 81, color: '#73da70'}, Object{name: Object{label: ..., id: ...}, score: 78, matches: [...], genes: [...], scoregenes: 60, iscondition: true, symptoms: [..., ..., ..., ..., ...], h29: 66, color: '#6dc382'}, Object{name: Object{label: ..., id: ...}, score: 100, matches: [...], genes: [..., ..., ...], scoregenes: 0, iscondition: true, symptoms: [..., ..., ..., ...], h29: 33, color: '#6292ab'}, Object{name: Object{label: ..., id: ...}, score: 100, matches: [...], genes: [...], scoregenes: 0, iscondition: true, symptoms: [...], h29: 33, color: '#6292ab'}, Object{name: Object{label: ..., id: ...}, score: 100, matches: [...], genes: [...], scoregenes: 0, iscondition: true, symptoms: [..., ..., ..., ...], h29: 33, color: '#6292ab'}, Object{name: Object{label: ..., id: ...}, score: 100, matches: [...], genes: [...], scoregenes: 0, iscondition: true, symptoms: [...], h29: 33, color: '#6292ab'}, Object{name: Object{label: ..., id: ...}, score: 100, matches: [...], genes: [...], scoregenes: 0, iscondition: true, symptoms: [...], h29: 33, color: '#6292ab'}, Object{name: Object{label: ..., id: ...}, score: 100, matches: [...], genes: [...], scoregenes: 0, iscondition: true, symptoms: [..., ..., ..., ..., ...], h29: 33, color: '#6292ab'}, Object{name: Object{label: ..., id: ...}, score: 95, matches: [...], genes: [...], scoregenes: 0, iscondition: true, symptoms: [..., ..., ..., ..., ..., ...], h29: 32, color: '#6290ac'}, Object{name: Object{label: ..., id: ...}, score: 91, matches: [...], genes: [...], scoregenes: 0, iscondition: true, symptoms: [..., ..., ...], h29: 30, color: '#618dae'}, Object{name: Object{label: ..., id: ...}, score: 88, matches: [...], genes: [...], scoregenes: 0, iscondition: true, symptoms: [..., ..., ..., ..., ...], h29: 29, color: '#618cb0'}, Object{name: Object{label: ..., id: ...}, score: 87, matches: [...], genes: [...], scoregenes: 0, iscondition: true, symptoms: [..., ..., ...], h29: 29, color: '#618cb0'}, Object{name: Object{label: ..., id: ...}, score: 87, matches: [...], genes: [...], scoregenes: 0, iscondition: true, symptoms: [..., ...], h29: 29, color: '#618cb0'}, Object{name: Object{label: ..., id: ...}, score: 87, matches: [...], genes: [...], scoregenes: 0, iscondition: true, symptoms: [..., ...], h29: 29, color: '#618cb0'}, Object{name: Object{label: ..., id: ...}, score: 87, matches: [...], genes: [...], scoregenes: 0, iscondition: true, symptoms: [..., ...], h29: 29, color: '#618cb0'}, Object{name: Object{label: ..., id: ...}, score: 87, matches: [...], genes: [...], scoregenes: 0, iscondition: true, symptoms: [..., ..., ...], h29: 29, color: '#618cb0'}, Object{name: Object{label: ..., id: ...}, score: 86, matches: [...], genes: [...], scoregenes: 0, iscondition: true, symptoms: [..., ..., ..., ..., ..., ..., ..., ...], h29: 29, color: '#618cb0'}, Object{name: Object{label: ..., id: ...}, score: 80, matches: [...], genes: [...], scoregenes: 0, iscondition: true, symptoms: [..., ..., ...], h29: 27, color: '#6089b2'}, Object{name: Object{label: ..., id: ...}, score: 80, matches: [...], genes: [...], scoregenes: 0, iscondition: true, symptoms: [..., ..., ...], h29: 27, color: '#6089b2'}, Object{name: Object{label: ..., id: ...}, score: 76, matches: [...], genes: [...], scoregenes: 0, iscondition: true, symptoms: [..., ..., ..., ..., ..., ..., ..., ..., ..., ..., ..., ..., ...], h29: 25, color: '#6086b5'}, Object{name: Object{label: ..., id: ...}, score: 75, matches: [...], genes: [...], scoregenes: 0, iscondition: true, symptoms: [..., ..., ..., ..., ..., ..., ..., ..., ...], h29: 25, color: '#6086b5'}, Object{name: Object{label: ..., id: ...}, score: 75, matches: [...], genes: [...], scoregenes: 0, iscondition: true, symptoms: [..., ..., ..., ..., ...], h29: 25, color: '#6086b5'}, Object{name: Object{label: ..., id: ...}, score: 75, matches: [...], genes: [...], scoregenes: 0, iscondition: true, symptoms: [..., ..., ..., ...], h29: 25, color: '#6086b5'}, Object{name: Object{label: ..., id: ...}, score: 75, matches: [...], genes: [...], scoregenes: 0, iscondition: true, symptoms: [..., ..., ..., ...], h29: 25, color: '#6086b5'}, Object{name: Object{label: ..., id: ...}, score: 75, matches: [...], genes: [...], scoregenes: 0, iscondition: true, symptoms: [..., ..., ..., ...], h29: 25, color: '#6086b5'}, Object{name: Object{label: ..., id: ...}, score: 100, matches: [...], genes: [...], scoregenes: -365, iscondition: true, symptoms: [..., ..., ..., ..., ..., ..., ..., ...], h29: -210, color: '#10-db1d3'}, Object{name: Object{label: ..., id: ...}, score: 75, matches: [...], genes: [...], scoregenes: -395, iscondition: true, symptoms: [..., ..., ...], h29: -238, color: '#00-1051f5'}]
,HeadlessChrome 86.0.4240 (Windows 10.0.0) LOG: 'save filters'
,HeadlessChrome 86.0.4240 (Windows 10.0.0) WARN: 'Navigation triggered outside Angular zone, did you forget to call 'ngZone.run()'?'
,HeadlessChrome 86.0.4240 (Windows 10.0.0) LOG: 'cancel pending request'
,HeadlessChrome 86.0.4240 (Windows 10.0.0) LOG: 'save filters'
,HeadlessChrome 86.0.4240 (Windows 10.0.0) WARN: 'Navigation triggered outside Angular zone, did you forget to call 'ngZone.run()'?'
,HeadlessChrome 86.0.4240 (Windows 10.0.0) LOG: 'cancel pending request'
,HeadlessChrome 86.0.4240 (Windows 10.0.0) LOG: 'ng on init'
,HeadlessChrome 86.0.4240 (Windows 10.0.0) LOG: 'cancel pending request'
,HeadlessChrome 86.0.4240 (Windows 10.0.0) LOG: 'cancel pending request'
,HeadlessChrome 86.0.4240 (Windows 10.0.0) LOG: Object{ATXN3: Object{diseases: Object{MONDO:0007182: ..., MONDO:0017174: ..., MONDO:0017175: ..., MONDO:0017176: ...}, id: 'HGNC:7106', label: 'ATXN3'}, AXIN1: Object{diseases: Object{MONDO:0007256: ..., MONDO:0016216: ...}, id: 'HGNC:903', label: 'AXIN1'}, BDKRB1: null, BICD1: null, CACNA2D3: null, CELSR1: null, CNTN3: null, COG7: Object{diseases: Object{MONDO:0012118: ...}, id: 'HGNC:18622', label: 'COG7'}, COL4A1: Object{diseases: Object{MONDO:0008289: ..., MONDO:0008373: ..., MONDO:0011865: ..., MONDO:0012726: ..., MONDO:0018786: ..., MONDO:0018829: ..., MONDO:0019523: ..., MONDO:0020496: ...}, id: 'HGNC:2202', label: 'COL4A1'}, CRX: Object{diseases: Object{MONDO:0007362: ..., MONDO:0013449: ..., MONDO:0015993: ..., MONDO:0018998: ..., MONDO:0019200: ...}, id: 'HGNC:2383', label: 'CRX'}, CRY2: null, CTBP2: null, CYP2E1: null, DELEC1: null, DNAH8: null, DNM2: Object{diseases: Object{MONDO:0008048: ..., MONDO:0011674: ..., MONDO:0014149: ..., MONDO:0016431: ...}, id: 'HGNC:2974', label: 'DNM2'}, DNMBP: Object{diseases: Object{MONDO:0021548: ...}, id: 'HGNC:30373', label: 'DNMBP'}, DYRK1A: Object{diseases: Object{MONDO:0013578: ..., MONDO:0018733: ...}, id: 'HGNC:3091', label: 'DYRK1A'}, EIF2B2: Object{diseases: Object{MONDO:0011380: ..., MONDO:0015519: ..., MONDO:0015520: ..., MONDO:0015521: ..., MONDO:0020506: ..., MONDO:0020507: ...}, id: 'HGNC:3258', label: 'EIF2B2'}, EIF4A2: null, ENPP1: Object{diseases: Object{MONDO:0008817: ..., MONDO:0009925: ..., MONDO:0013219: ..., MONDO:0014227: ..., MONDO:0017324: ..., MONDO:0018870: ...}, id: 'HGNC:3356', label: 'ENPP1'}, FGFR2: Object{diseases: Object{MONDO:0001056: ..., MONDO:0007041: ..., MONDO:0007042: ..., MONDO:0007043: ..., MONDO:0007400: ..., MONDO:0007405: ..., MONDO:0007412: ..., MONDO:0007872: ..., MONDO:0008803: ..., MONDO:0012307: ..., MONDO:0013815: ..., MONDO:0019659: ..., MONDO:0019660: ..., MONDO:0019661: ..., MONDO:0020667: ...}, id: 'HGNC:3689', label: 'FGFR2'}, FKBP4: null, GLI1: Object{diseases: Object{MONDO:0008269: ..., MONDO:0009162: ..., MONDO:0029130: ...}, id: 'HGNC:4317', label: 'GLI1'}, GMPR2: null, HCAR2: null, HNF1A: Object{diseases: Object{MONDO:0007718: ..., MONDO:0007763: ..., MONDO:0010894: ..., MONDO:0012919: ..., MONDO:0017935: ..., MONDO:0018911: ...}, id: 'HGNC:11621', label: 'HNF1A'}, KCNG2: null, KCNJ12: null, KRT4: Object{diseases: Object{MONDO:0008676: ..., MONDO:0015748: ...}, id: 'HGNC:6441', label: 'KRT4'}, LAMA3: Object{diseases: Object{MONDO:0009180: ..., MONDO:0009182: ..., MONDO:0009513: ..., MONDO:0019307: ...}, id: 'HGNC:6483', label: 'LAMA3'}, MUC6: null, MYH3: Object{diseases: Object{MONDO:0008338: ..., MONDO:0008675: ..., MONDO:0009926: ..., MONDO:0010094: ..., MONDO:0011128: ..., MONDO:0015240: ...}, id: 'HGNC:7573', label: 'MYH3'}, NPHS1: Object{diseases: Object{MONDO:0009732: ..., MONDO:0019006: ...}, id: 'HGNC:7908', label: 'NPHS1'}, PDGFRB: Object{diseases: Object{MONDO:0007546: ..., MONDO:0008947: ..., MONDO:0009227: ..., MONDO:0011150: ..., MONDO:0014004: ..., MONDO:0014704: ..., MONDO:0016824: ...}, id: 'HGNC:8804', label: 'PDGFRB'}, PFKP: null, PGF: null, PLCB1: Object{diseases: Object{MONDO:0013389: ..., MONDO:0017385: ..., MONDO:0018097: ...}, id: 'HGNC:15917', label: 'PLCB1'}, RAP2B: null, SCN7A: null, SLC39A14: Object{diseases: Object{MONDO:0014864: ...}, id: 'HGNC:20858', label: 'SLC39A14'}, SYNE2: Object{diseases: Object{MONDO:0013072: ..., MONDO:0020336: ...}, id: 'HGNC:17084', label: 'SYNE2'}, TAX1BP1: null, TBC1D4: null, TFB1M: null, TPTE: null}
,HeadlessChrome 86.0.4240 (Windows 10.0.0) LOG: [Object{name: Object{label: ..., id: ...}, score: 100, matches: [...]}, Object{name: Object{label: ..., id: ...}, score: 100, matches: [...]}, Object{name: Object{label: ..., id: ...}, score: 100, matches: [...]}, Object{name: Object{label: ..., id: ...}, score: 100, matches: [...]}, Object{name: Object{label: ..., id: ...}, score: 100, matches: [...]}, Object{name: Object{label: ..., id: ...}, score: 100, matches: [...]}, Object{name: Object{label: ..., id: ...}, score: 100, matches: [...]}, Object{name: Object{label: ..., id: ...}, score: 100, matches: [...]}, Object{name: Object{label: ..., id: ...}, score: 100, matches: [...]}, Object{name: Object{label: ..., id: ...}, score: 100, matches: [...]}, Object{name: Object{label: ..., id: ...}, score: 100, matches: [...]}, Object{name: Object{label: ..., id: ...}, score: 100, matches: [...]}, Object{name: Object{label: ..., id: ...}, score: 100, matches: [...]}, Object{name: Object{label: ..., id: ...}, score: 100, matches: [...]}, Object{name: Object{label: ..., id: ...}, score: 100, matches: [...]}, Object{name: Object{label: ..., id: ...}, score: 100, matches: [...]}, Object{name: Object{label: ..., id: ...}, score: 100, matches: [...]}, Object{name: Object{label: ..., id: ...}, score: 100, matches: [...]}, Object{name: Object{label: ..., id: ...}, score: 100, matches: [...]}, Object{name: Object{label: ..., id: ...}, score: 100, matches: [...]}, Object{name: Object{label: ..., id: ...}, score: 100, matches: [...]}, Object{name: Object{label: ..., id: ...}, score: 100, matches: [...]}, Object{name: Object{label: ..., id: ...}, score: 100, matches: [...]}, Object{name: Object{label: ..., id: ...}, score: 100, matches: [...]}, Object{name: Object{label: ..., id: ...}, score: 100, matches: [...]}, Object{name: Object{label: ..., id: ...}, score: 100, matches: [...]}, Object{name: Object{label: ..., id: ...}, score: 100, matches: [...]}, Object{name: Object{label: ..., id: ...}, score: 100, matches: [...]}, Object{name: Object{label: ..., id: ...}, score: 100, matches: [...]}, Object{name: Object{label: ..., id: ...}, score: 100, matches: [...]}, Object{name: Object{label: ..., id: ...}, score: 100, matches: [...]}, Object{name: Object{label: ..., id: ...}, score: 100, matches: [...]}, Object{name: Object{label: ..., id: ...}, score: 95, matches: [...]}, Object{name: Object{label: ..., id: ...}, score: 93, matches: [...]}, Object{name: Object{label: ..., id: ...}, score: 92, matches: [...]}, Object{name: Object{label: ..., id: ...}, score: 91, matches: [...]}, Object{name: Object{label: ..., id: ...}, score: 91, matches: [...]}, Object{name: Object{label: ..., id: ...}, score: 91, matches: [...]}, Object{name: Object{label: ..., id: ...}, score: 91, matches: [...]}, Object{name: Object{label: ..., id: ...}, score: 90, matches: [...]}, Object{name: Object{label: ..., id: ...}, score: 90, matches: [...]}, Object{name: Object{label: ..., id: ...}, score: 88, matches: [...]}, Object{name: Object{label: ..., id: ...}, score: 88, matches: [...]}, Object{name: Object{label: ..., id: ...}, score: 87, matches: [...]}, Object{name: Object{label: ..., id: ...}, score: 87, matches: [...]}, Object{name: Object{label: ..., id: ...}, score: 87, matches: [...]}, Object{name: Object{label: ..., id: ...}, score: 87, matches: [...]}, Object{name: Object{label: ..., id: ...}, score: 87, matches: [...]}, Object{name: Object{label: ..., id: ...}, score: 87, matches: [...]}, Object{name: Object{label: ..., id: ...}, score: 87, matches: [...]}, Object{name: Object{label: ..., id: ...}, score: 87, matches: [...]}, Object{name: Object{label: ..., id: ...}, score: 87, matches: [...]}, Object{name: Object{label: ..., id: ...}, score: 87, matches: [...]}, Object{name: Object{label: ..., id: ...}, score: 87, matches: [...]}, Object{name: Object{label: ..., id: ...}, score: 87, matches: [...]}, Object{name: Object{label: ..., id: ...}, score: 87, matches: [...]}, Object{name: Object{label: ..., id: ...}, score: 86, matches: [...]}, Object{name: Object{label: ..., id: ...}, score: 85, matches: [...]}, Object{name: Object{label: ..., id: ...}, score: 83, matches: [...]}, Object{name: Object{label: ..., id: ...}, score: 83, matches: [...]}, Object{name: Object{label: ..., id: ...}, score: 83, matches: [...]}, Object{name: Object{label: ..., id: ...}, score: 83, matches: [...]}, Object{name: Object{label: ..., id: ...}, score: 83, matches: [...]}, Object{name: Object{label: ..., id: ...}, score: 83, matches: [...]}, Object{name: Object{label: ..., id: ...}, score: 83, matches: [...]}, Object{name: Object{label: ..., id: ...}, score: 80, matches: [...]}, Object{name: Object{label: ..., id: ...}, score: 80, matches: [...]}, Object{name: Object{label: ..., id: ...}, score: 80, matches: [...]}, Object{name: Object{label: ..., id: ...}, score: 80, matches: [...]}, Object{name: Object{label: ..., id: ...}, score: 80, matches: [...]}, Object{name: Object{label: ..., id: ...}, score: 80, matches: [...]}, Object{name: Object{label: ..., id: ...}, score: 80, matches: [...]}, Object{name: Object{label: ..., id: ...}, score: 80, matches: [...]}, Object{name: Object{label: ..., id: ...}, score: 80, matches: [...]}, Object{name: Object{label: ..., id: ...}, score: 80, matches: [...]}, Object{name: Object{label: ..., id: ...}, score: 80, matches: [...]}, Object{name: Object{label: ..., id: ...}, score: 80, matches: [...]}, Object{name: Object{label: ..., id: ...}, score: 80, matches: [...]}, Object{name: Object{label: ..., id: ...}, score: 80, matches: [...]}, Object{name: Object{label: ..., id: ...}, score: 78, matches: [...]}, Object{name: Object{label: ..., id: ...}, score: 77, matches: [...]}, Object{name: Object{label: ..., id: ...}, score: 77, matches: [...]}, Object{name: Object{label: ..., id: ...}, score: 76, matches: [...]}, Object{name: Object{label: ..., id: ...}, score: 76, matches: [...]}, Object{name: Object{label: ..., id: ...}, score: 75, matches: [...]}, Object{name: Object{label: ..., id: ...}, score: 75, matches: [...]}, Object{name: Object{label: ..., id: ...}, score: 75, matches: [...]}, Object{name: Object{label: ..., id: ...}, score: 75, matches: [...]}, Object{name: Object{label: ..., id: ...}, score: 75, matches: [...]}, Object{name: Object{label: ..., id: ...}, score: 75, matches: [...]}, Object{name: Object{label: ..., id: ...}, score: 75, matches: [...]}, Object{name: Object{label: ..., id: ...}, score: 75, matches: [...]}, Object{name: Object{label: ..., id: ...}, score: 75, matches: [...]}, Object{name: Object{label: ..., id: ...}, score: 75, matches: [...]}, Object{name: Object{label: ..., id: ...}, score: 75, matches: [...]}, Object{name: Object{label: ..., id: ...}, score: 75, matches: [...]}, Object{name: Object{label: ..., id: ...}, score: 75, matches: [...]}, Object{name: Object{label: ..., id: ...}, score: 75, matches: [...]}, Object{name: Object{label: ..., id: ...}, score: 75, matches: [...]}, Object{name: Object{label: ..., id: ...}, score: 75, matches: [...]}]
,HeadlessChrome 86.0.4240 (Windows 10.0.0) LOG: [Object{name: Object{label: ..., id: ...}, score: 100, matches: [], genes: [], scoregenes: 0}, Object{name: Object{label: ..., id: ...}, score: 100, matches: [], genes: [], scoregenes: 0}, Object{name: Object{label: ..., id: ...}, score: 100, matches: [], genes: [], scoregenes: 0}, Object{name: Object{label: ..., id: ...}, score: 100, matches: [], genes: [], scoregenes: 0}, Object{name: Object{label: ..., id: ...}, score: 100, matches: [], genes: [], scoregenes: 0}, Object{name: Object{label: ..., id: ...}, score: 100, matches: [], genes: [], scoregenes: 0}, Object{name: Object{label: ..., id: ...}, score: 100, matches: [], genes: [], scoregenes: 0}, Object{name: Object{label: ..., id: ...}, score: 100, matches: [], genes: [], scoregenes: 0}, Object{name: Object{label: ..., id: ...}, score: 100, matches: [], genes: [], scoregenes: 0}, Object{name: Object{label: ..., id: ...}, score: 100, matches: [], genes: [], scoregenes: 0}, Object{name: Object{label: ..., id: ...}, score: 100, matches: [], genes: [], scoregenes: 0}, Object{name: Object{label: ..., id: ...}, score: 100, matches: [], genes: [], scoregenes: 0}, Object{name: Object{label: ..., id: ...}, score: 100, matches: [], genes: [], scoregenes: 0}, Object{name: Object{label: ..., id: ...}, score: 100, matches: [], genes: [], scoregenes: 0}, Object{name: Object{label: ..., id: ...}, score: 100, matches: [], genes: [], scoregenes: 0}, Object{name: Object{label: ..., id: ...}, score: 100, matches: [], genes: [], scoregenes: 0}, Object{name: Object{label: ..., id: ...}, score: 100, matches: [], genes: [], scoregenes: 0}, Object{name: Object{label: ..., id: ...}, score: 100, matches: [], genes: [], scoregenes: 0}, Object{name: Object{label: ..., id: ...}, score: 100, matches: [], genes: [], scoregenes: 0}, Object{name: Object{label: ..., id: ...}, score: 100, matches: [], genes: [], scoregenes: 0}, Object{name: Object{label: ..., id: ...}, score: 100, matches: [], genes: [], scoregenes: 0}, Object{name: Object{label: ..., id: ...}, score: 100, matches: [], genes: [], scoregenes: 0}, Object{name: Object{label: ..., id: ...}, score: 100, matches: [], genes: [], scoregenes: 0}, Object{name: Object{label: ..., id: ...}, score: 100, matches: [], genes: [], scoregenes: 0}, Object{name: Object{label: ..., id: ...}, score: 100, matches: [], genes: [], scoregenes: 0}, Object{name: Object{label: ..., id: ...}, score: 100, matches: [], genes: [], scoregenes: 0}, Object{name: Object{label: ..., id: ...}, score: 100, matches: [], genes: [], scoregenes: 0}, Object{name: Object{label: ..., id: ...}, score: 100, matches: [], genes: [], scoregenes: 0}, Object{name: Object{label: ..., id: ...}, score: 100, matches: [], genes: [], scoregenes: 0}, Object{name: Object{label: ..., id: ...}, score: 100, matches: [], genes: [], scoregenes: 0}, Object{name: Object{label: ..., id: ...}, score: 100, matches: [], genes: [], scoregenes: 0}, Object{name: Object{label: ..., id: ...}, score: 100, matches: [], genes: [], scoregenes: 0}, Object{name: Object{label: ..., id: ...}, score: 95, matches: [], genes: [], scoregenes: 0}, Object{name: Object{label: ..., id: ...}, score: 93, matches: [], genes: [], scoregenes: 0}, Object{name: Object{label: ..., id: ...}, score: 92, matches: [], genes: [], scoregenes: 0}, Object{name: Object{label: ..., id: ...}, score: 91, matches: [], genes: [], scoregenes: 0}, Object{name: Object{label: ..., id: ...}, score: 91, matches: [], genes: [], scoregenes: 0}, Object{name: Object{label: ..., id: ...}, score: 91, matches: [], genes: [], scoregenes: 0}, Object{name: Object{label: ..., id: ...}, score: 91, matches: [], genes: [], scoregenes: 0}, Object{name: Object{label: ..., id: ...}, score: 90, matches: [], genes: [], scoregenes: 0}, Object{name: Object{label: ..., id: ...}, score: 90, matches: [], genes: [], scoregenes: 0}, Object{name: Object{label: ..., id: ...}, score: 88, matches: [], genes: [], scoregenes: 0}, Object{name: Object{label: ..., id: ...}, score: 88, matches: [], genes: [], scoregenes: 0}, Object{name: Object{label: ..., id: ...}, score: 87, matches: [], genes: [], scoregenes: 0}, Object{name: Object{label: ..., id: ...}, score: 87, matches: [], genes: [], scoregenes: 0}, Object{name: Object{label: ..., id: ...}, score: 87, matches: [], genes: [], scoregenes: 0}, Object{name: Object{label: ..., id: ...}, score: 87, matches: [], genes: [], scoregenes: 0}, Object{name: Object{label: ..., id: ...}, score: 87, matches: [], genes: [], scoregenes: 0}, Object{name: Object{label: ..., id: ...}, score: 87, matches: [], genes: [], scoregenes: 0}, Object{name: Object{label: ..., id: ...}, score: 87, matches: [], genes: [], scoregenes: 0}, Object{name: Object{label: ..., id: ...}, score: 87, matches: [], genes: [], scoregenes: 0}, Object{name: Object{label: ..., id: ...}, score: 87, matches: [], genes: [], scoregenes: 0}, Object{name: Object{label: ..., id: ...}, score: 87, matches: [], genes: [], scoregenes: 0}, Object{name: Object{label: ..., id: ...}, score: 87, matches: [], genes: [], scoregenes: 0}, Object{name: Object{label: ..., id: ...}, score: 87, matches: [], genes: [], scoregenes: 0}, Object{name: Object{label: ..., id: ...}, score: 87, matches: [], genes: [], scoregenes: 0}, Object{name: Object{label: ..., id: ...}, score: 86, matches: [], genes: [], scoregenes: 0}, Object{name: Object{label: ..., id: ...}, score: 85, matches: [], genes: [], scoregenes: 0}, Object{name: Object{label: ..., id: ...}, score: 83, matches: [], genes: [], scoregenes: 0}, Object{name: Object{label: ..., id: ...}, score: 83, matches: [], genes: [], scoregenes: 0}, Object{name: Object{label: ..., id: ...}, score: 83, matches: [], genes: [], scoregenes: 0}, Object{name: Object{label: ..., id: ...}, score: 83, matches: [], genes: [], scoregenes: 0}, Object{name: Object{label: ..., id: ...}, score: 83, matches: [], genes: [], scoregenes: 0}, Object{name: Object{label: ..., id: ...}, score: 83, matches: [], genes: [], scoregenes: 0}, Object{name: Object{label: ..., id: ...}, score: 83, matches: [], genes: [], scoregenes: 0}, Object{name: Object{label: ..., id: ...}, score: 80, matches: [], genes: [], scoregenes: 0}, Object{name: Object{label: ..., id: ...}, score: 80, matches: [], genes: [], scoregenes: 0}, Object{name: Object{label: ..., id: ...}, score: 80, matches: [], genes: [], scoregenes: 0}, Object{name: Object{label: ..., id: ...}, score: 80, matches: [], genes: [], scoregenes: 0}, Object{name: Object{label: ..., id: ...}, score: 80, matches: [], genes: [], scoregenes: 0}, Object{name: Object{label: ..., id: ...}, score: 80, matches: [], genes: [], scoregenes: 0}, Object{name: Object{label: ..., id: ...}, score: 80, matches: [], genes: [], scoregenes: 0}, Object{name: Object{label: ..., id: ...}, score: 80, matches: [], genes: [], scoregenes: 0}, Object{name: Object{label: ..., id: ...}, score: 80, matches: [], genes: [], scoregenes: 0}, Object{name: Object{label: ..., id: ...}, score: 80, matches: [], genes: [], scoregenes: 0}, Object{name: Object{label: ..., id: ...}, score: 80, matches: [], genes: [], scoregenes: 0}, Object{name: Object{label: ..., id: ...}, score: 80, matches: [], genes: [], scoregenes: 0}, Object{name: Object{label: ..., id: ...}, score: 80, matches: [], genes: [], scoregenes: 0}, Object{name: Object{label: ..., id: ...}, score: 80, matches: [], genes: [], scoregenes: 0}, Object{name: Object{label: ..., id: ...}, score: 78, matches: [], genes: [], scoregenes: 0}, Object{name: Object{label: ..., id: ...}, score: 77, matches: [], genes: [], scoregenes: 0}, Object{name: Object{label: ..., id: ...}, score: 77, matches: [], genes: [], scoregenes: 0}, Object{name: Object{label: ..., id: ...}, score: 76, matches: [], genes: [], scoregenes: 0}, Object{name: Object{label: ..., id: ...}, score: 76, matches: [], genes: [], scoregenes: 0}, Object{name: Object{label: ..., id: ...}, score: 75, matches: [], genes: [], scoregenes: 0}, Object{name: Object{label: ..., id: ...}, score: 75, matches: [], genes: [], scoregenes: 0}, Object{name: Object{label: ..., id: ...}, score: 75, matches: [], genes: [], scoregenes: 0}, Object{name: Object{label: ..., id: ...}, score: 75, matches: [], genes: [], scoregenes: 0}, Object{name: Object{label: ..., id: ...}, score: 75, matches: [], genes: [], scoregenes: 0}, Object{name: Object{label: ..., id: ...}, score: 75, matches: [], genes: [], scoregenes: 0}, Object{name: Object{label: ..., id: ...}, score: 75, matches: [], genes: [], scoregenes: 0}, Object{name: Object{label: ..., id: ...}, score: 75, matches: [], genes: [], scoregenes: 0}, Object{name: Object{label: ..., id: ...}, score: 75, matches: [], genes: [], scoregenes: 0}, Object{name: Object{label: ..., id: ...}, score: 75, matches: [], genes: [], scoregenes: 0}, Object{name: Object{label: ..., id: ...}, score: 75, matches: [], genes: [], scoregenes: 0}, Object{name: Object{label: ..., id: ...}, score: 75, matches: [], genes: [], scoregenes: 0}, Object{name: Object{label: ..., id: ...}, score: 75, matches: [], genes: [], scoregenes: 0}, Object{name: Object{label: ..., id: ...}, score: 75, matches: [], genes: [], scoregenes: 0}, Object{name: Object{label: ..., id: ...}, score: 75, matches: [], genes: [], scoregenes: 0}, Object{name: Object{label: ..., id: ...}, score: 75, matches: [], genes: [], scoregenes: 0}]
,HeadlessChrome 86.0.4240 (Windows 10.0.0) LOG: Object{MONDO:0001056: Object{genes: Object{HGNC:1500: ..., HGNC:2235: ..., HGNC:3430: ..., HGNC:3689: ..., HGNC:583: ..., HGNC:6116: ..., HGNC:7527: ..., HGNC:8975: ...}, id: 'MONDO:0001056', label: 'gastric cancer'}, MONDO:0007043: Object{genes: Object{HGNC:3688: ..., HGNC:3689: ...}, id: 'MONDO:0007043', label: 'Pfeiffer syndrome'}, MONDO:0007256: Object{genes: Object{HGNC:11998: ..., HGNC:1509: ..., HGNC:2514: ..., HGNC:583: ..., HGNC:7029: ..., HGNC:8805: ..., HGNC:8975: ..., HGNC:903: ...}, id: 'MONDO:0007256', label: 'hepatocellular carcinoma'}, MONDO:0007362: Object{genes: Object{HGNC:2383: ...}, id: 'MONDO:0007362', label: 'cone-rod dystrophy 2'}, MONDO:0007365: Object{genes: Object{HGNC:6296: ...}, id: 'MONDO:0007365', label: 'seizures, benign familial neonatal, 1'}, MONDO:0007366: Object{genes: Object{HGNC:6297: ...}, id: 'MONDO:0007366', label: 'seizures, benign familial neonatal, 2'}, MONDO:0007367: null, MONDO:0007546: Object{genes: Object{HGNC:8804: ...}, id: 'MONDO:0007546', label: 'myeloproliferative disorder, chronic, with eosinophilia'}, MONDO:0007560: null, MONDO:0007713: null, MONDO:0007718: Object{genes: Object{HGNC:11621: ...}, id: 'MONDO:0007718', label: 'hepatic adenomas, familial'}, MONDO:0007763: Object{genes: Object{HGNC:11621: ..., HGNC:12687: ..., HGNC:17023: ..., HGNC:27310: ..., HGNC:8125: ...}, id: 'MONDO:0007763', label: 'nonpapillary renal cell carcinoma'}, MONDO:0008041: null, MONDO:0008269: Object{genes: Object{HGNC:4317: ...}, id: 'MONDO:0008269', label: 'polydactyly of a biphalangeal thumb'}, MONDO:0008289: Object{genes: Object{HGNC:2202: ...}, id: 'MONDO:0008289', label: 'porencephaly 1'}, MONDO:0008338: Object{genes: Object{HGNC:7573: ...}, id: 'MONDO:0008338', label: 'autosomal dominant multiple pterygium syndrome'}, MONDO:0008373: Object{genes: Object{HGNC:2202: ...}, id: 'MONDO:0008373', label: 'retinal arterial tortuosity (disease)'}, MONDO:0008588: null, MONDO:0008836: null, MONDO:0008945: null, MONDO:0009013: null, MONDO:0009077: null, MONDO:0009162: Object{genes: Object{HGNC:19747: ..., HGNC:24595: ..., HGNC:3497: ..., HGNC:4317: ...}, id: 'MONDO:0009162', label: 'Ellis-van Creveld syndrome'}, MONDO:0009180: Object{genes: Object{HGNC:2194: ..., HGNC:6158: ..., HGNC:6483: ..., HGNC:6490: ..., HGNC:6493: ...}, id: 'MONDO:0009180', label: 'junctional epidermolysis bullosa, non-Herlitz type'}, MONDO:0009182: Object{genes: Object{HGNC:6483: ..., HGNC:6490: ..., HGNC:6493: ...}, id: 'MONDO:0009182', label: 'junctional epidermolysis bullosa Herlitz type'}, MONDO:0009186: null, MONDO:0009497: null, MONDO:0009513: Object{genes: Object{HGNC:6483: ...}, id: 'MONDO:0009513', label: 'laryngo-onycho-cutaneous syndrome'}, MONDO:0009696: Object{genes: Object{HGNC:1404: ..., HGNC:21219: ..., HGNC:4075: ...}, id: 'MONDO:0009696', label: 'juvenile myoclonic epilepsy'}, MONDO:0009925: Object{genes: Object{HGNC:3356: ..., HGNC:57: ...}, id: 'MONDO:0009925', label: 'inherited pseudoxanthoma elasticum'}, MONDO:0009976: null, MONDO:0010094: Object{genes: Object{HGNC:3755: ..., HGNC:7573: ...}, id: 'MONDO:0010094', label: 'spondylocarpotarsal synostosis syndrome'}, MONDO:0010317: Object{genes: Object{HGNC:18060: ...}, id: 'MONDO:0010317', label: 'intellectual disability, X-linked, with or without seizures, arx-related'}, MONDO:0010329: null, MONDO:0010388: null, MONDO:0010429: Object{genes: Object{HGNC:11506: ...}, id: 'MONDO:0010429', label: 'intellectual disability, X-linked 96'}, MONDO:0010451: Object{genes: Object{HGNC:4226: ...}, id: 'MONDO:0010451', label: 'intellectual disability, X-linked 41'}, MONDO:0010454: null, MONDO:0010608: null, MONDO:0010652: null, MONDO:0010682: null, MONDO:0010694: null, MONDO:0010894: Object{genes: Object{HGNC:11621: ...}, id: 'MONDO:0010894', label: 'maturity-onset diabetes of the young type 3'}, MONDO:0010898: Object{genes: Object{HGNC:18423: ..., HGNC:6572: ..., HGNC:9957: ...}, id: 'MONDO:0010898', label: 'Autosomal dominant epilepsy with auditory features'}, MONDO:0010899: Object{genes: Object{HGNC:1958: ...}, id: 'MONDO:0010899', label: 'autosomal dominant nocturnal frontal lobe epilepsy 1'}, MONDO:0010918: null, MONDO:0011150: Object{genes: Object{HGNC:8804: ...}, id: 'MONDO:0011150', label: 'acroosteolysis-keloid-like lesions-premature aging syndrome'}, MONDO:0011231: null, MONDO:0011297: null, MONDO:0011416: Object{genes: Object{HGNC:10586: ...}, id: 'MONDO:0011416', label: 'generalized epilepsy with febrile seizures plus, type 1'}, MONDO:0011443: null, MONDO:0011461: Object{genes: Object{HGNC:10585: ...}, id: 'MONDO:0011461', label: 'generalized epilepsy with febrile seizures plus, type 2'}, MONDO:0011491: null, MONDO:0011545: Object{genes: Object{HGNC:1962: ...}, id: 'MONDO:0011545', label: 'autosomal dominant nocturnal frontal lobe epilepsy 3'}, MONDO:0011593: Object{genes: Object{HGNC:30500: ...}, id: 'MONDO:0011593', label: 'seizures, benign familial infantile, 2'}, MONDO:0011674: Object{genes: Object{HGNC:2974: ...}, id: 'MONDO:0011674', label: 'Charcot-Marie-Tooth disease dominant intermediate b'}, MONDO:0011733: null, MONDO:0011844: null, MONDO:0011865: null, MONDO:0011875: null, MONDO:0011876: null, MONDO:0011891: Object{genes: Object{HGNC:4087: ...}, id: 'MONDO:0011891', label: 'febrile seizures, familial, 8'}, MONDO:0011892: null, MONDO:0011965: null, MONDO:0011990: null, MONDO:0012113: null, MONDO:0012224: null, MONDO:0012226: null, MONDO:0012346: null, MONDO:0012618: null, MONDO:0012629: null, MONDO:0012655: null, MONDO:0012705: null, MONDO:0012706: null, MONDO:0012707: null, MONDO:0012723: Object{genes: Object{HGNC:29021: ...}, id: 'MONDO:0012723', label: 'Leber congenital amaurosis 10'}, MONDO:0012726: Object{genes: Object{HGNC:2202: ...}, id: 'MONDO:0012726', label: 'autosomal dominant familial hematuria-retinal arteriolar tortuosity-contractures syndrome'}, MONDO:0012843: null, MONDO:0012919: Object{genes: Object{HGNC:11621: ...}, id: 'MONDO:0012919', label: 'type 1 diabetes mellitus 20'}, MONDO:0012946: Object{genes: Object{HGNC:1754: ...}, id: 'MONDO:0012946', label: 'intellectual disability, autosomal dominant 3'}, MONDO:0013103: null, MONDO:0013322: Object{genes: Object{HGNC:30550: ...}, id: 'MONDO:0013322', label: 'FAME3'}, MONDO:0013388: Object{genes: Object{HGNC:10588: ...}, id: 'MONDO:0013388', label: 'epileptic encephalopathy, early infantile, 11'}, MONDO:0013470: Object{genes: Object{HGNC:10597: ...}, id: 'MONDO:0013470', label: 'generalized epilepsy with febrile seizures plus, type 7'}, MONDO:0013578: Object{genes: Object{HGNC:3091: ...}, id: 'MONDO:0013578', label: 'DYRK1A-related intellectual disability syndrome'}, MONDO:0013581: null, MONDO:0013629: null, MONDO:0013665: null, MONDO:0013741: Object{genes: Object{HGNC:17245: ...}, id: 'MONDO:0013741', label: 'familial temporal lobe epilepsy 5'}, MONDO:0013919: null, MONDO:0013970: Object{genes: Object{HGNC:16902: ...}, id: 'MONDO:0013970', label: 'branched-chain keto acid dehydrogenase kinase deficiency'}, MONDO:0014055: null, MONDO:0014149: Object{genes: Object{HGNC:2974: ...}, id: 'MONDO:0014149', label: 'fetal akinesia-cerebral and retinal hemorrhage syndrome'}, MONDO:0014150: Object{genes: Object{HGNC:1917: ...}, id: 'MONDO:0014150', label: 'childhood onset epileptic encephalopathy'}, MONDO:0014167: null, MONDO:0014227: Object{genes: Object{HGNC:3356: ...}, id: 'MONDO:0014227', label: 'hypopigmentation-punctate palmoplantar keratoderma syndrome'}, MONDO:0014308: null, MONDO:0014328: Object{genes: Object{HGNC:4075: ...}, id: 'MONDO:0014328', label: 'epileptic encephalopathy, early infantile, 19'}, MONDO:0014333: Object{genes: Object{HGNC:4512: ...}, id: 'MONDO:0014333', label: 'polymicrogyria, bilateral perisylvian, autosomal recessive'}, MONDO:0014517: Object{genes: Object{HGNC:18539: ...}, id: 'MONDO:0014517', label: 'generalized epilepsy with febrile seizures plus, type 9'}, MONDO:0014545: Object{genes: Object{HGNC:14253: ...}, id: 'MONDO:0014545', label: 'progressive myoclonic epilepsy type 8'}, MONDO:0014639: null, MONDO:0014650: null, MONDO:0014704: Object{genes: Object{HGNC:8804: ...}, id: 'MONDO:0014704', label: 'skeletal overgrowth-craniofacial dysmorphism-hyperelastic skin-white matter lesions syndrome'}, MONDO:0014734: null, MONDO:0014815: null, MONDO:0014842: Object{genes: Object{HGNC:29529: ...}, id: 'MONDO:0014842', label: 'intellectual disability, autosomal dominant 41'}, MONDO:0014903: Object{genes: Object{HGNC:10596: ...}, id: 'MONDO:0014903', label: 'seizures, benign familial infantile, 5'}, MONDO:0014924: Object{genes: Object{HGNC:24969: ...}, id: 'MONDO:0014924', label: 'epilepsy, familial focal, with variable foci 2'}, MONDO:0014925: Object{genes: Object{HGNC:14124: ...}, id: 'MONDO:0014925', label: 'epilepsy, familial focal, with variable foci 3'}, MONDO:0015345: null, MONDO:0015519: Object{genes: Object{HGNC:3257: ..., HGNC:3258: ..., HGNC:3259: ..., HGNC:3260: ..., HGNC:3261: ...}, id: 'MONDO:0015519', label: 'congenital or early infantile CACH syndrome'}, MONDO:0015520: Object{genes: Object{HGNC:3257: ..., HGNC:3258: ..., HGNC:3259: ..., HGNC:3260: ..., HGNC:3261: ...}, id: 'MONDO:0015520', label: 'late infantile CACH syndrome'}, MONDO:0015521: Object{genes: Object{HGNC:3257: ..., HGNC:3258: ..., HGNC:3259: ..., HGNC:3260: ..., HGNC:3261: ...}, id: 'MONDO:0015521', label: 'juvenile or adult CACH syndrome'}, MONDO:0015748: Object{genes: Object{HGNC:6415: ..., HGNC:6441: ...}, id: 'MONDO:0015748', label: 'hereditary mucosal leukokeratosis'}, MONDO:0015993: Object{genes: Object{HGNC:10295: ..., HGNC:10729: ..., HGNC:12565: ..., HGNC:1260: ..., HGNC:13436: ..., HGNC:1393: ..., HGNC:14550: ..., HGNC:17282: ..., HGNC:17877: ..., HGNC:18286: ..., HGNC:19963: ..., HGNC:20202: ..., HGNC:21043: ..., HGNC:2150: ..., HGNC:216: ..., HGNC:2383: ..., HGNC:27232: ..., HGNC:28769: ..., HGNC:30836: ..., HGNC:34: ..., HGNC:4206: ..., HGNC:4678: ..., HGNC:4689: ..., HGNC:791: ..., HGNC:9454: ..., HGNC:9768: ..., HGNC:9936: ..., HGNC:9942: ...}, id: 'MONDO:0015993', label: 'cone-rod dystrophy'}, MONDO:0016025: Object{genes: Object{HGNC:11042: ..., HGNC:1917: ..., HGNC:564: ...}, id: 'MONDO:0016025', label: 'myoclonic-astastic epilepsy'}, MONDO:0016160: null, MONDO:0016216: Object{genes: Object{HGNC:1509: ..., HGNC:8975: ..., HGNC:903: ...}, id: 'MONDO:0016216', label: 'adult hepatocellular carcinoma'}, MONDO:0016431: Object{genes: Object{HGNC:2974: ...}, id: 'MONDO:0016431', label: 'autosomal dominant Charcot-Marie-Tooth disease type 2M'}, MONDO:0016824: Object{genes: Object{HGNC:7883: ..., HGNC:8804: ...}, id: 'MONDO:0016824', label: 'myofibromatosis'}, MONDO:0017385: Object{genes: Object{HGNC:10585: ..., HGNC:13818: ..., HGNC:15917: ..., HGNC:18865: ..., HGNC:19954: ..., HGNC:29203: ...}, id: 'MONDO:0017385', label: 'malignant migrating partial seizures of infancy'}, MONDO:0017949: Object{genes: Object{HGNC:620: ...}, id: 'MONDO:0017949', label: 'ABeta amyloidosis, Arctic type'}, MONDO:0018733: Object{genes: Object{HGNC:3091: ...}, id: 'MONDO:0018733', label: 'intellectual disability syndrome due to a DYRK1A point mutation'}, MONDO:0018786: Object{genes: Object{HGNC:2202: ...}, id: 'MONDO:0018786', label: 'pontine autosomal dominant microangiopathy with leukoencephalopathy'}, MONDO:0018829: Object{genes: Object{HGNC:2202: ...}, id: 'MONDO:0018829', label: 'familial schizencephaly'}, MONDO:0018870: Object{genes: Object{HGNC:3356: ..., HGNC:57: ...}, id: 'MONDO:0018870', label: 'arterial calcification of infancy'}, MONDO:0018911: Object{genes: Object{HGNC:1057: ..., HGNC:11621: ..., HGNC:11811: ..., HGNC:1848: ..., HGNC:24035: ..., HGNC:4195: ..., HGNC:5024: ..., HGNC:59: ..., HGNC:6081: ..., HGNC:6107: ..., HGNC:6257: ..., HGNC:7762: ..., HGNC:8618: ...}, id: 'MONDO:0018911', label: 'maturity-onset diabetes of the young (disease)'}, MONDO:0019006: Object{genes: Object{HGNC:12338: ..., HGNC:12796: ..., HGNC:13394: ..., HGNC:14082: ..., HGNC:14258: ..., HGNC:166: ..., HGNC:17175: ..., HGNC:18016: ..., HGNC:18017: ..., HGNC:18658: ..., HGNC:18688: ..., HGNC:19041: ..., HGNC:20763: ..., HGNC:23375: ..., HGNC:23791: ..., HGNC:24715: ..., HGNC:25361: ..., HGNC:28958: ..., HGNC:29914: ..., HGNC:29929: ..., HGNC:3334: ..., HGNC:678: ..., HGNC:7599: ..., HGNC:7908: ..., HGNC:8616: ..., HGNC:8734: ..., HGNC:9678: ...}, id: 'MONDO:0019006', label: 'familial idiopathic steroid-resistant nephrotic syndrome'}, MONDO:0019307: Object{genes: Object{HGNC:2194: ..., HGNC:6158: ..., HGNC:6483: ..., HGNC:6490: ..., HGNC:6493: ...}, id: 'MONDO:0019307', label: 'generalized junctional epidermolysis bullosa non-Herlitz type'}, MONDO:0019448: Object{genes: Object{HGNC:2172: ..., HGNC:2516: ..., HGNC:25489: ..., HGNC:282: ..., HGNC:31750: ...}, id: 'MONDO:0019448', label: 'benign adult familial myoclonic epilepsy'}, MONDO:0020496: Object{genes: Object{HGNC:2202: ..., HGNC:2203: ...}, id: 'MONDO:0020496', label: 'familial porencephaly'}, MONDO:0020506: Object{genes: Object{HGNC:21022: ..., HGNC:3257: ..., HGNC:3258: ..., HGNC:3259: ..., HGNC:3260: ..., HGNC:3261: ...}, id: 'MONDO:0020506', label: 'ovarioleukodystrophy'}, MONDO:0020507: Object{genes: Object{HGNC:3257: ..., HGNC:3258: ..., HGNC:3259: ..., HGNC:3260: ..., HGNC:3261: ...}, id: 'MONDO:0020507', label: 'Cree leukoencephalopathy'}, MONDO:0020752: null, MONDO:0020759: null, MONDO:0020772: null, MONDO:0020853: Object{genes: Object{HGNC:1181: ...}, id: 'MONDO:0020853', label: 'encephalitis/encephalopathy, mild, with reversible myelin vacuolization'}, MONDO:0021548: Object{genes: Object{HGNC:14673: ..., HGNC:21244: ..., HGNC:21869: ..., HGNC:23801: ..., HGNC:2388: ..., HGNC:2398: ..., HGNC:2409: ..., HGNC:30373: ..., HGNC:3386: ..., HGNC:4204: ..., HGNC:4281: ..., HGNC:5227: ..., HGNC:6610: ..., HGNC:6708: ..., HGNC:7103: ...}, id: 'MONDO:0021548', label: 'total early-onset cataract'}, MONDO:0024508: null, MONDO:0024566: Object{genes: Object{HGNC:17245: ...}, id: 'MONDO:0024566', label: 'febrile seizures, familial, 11'}, MONDO:0032662: null, MONDO:0032699: null, MONDO:0054847: null, MONDO:0060671: null, MONDO:0100092: null, OMIM:120970: Object{genes: Object{HGNC:2383: ...}, id: 'MONDO:0007362', label: 'cone-rod dystrophy 2'}, OMIM:125853: Object{genes: Object{HGNC:11630: ..., HGNC:392: ..., HGNC:4195: ..., HGNC:59: ..., HGNC:8618: ..., HGNC:9291: ...}, id: 'MONDO:0007455', label: 'diabetes mellitus, noninsulin-dependent'}, OMIM:142330: Object{genes: Object{HGNC:11621: ...}, id: 'MONDO:0007718', label: 'hepatic adenomas, familial'}, OMIM:160150: Object{genes: Object{HGNC:1052: ..., HGNC:2974: ...}, id: 'MONDO:0008048', label: 'autosomal dominant centronuclear myopathy'}, OMIM:175780: Object{genes: Object{HGNC:2202: ...}, id: 'MONDO:0008289', label: 'porencephaly 1'}, OMIM:193700: Object{genes: Object{HGNC:19082: ..., HGNC:7573: ...}, id: 'MONDO:0008675', label: 'freeman-Sheldon syndrome'}, OMIM:193900: Object{genes: Object{HGNC:6441: ...}, id: 'MONDO:0008676', label: 'white sponge nevus 1'}, OMIM:208000: Object{genes: Object{HGNC:3356: ...}, id: 'MONDO:0008817', label: 'arterial calcification, generalized, of infancy, 1'}, OMIM:222100: null, OMIM:228550: Object{genes: Object{HGNC:8804: ...}, id: 'MONDO:0009227', label: 'myofibromatosis, infantile, 1'}, OMIM:600496: Object{genes: Object{HGNC:11621: ...}, id: 'MONDO:0010894', label: 'maturity-onset diabetes of the young type 3'}, OMIM:612520: Object{genes: Object{HGNC:11621: ...}, id: 'MONDO:0012919', label: 'type 1 diabetes mellitus 20'}, OMIM:613659: Object{genes: Object{HGNC:1500: ..., HGNC:2235: ..., HGNC:3430: ..., HGNC:3689: ..., HGNC:583: ..., HGNC:6116: ..., HGNC:7527: ..., HGNC:8975: ...}, id: 'MONDO:0001056', label: 'gastric cancer'}, OMIM:613722: Object{genes: Object{HGNC:15917: ...}, id: 'MONDO:0013389', label: 'epileptic encephalopathy, early infantile, 12'}, OMIM:613829: Object{genes: Object{HGNC:2383: ...}, id: 'MONDO:0013449', label: 'Leber congenital amaurosis 7'}, OMIM:615007: Object{genes: Object{HGNC:8804: ...}, id: 'MONDO:0014004', label: 'basal ganglia calcification, idiopathic, 4'}, OMIM:617013: Object{genes: Object{HGNC:20858: ...}, id: 'MONDO:0014864', label: 'hypermanganesemia with dystonia 2'}, OMIM:618123: Object{genes: Object{HGNC:4317: ...}, id: 'MONDO:0029130', label: 'polydactyly, postaxial, type A8'}, OMIM:618415: null, OMIM:618436: null, OMIM:618469: null, OMIM:618564: null, Orphanet:1146: Object{genes: Object{HGNC:11946: ..., HGNC:11950: ..., HGNC:12011: ..., HGNC:19082: ..., HGNC:7549: ..., HGNC:7573: ...}, id: 'MONDO:0015240', label: 'digitotalar dysmorphism'}, Orphanet:1147: Object{genes: Object{HGNC:11946: ..., HGNC:11950: ..., HGNC:12011: ..., HGNC:19082: ..., HGNC:7573: ...}, id: 'MONDO:0011128', label: 'Sheldon-hall syndrome'}, Orphanet:1540: Object{genes: Object{HGNC:3688: ..., HGNC:3689: ...}, id: 'MONDO:0007400', label: 'Jackson-Weiss syndrome'}, Orphanet:1555: Object{genes: Object{HGNC:3689: ...}, id: 'MONDO:0007412', label: 'Beare-Stevenson cutis gyrata syndrome'}, Orphanet:157716: Object{genes: Object{HGNC:3257: ..., HGNC:3258: ..., HGNC:3259: ..., HGNC:3260: ..., HGNC:3261: ...}, id: 'MONDO:0015520', label: 'late infantile CACH syndrome'}, Orphanet:168624: Object{genes: Object{HGNC:3689: ...}, id: 'MONDO:0012307', label: 'familial scaphocephaly syndrome, McGillivray type'}, Orphanet:169189: Object{genes: Object{HGNC:1052: ..., HGNC:2974: ...}, id: 'MONDO:0008048', label: 'autosomal dominant centronuclear myopathy'}, Orphanet:1756: null, Orphanet:1872: Object{genes: Object{HGNC:10295: ..., HGNC:10729: ..., HGNC:12565: ..., HGNC:1260: ..., HGNC:13436: ..., HGNC:1393: ..., HGNC:14550: ..., HGNC:17282: ..., HGNC:17877: ..., HGNC:18286: ..., HGNC:19963: ..., HGNC:20202: ..., HGNC:21043: ..., HGNC:2150: ..., HGNC:216: ..., HGNC:2383: ..., HGNC:27232: ..., HGNC:28769: ..., HGNC:30836: ..., HGNC:34: ..., HGNC:4206: ..., HGNC:4678: ..., HGNC:4689: ..., HGNC:791: ..., HGNC:9454: ..., HGNC:9768: ..., HGNC:9936: ..., HGNC:9942: ...}, id: 'MONDO:0015993', label: 'cone-rod dystrophy'}, Orphanet:1980: Object{genes: Object{HGNC:10947: ..., HGNC:12827: ..., HGNC:19918: ..., HGNC:8800: ..., HGNC:8804: ...}, id: 'MONDO:0008947', label: 'bilateral striopallidodentate calcinosis'}, Orphanet:2053: Object{genes: Object{HGNC:19082: ..., HGNC:7573: ...}, id: 'MONDO:0008675', label: 'freeman-Sheldon syndrome'}, Orphanet:207: Object{genes: Object{HGNC:3444: ..., HGNC:3689: ...}, id: 'MONDO:0007405', label: 'Crouzon syndrome'}, Orphanet:228179: Object{genes: Object{HGNC:2974: ...}, id: 'MONDO:0016431', label: 'autosomal dominant Charcot-Marie-Tooth disease type 2M'}, Orphanet:2363: Object{genes: Object{HGNC:3666: ..., HGNC:3689: ..., HGNC:3690: ...}, id: 'MONDO:0007872', label: 'LADD syndrome'}, Orphanet:2407: Object{genes: Object{HGNC:6483: ...}, id: 'MONDO:0009513', label: 'laryngo-onycho-cutaneous syndrome'}, Orphanet:251393: Object{genes: Object{HGNC:2194: ..., HGNC:6158: ...}, id: 'MONDO:0016673', label: 'localized junctional epidermolysis bullosa, non-Herlitz type'}, Orphanet:2591: Object{genes: Object{HGNC:7883: ..., HGNC:8804: ...}, id: 'MONDO:0016824', label: 'myofibromatosis'}, Orphanet:261: null, Orphanet:276238: Object{genes: Object{HGNC:7106: ...}, id: 'MONDO:0017174', label: 'Machado-Joseph disease type 1'}, Orphanet:276241: Object{genes: Object{HGNC:7106: ...}, id: 'MONDO:0017175', label: 'Machado-Joseph disease type 2'}, Orphanet:276244: Object{genes: Object{HGNC:7106: ...}, id: 'MONDO:0017176', label: 'Machado-Joseph disease type 3'}, Orphanet:289: Object{genes: Object{HGNC:19747: ..., HGNC:24595: ..., HGNC:3497: ..., HGNC:4317: ...}, id: 'MONDO:0009162', label: 'Ellis-van Creveld syndrome'}, Orphanet:289176: Object{genes: Object{HGNC:2932: ..., HGNC:3356: ...}, id: 'MONDO:0017324', label: 'autosomal recessive hypophosphatemic rickets'}, Orphanet:2990: Object{genes: Object{HGNC:1967: ..., HGNC:7573: ...}, id: 'MONDO:0009926', label: 'autosomal recessive multiple pterygium syndrome'}, Orphanet:313855: Object{genes: Object{HGNC:3689: ...}, id: 'MONDO:0013815', label: 'FGFR2-related bent bone dysplasia'}, Orphanet:324561: Object{genes: Object{HGNC:3356: ...}, id: 'MONDO:0014227', label: 'hypopigmentation-punctate palmoplantar keratoderma syndrome'}, Orphanet:324575: Object{genes: Object{HGNC:11621: ...}, id: 'MONDO:0017935', label: 'hyperinsulinism due to HNF1A deficiency'}, Orphanet:3451: Object{genes: Object{HGNC:10588: ..., HGNC:10866: ..., HGNC:11142: ..., HGNC:11273: ..., HGNC:11411: ..., HGNC:11444: ..., HGNC:11968: ..., HGNC:15917: ..., HGNC:18060: ..., HGNC:20990: ..., HGNC:25799: ..., HGNC:28912: ..., HGNC:4586: ..., HGNC:8032: ..., HGNC:8957: ...}, id: 'MONDO:0018097', label: 'West syndrome'}, Orphanet:363409: Object{genes: Object{HGNC:2974: ...}, id: 'MONDO:0014149', label: 'fetal akinesia-cerebral and retinal hemorrhage syndrome'}, Orphanet:363665: Object{genes: Object{HGNC:8804: ...}, id: 'MONDO:0011150', label: 'acroosteolysis-keloid-like lesions-premature aging syndrome'}, Orphanet:422526: null, Orphanet:443098: null, Orphanet:449: null, Orphanet:464306: Object{genes: Object{HGNC:3091: ...}, id: 'MONDO:0013578', label: 'DYRK1A-related intellectual disability syndrome'}, Orphanet:477831: Object{genes: Object{HGNC:8804: ...}, id: 'MONDO:0014704', label: 'skeletal overgrowth-craniofacial dysmorphism-hyperelastic skin-white matter lesions syndrome'}, Orphanet:521406: Object{genes: Object{HGNC:20858: ...}, id: 'MONDO:0014864', label: 'hypermanganesemia with dystonia 2'}, Orphanet:552: Object{genes: Object{HGNC:1057: ..., HGNC:11621: ..., HGNC:11811: ..., HGNC:1848: ..., HGNC:24035: ..., HGNC:4195: ..., HGNC:5024: ..., HGNC:59: ..., HGNC:6081: ..., HGNC:6107: ..., HGNC:6257: ..., HGNC:7762: ..., HGNC:8618: ...}, id: 'MONDO:0018911', label: 'maturity-onset diabetes of the young (disease)'}, Orphanet:65: Object{genes: Object{HGNC:10294: ..., HGNC:12423: ..., HGNC:13436: ..., HGNC:17877: ..., HGNC:19689: ..., HGNC:19977: ..., HGNC:20080: ..., HGNC:20423: ..., HGNC:2343: ..., HGNC:2383: ..., HGNC:28949: ..., HGNC:29021: ..., HGNC:29077: ..., HGNC:31923: ..., HGNC:359: ..., HGNC:4221: ..., HGNC:4689: ..., HGNC:6052: ..., HGNC:6259: ..., HGNC:6685: ..., HGNC:8754: ...}, id: 'MONDO:0018998', label: 'Leber congenital amaurosis'}, Orphanet:65743: Object{genes: Object{HGNC:7573: ...}, id: 'MONDO:0008338', label: 'autosomal dominant multiple pterygium syndrome'}, Orphanet:710: Object{genes: Object{HGNC:3688: ..., HGNC:3689: ...}, id: 'MONDO:0007043', label: 'Pfeiffer syndrome'}, Orphanet:71529: Object{genes: Object{HGNC:6932: ...}, id: 'MONDO:0019115', label: 'obesity due to melanocortin 4 receptor deficiency'}, Orphanet:73229: Object{genes: Object{HGNC:2202: ...}, id: 'MONDO:0012726', label: 'autosomal dominant familial hematuria-retinal arteriolar tortuosity-contractures syndrome'}, Orphanet:75326: Object{genes: Object{HGNC:2202: ...}, id: 'MONDO:0008373', label: 'retinal arterial tortuosity (disease)'}, Orphanet:758: Object{genes: Object{HGNC:3356: ..., HGNC:57: ...}, id: 'MONDO:0009925', label: 'inherited pseudoxanthoma elasticum'}, Orphanet:791: Object{genes: Object{HGNC:10012: ..., HGNC:10024: ..., HGNC:10254: ..., HGNC:10263: ..., HGNC:10274: ..., HGNC:10288: ..., HGNC:10294: ..., HGNC:10295: ..., HGNC:10521: ..., HGNC:10729: ..., HGNC:12406: ..., HGNC:12423: ..., HGNC:12601: ..., HGNC:12605: ..., HGNC:12703: ..., HGNC:13081: ..., HGNC:13210: ..., HGNC:1375: ..., HGNC:14550: ..., HGNC:15446: ..., HGNC:15646: ..., HGNC:15860: ..., HGNC:15865: ..., HGNC:17090: ..., HGNC:17146: ..., HGNC:17211: ..., HGNC:17340: ..., HGNC:17348: ..., HGNC:17349: ..., HGNC:18362: ..., HGNC:19139: ..., HGNC:19977: ..., HGNC:20041: ..., HGNC:20087: ..., HGNC:20423: ..., HGNC:20603: ..., HGNC:20606: ..., HGNC:2148: ..., HGNC:2151: ..., HGNC:21555: ..., HGNC:21575: ..., HGNC:21653: ..., HGNC:21699: ..., HGNC:22219: ..., HGNC:2343: ..., HGNC:2383: ..., HGNC:2567: ..., HGNC:25808: ..., HGNC:26147: ..., HGNC:26498: ..., HGNC:26527: ..., HGNC:27232: ..., HGNC:29077: ..., HGNC:29326: ..., HGNC:30078: ..., HGNC:30391: ..., HGNC:30859: ..., HGNC:32528: ..., HGNC:34: ..., HGNC:34383: ..., HGNC:348: ..., HGNC:3960: ..., HGNC:4679: ..., HGNC:5385: ..., HGNC:6052: ..., HGNC:6685: ..., HGNC:6816: ..., HGNC:694: ..., HGNC:7027: ..., HGNC:7745: ..., HGNC:7974: ..., HGNC:8002: ..., HGNC:8785: ..., HGNC:8786: ..., HGNC:8789: ..., HGNC:9454: ..., HGNC:967: ..., HGNC:9921: ..., HGNC:9942: ..., HGNC:9990: ...}, id: 'MONDO:0019200', label: 'retinitis pigmentosa'}, Orphanet:79333: Object{genes: Object{HGNC:18622: ...}, id: 'MONDO:0012118', label: 'COG7-CDG'}, Orphanet:794: Object{genes: Object{HGNC:12428: ..., HGNC:3689: ...}, id: 'MONDO:0007042', label: 'Saethre-Chotzen syndrome'}, Orphanet:79402: Object{genes: Object{HGNC:2194: ..., HGNC:6158: ..., HGNC:6483: ..., HGNC:6490: ..., HGNC:6493: ...}, id: 'MONDO:0019307', label: 'generalized junctional epidermolysis bullosa non-Herlitz type'}, Orphanet:79404: Object{genes: Object{HGNC:6483: ..., HGNC:6490: ..., HGNC:6493: ...}, id: 'MONDO:0009182', label: 'junctional epidermolysis bullosa Herlitz type'}, Orphanet:83: Object{genes: Object{HGNC:3689: ...}, id: 'MONDO:0008803', label: 'Antley-Bixler syndrome'}, Orphanet:839: Object{genes: Object{HGNC:7908: ...}, id: 'MONDO:0009732', label: 'congenital nephrotic syndrome, Finnish type'}, Orphanet:86830: null, Orphanet:87: Object{genes: Object{HGNC:3689: ...}, id: 'MONDO:0007041', label: 'apert syndrome'}, Orphanet:899: Object{genes: Object{HGNC:13530: ..., HGNC:15685: ..., HGNC:17997: ..., HGNC:19139: ..., HGNC:19743: ..., HGNC:2202: ..., HGNC:25902: ..., HGNC:26267: ..., HGNC:2666: ..., HGNC:28596: ..., HGNC:3622: ..., HGNC:37276: ..., HGNC:6511: ..., HGNC:9202: ...}, id: 'MONDO:0019523', label: 'Walker-Warburg syndrome'}, Orphanet:93258: Object{genes: Object{HGNC:3688: ..., HGNC:3689: ...}, id: 'MONDO:0019659', label: 'Pfeiffer syndrome type 1'}, Orphanet:93259: Object{genes: Object{HGNC:3689: ...}, id: 'MONDO:0019660', label: 'Pfeiffer syndrome type 2'}, Orphanet:93260: Object{genes: Object{HGNC:3689: ...}, id: 'MONDO:0019661', label: 'Pfeiffer syndrome type 3'}, Orphanet:93339: Object{genes: Object{HGNC:4317: ...}, id: 'MONDO:0008269', label: 'polydactyly of a biphalangeal thumb'}, Orphanet:98757: Object{genes: Object{HGNC:7106: ...}, id: 'MONDO:0007182', label: 'Machado-Joseph disease'}, Orphanet:98853: Object{genes: Object{HGNC:17084: ..., HGNC:17089: ..., HGNC:28472: ..., HGNC:6636: ...}, id: 'MONDO:0020336', label: 'autosomal dominant Emery-Dreifuss muscular dystrophy'}}
,HeadlessChrome 86.0.4240 (Windows 10.0.0) LOG: []
,HeadlessChrome 86.0.4240 (Windows 10.0.0) LOG: 'save Notes'
,HeadlessChrome 86.0.4240 (Windows 10.0.0) WARN: 'Navigation triggered outside Angular zone, did you forget to call 'ngZone.run()'?'
,HeadlessChrome 86.0.4240 (Windows 10.0.0) LOG: 'cancel pending request'
,HeadlessChrome 86.0.4240 (Windows 10.0.0) LOG: []
,HeadlessChrome 86.0.4240 (Windows 10.0.0) LOG: []
,HeadlessChrome 86.0.4240 (Windows 10.0.0) LOG: []
,HeadlessChrome 86.0.4240 (Windows 10.0.0) LOG: 'save filters'
,HeadlessChrome 86.0.4240 (Windows 10.0.0) WARN: 'Navigation triggered outside Angular zone, did you forget to call 'ngZone.run()'?'
,HeadlessChrome 86.0.4240 (Windows 10.0.0) LOG: 'cancel pending request'
,HeadlessChrome 86.0.4240 (Windows 10.0.0) LOG: 'save filters'
,HeadlessChrome 86.0.4240 (Windows 10.0.0) WARN: 'Navigation triggered outside Angular zone, did you forget to call 'ngZone.run()'?'
,HeadlessChrome 86.0.4240 (Windows 10.0.0) LOG: 'cancel pending request'
,HeadlessChrome 86.0.4240 (Windows 10.0.0) LOG: 'ng on init'
,HeadlessChrome 86.0.4240 (Windows 10.0.0) LOG: 'cancel pending request'
,HeadlessChrome 86.0.4240 (Windows 10.0.0) LOG: 'cancel pending request'
,HeadlessChrome 86.0.4240 (Windows 10.0.0) LOG: 'ng on init'
,HeadlessChrome 86.0.4240 (Windows 10.0.0) LOG: 'cancel pending request'
,HeadlessChrome 86.0.4240 (Windows 10.0.0) LOG: 'cancel pending request'
,HeadlessChrome 86.0.4240 (Windows 10.0.0) LOG: 'Extracted value: '
,HeadlessChrome 86.0.4240 (Windows 10.0.0) LOG: Object{}
,HeadlessChrome 86.0.4240 (Windows 10.0.0) LOG: 'Extracted value: '
,HeadlessChrome 86.0.4240 (Windows 10.0.0) LOG: Object{}
,HeadlessChrome 86.0.4240 (Windows 10.0.0) LOG: Object{email: 'marta@dx29.dev', password: 'mmmmmmmm'}
,HeadlessChrome 86.0.4240 (Windows 10.0.0) LOG: 'Sign in user'
,HeadlessChrome 86.0.4240 (Windows 10.0.0) LOG: 'Extracted value: '
,HeadlessChrome 86.0.4240 (Windows 10.0.0) LOG: Object{}
,HeadlessChrome 86.0.4240 (Windows 10.0.0) LOG: 'Extracted value: '
,HeadlessChrome 86.0.4240 (Windows 10.0.0) LOG: Object{}
,HeadlessChrome 86.0.4240 (Windows 10.0.0) LOG: 'ng on init'
,HeadlessChrome 86.0.4240 (Windows 10.0.0) LOG: 'cancel pending request'
,HeadlessChrome 86.0.4240 (Windows 10.0.0) LOG: 'cancel pending request'
,HeadlessChrome 86.0.4240 (Windows 10.0.0) LOG: Object{AAAS: Object{diseases: Object{MONDO:0009279: ...}, id: 'HGNC:13666', label: 'AAAS'}, ABCC8: Object{diseases: Object{MONDO:0007455: ..., MONDO:0009415: ..., MONDO:0009734: ..., MONDO:0011643: ..., MONDO:0012480: ..., MONDO:0017184: ..., MONDO:0017187: ..., MONDO:0018911: ..., MONDO:0019207: ..., MONDO:0019333: ..., MONDO:0020525: ...}, id: 'HGNC:59', label: 'ABCC8'}, ABCD1: Object{diseases: Object{MONDO:0010247: ..., MONDO:0015339: ...}, id: 'HGNC:61', label: 'ABCD1'}, ACOX1: Object{diseases: Object{MONDO:0009919: ...}, id: 'HGNC:119', label: 'ACOX1'}, ACTB: Object{diseases: Object{MONDO:0009470: ..., MONDO:0011500: ..., MONDO:0011823: ..., MONDO:0017579: ...}, id: 'HGNC:132', label: 'ACTB'}, ACTG1: Object{diseases: Object{MONDO:0011480: ..., MONDO:0013812: ..., MONDO:0017579: ..., MONDO:0019587: ..., MONDO:0020354: ..., MONDO:0020356: ...}, id: 'HGNC:144', label: 'ACTG1'}, ALDH5A1: Object{diseases: Object{MONDO:0010083: ...}, id: 'HGNC:408', label: 'ALDH5A1'}, ALDH7A1: Object{diseases: Object{MONDO:0009945: ..., MONDO:0020741: ...}, id: 'HGNC:877', label: 'ALDH7A1'}, ALG2: Object{diseases: Object{MONDO:0011933: ..., MONDO:0014543: ..., MONDO:0018144: ...}, id: 'HGNC:23159', label: 'ALG2'}, ALG9: Object{diseases: Object{MONDO:0009890: ..., MONDO:0012117: ...}, id: 'HGNC:15672', label: 'ALG9'}, ARG1: Object{diseases: Object{MONDO:0008814: ...}, id: 'HGNC:663', label: 'ARG1'}, ARID1A: Object{diseases: Object{MONDO:0013819: ..., MONDO:0015452: ...}, id: 'HGNC:11110', label: 'ARID1A'}, ARID1B: Object{diseases: Object{MONDO:0007617: ..., MONDO:0015452: ...}, id: 'HGNC:18040', label: 'ARID1B'}, ARSA: Object{diseases: Object{MONDO:0009591: ..., MONDO:0017729: ..., MONDO:0017730: ...}, id: 'HGNC:713', label: 'ARSA'}, ASL: Object{diseases: Object{MONDO:0008815: ...}, id: 'HGNC:746', label: 'ASL'}, ASPA: Object{diseases: Object{MONDO:0010079: ..., MONDO:0017830: ..., MONDO:0017831: ...}, id: 'HGNC:756', label: 'ASPA'}, ATM: Object{diseases: Object{MONDO:0004948: ..., MONDO:0008840: ..., MONDO:0018266: ..., MONDO:0018876: ...}, id: 'HGNC:795', label: 'ATM'}, ATP7A: Object{diseases: Object{MONDO:0010338: ..., MONDO:0010572: ..., MONDO:0010651: ...}, id: 'HGNC:869', label: 'ATP7A'}, ATRX: Object{diseases: Object{MONDO:0010328: ..., MONDO:0010519: ..., MONDO:0010663: ..., MONDO:0019774: ..., MONDO:0019775: ..., MONDO:0019776: ..., MONDO:0019777: ..., MONDO:0019778: ...}, id: 'HGNC:886', label: 'ATRX'}, CDKL5: Object{diseases: Object{MONDO:0010396: ..., MONDO:0016021: ..., MONDO:0017746: ..., MONDO:0018097: ...}, id: 'HGNC:11411', label: 'CDKL5'}, CEP290: Object{diseases: Object{MONDO:0009480: ..., MONDO:0012432: ..., MONDO:0012433: ..., MONDO:0012626: ..., MONDO:0012723: ..., MONDO:0015229: ..., MONDO:0017842: ..., MONDO:0018921: ..., MONDO:0018998: ...}, id: 'HGNC:29021', label: 'CEP290'}, COL4A1: Object{diseases: Object{MONDO:0008289: ..., MONDO:0008373: ..., MONDO:0011865: ..., MONDO:0012726: ..., MONDO:0018786: ..., MONDO:0018829: ..., MONDO:0019523: ..., MONDO:0020496: ...}, id: 'HGNC:2202', label: 'COL4A1'}, COX10: Object{diseases: Object{MONDO:0009068: ..., MONDO:0009723: ...}, id: 'HGNC:2260', label: 'COX10'}, EPM2A: Object{diseases: Object{MONDO:0009697: ...}, id: 'HGNC:3413', label: 'EPM2A'}, ERCC6: null, EXOSC3: Object{diseases: Object{MONDO:0013853: ..., MONDO:0016396: ...}, id: 'HGNC:17944', label: 'EXOSC3'}, EZH2: Object{diseases: Object{MONDO:0010193: ...}, id: 'HGNC:3527', label: 'EZH2'}, FA2H: Object{diseases: Object{MONDO:0012866: ..., MONDO:0017999: ...}, id: 'HGNC:21197', label: 'FA2H'}, FGFR2: Object{diseases: Object{MONDO:0001056: ..., MONDO:0007041: ..., MONDO:0007042: ..., MONDO:0007043: ..., MONDO:0007400: ..., MONDO:0007405: ..., MONDO:0007412: ..., MONDO:0007872: ..., MONDO:0008803: ..., MONDO:0012307: ..., MONDO:0013815: ..., MONDO:0019659: ..., MONDO:0019660: ..., MONDO:0019661: ..., MONDO:0020667: ...}, id: 'HGNC:3689', label: 'FGFR2'}, FGFR3: Object{diseases: Object{MONDO:0001187: ..., MONDO:0002974: ..., MONDO:0007037: ..., MONDO:0007793: ..., MONDO:0007872: ..., MONDO:0008093: ..., MONDO:0008546: ..., MONDO:0008547: ..., MONDO:0010108: ..., MONDO:0011274: ..., MONDO:0012504: ..., MONDO:0012833: ..., MONDO:0014658: ..., MONDO:0018113: ..., MONDO:0018114: ..., MONDO:0023113: ...}, id: 'HGNC:3690', label: 'FGFR3'}, FH: Object{diseases: Object{MONDO:0007888: ..., MONDO:0011730: ..., MONDO:0017366: ...}, id: 'HGNC:3700', label: 'FH'}, FOXG1: Object{diseases: Object{MONDO:0013270: ..., MONDO:0017746: ...}, id: 'HGNC:3811', label: 'FOXG1'}, GAMT: Object{diseases: Object{MONDO:0012999: ...}, id: 'HGNC:4136', label: 'GAMT'}, GCK: Object{diseases: Object{MONDO:0007453: ..., MONDO:0007455: ..., MONDO:0011236: ..., MONDO:0011643: ..., MONDO:0018911: ...}, id: 'HGNC:4195', label: 'GCK'}, GFAP: null, GMPPA: Object{diseases: Object{MONDO:0009279: ..., MONDO:0014219: ...}, id: 'HGNC:22923', label: 'GMPPA'}, GNAQ: Object{diseases: Object{MONDO:0006486: ..., MONDO:0008094: ..., MONDO:0008501: ..., MONDO:0019325: ...}, id: 'HGNC:4390', label: 'GNAQ'}, GNE: Object{diseases: Object{MONDO:0010028: ..., MONDO:0011603: ...}, id: 'HGNC:23657', label: 'GNE'}, GSS: Object{diseases: Object{MONDO:0009284: ..., MONDO:0009947: ...}, id: 'HGNC:4624', label: 'GSS'}, HLCS: Object{diseases: Object{MONDO:0009666: ...}, id: 'HGNC:4976', label: 'HLCS'}, HMBS: Object{diseases: Object{MONDO:0008294: ...}, id: 'HGNC:4982', label: 'HMBS'}, KANSL1: Object{diseases: Object{MONDO:0012496: ..., MONDO:0018217: ...}, id: 'HGNC:24565', label: 'KANSL1'}, KAT6B: Object{diseases: Object{MONDO:0011365: ..., MONDO:0011640: ..., MONDO:0018997: ...}, id: 'HGNC:17582', label: 'KAT6B'}, KCNJ11: Object{diseases: Object{MONDO:0011153: ..., MONDO:0011643: ..., MONDO:0012522: ..., MONDO:0014589: ..., MONDO:0017185: ..., MONDO:0017188: ..., MONDO:0018911: ..., MONDO:0019207: ..., MONDO:0019334: ..., MONDO:0020525: ..., MONDO:0020569: ...}, id: 'HGNC:6257', label: 'KCNJ11'}, KCNQ2: Object{diseases: Object{MONDO:0007365: ..., MONDO:0011140: ..., MONDO:0013387: ..., MONDO:0016027: ..., MONDO:0017615: ...}, id: 'HGNC:6296', label: 'KCNQ2'}, KCNQ3: Object{diseases: Object{MONDO:0007366: ..., MONDO:0016027: ..., MONDO:0017615: ...}, id: 'HGNC:6297', label: 'KCNQ3'}, LETM1: null, MECP2: Object{diseases: Object{MONDO:0010235: ..., MONDO:0010283: ..., MONDO:0010397: ..., MONDO:0010726: ..., MONDO:0017746: ..., MONDO:0019181: ...}, id: 'HGNC:6990', label: 'MECP2'}, MED12: Object{diseases: Object{MONDO:0010477: ..., MONDO:0010590: ..., MONDO:0010655: ...}, id: 'HGNC:11957', label: 'MED12'}, MLH1: Object{diseases: Object{MONDO:0005835: ..., MONDO:0008018: ..., MONDO:0010159: ..., MONDO:0012249: ...}, id: 'HGNC:7127', label: 'MLH1'}, MPDU1: Object{diseases: Object{MONDO:0012211: ...}, id: 'HGNC:7207', label: 'MPDU1'}, MVK: Object{diseases: Object{MONDO:0008293: ..., MONDO:0009849: ..., MONDO:0012481: ..., MONDO:0019141: ..., MONDO:0019212: ...}, id: 'HGNC:7530', label: 'MVK'}, NELFA: null, NHLRC1: Object{diseases: Object{MONDO:0009697: ...}, id: 'HGNC:21576', label: 'NHLRC1'}, NSD1: Object{diseases: Object{MONDO:0007299: ..., MONDO:0016547: ..., MONDO:0019349: ...}, id: 'HGNC:14234', label: 'NSD1'}, NTNG1: Object{diseases: Object{MONDO:0017746: ...}, id: 'HGNC:23319', label: 'NTNG1'}, OCRL: Object{diseases: Object{MONDO:0010359: ..., MONDO:0010645: ...}, id: 'HGNC:8108', label: 'OCRL'}, OFD1: Object{diseases: Object{MONDO:0010176: ..., MONDO:0010265: ..., MONDO:0010431: ..., MONDO:0010702: ..., MONDO:0016575: ..., MONDO:0019200: ...}, id: 'HGNC:2567', label: 'OFD1'}, PAH: Object{diseases: Object{MONDO:0009861: ..., MONDO:0016366: ..., MONDO:0017389: ..., MONDO:0019258: ..., MONDO:0019259: ..., MONDO:0019335: ...}, id: 'HGNC:8582', label: 'PAH'}, PAX2: Object{diseases: Object{MONDO:0007352: ..., MONDO:0014451: ..., MONDO:0019006: ...}, id: 'HGNC:8616', label: 'PAX2'}, PDGFB: Object{diseases: Object{MONDO:0008947: ..., MONDO:0011789: ..., MONDO:0011934: ..., MONDO:0014204: ..., MONDO:0016642: ...}, id: 'HGNC:8800', label: 'PDGFB'}, PDGFRB: Object{diseases: Object{MONDO:0007546: ..., MONDO:0008947: ..., MONDO:0009227: ..., MONDO:0011150: ..., MONDO:0014004: ..., MONDO:0014704: ..., MONDO:0016824: ...}, id: 'HGNC:8804', label: 'PDGFRB'}, PDHA1: Object{diseases: Object{MONDO:0010717: ..., MONDO:0016815: ...}, id: 'HGNC:8806', label: 'PDHA1'}, PEX1: Object{diseases: Object{MONDO:0008953: ..., MONDO:0009325: ..., MONDO:0011101: ..., MONDO:0018598: ..., MONDO:0019174: ..., MONDO:0019609: ..., MONDO:0024544: ...}, id: 'HGNC:8850', label: 'PEX1'}, PEX10: Object{diseases: Object{MONDO:0013936: ..., MONDO:0013937: ..., MONDO:0016614: ..., MONDO:0018598: ..., MONDO:0019174: ..., MONDO:0019609: ...}, id: 'HGNC:8851', label: 'PEX10'}, PEX11B: Object{diseases: Object{MONDO:0018598: ..., MONDO:0019174: ..., MONDO:0019609: ...}, id: 'HGNC:8853', label: 'PEX11B'}, PEX12: Object{diseases: Object{MONDO:0009959: ..., MONDO:0013927: ..., MONDO:0018598: ..., MONDO:0019174: ..., MONDO:0019609: ...}, id: 'HGNC:8854', label: 'PEX12'}, PEX13: Object{diseases: Object{MONDO:0013949: ..., MONDO:0013950: ..., MONDO:0018598: ..., MONDO:0019174: ..., MONDO:0019609: ...}, id: 'HGNC:8855', label: 'PEX13'}, PEX14: Object{diseases: Object{MONDO:0013952: ..., MONDO:0018598: ..., MONDO:0019174: ..., MONDO:0019609: ...}, id: 'HGNC:8856', label: 'PEX14'}, PEX16: Object{diseases: Object{MONDO:0013942: ..., MONDO:0013943: ..., MONDO:0018598: ..., MONDO:0019174: ..., MONDO:0019609: ...}, id: 'HGNC:8857', label: 'PEX16'}, PEX19: Object{diseases: Object{MONDO:0013951: ..., MONDO:0018598: ..., MONDO:0019174: ..., MONDO:0019609: ...}, id: 'HGNC:9713', label: 'PEX19'}, PEX2: Object{diseases: Object{MONDO:0013932: ..., MONDO:0013933: ..., MONDO:0018598: ..., MONDO:0019174: ..., MONDO:0019609: ...}, id: 'HGNC:9717', label: 'PEX2'}, PEX26: Object{diseases: Object{MONDO:0013938: ..., MONDO:0013939: ..., MONDO:0018598: ..., MONDO:0019174: ..., MONDO:0019609: ...}, id: 'HGNC:22965', label: 'PEX26'}, PEX3: Object{diseases: Object{MONDO:0013948: ..., MONDO:0018598: ..., MONDO:0019174: ..., MONDO:0019609: ...}, id: 'HGNC:8858', label: 'PEX3'}, PEX5: Object{diseases: Object{MONDO:0008736: ..., MONDO:0008954: ..., MONDO:0014743: ..., MONDO:0018598: ..., MONDO:0019174: ..., MONDO:0019609: ...}, id: 'HGNC:9719', label: 'PEX5'}, PEX6: Object{diseases: Object{MONDO:0009325: ..., MONDO:0010061: ..., MONDO:0013930: ..., MONDO:0013931: ..., MONDO:0014709: ..., MONDO:0018598: ..., MONDO:0019174: ..., MONDO:0019609: ...}, id: 'HGNC:8859', label: 'PEX6'}, PEX7: Object{diseases: Object{MONDO:0008972: ..., MONDO:0009958: ..., MONDO:0013945: ...}, id: 'HGNC:8860', label: 'PEX7'}, PROP1: Object{diseases: Object{MONDO:0009878: ..., MONDO:0013099: ..., MONDO:0016411: ..., MONDO:0019591: ...}, id: 'HGNC:9455', label: 'PROP1'}, PRRT2: Object{diseases: Object{MONDO:0007326: ..., MONDO:0007494: ..., MONDO:0011178: ..., MONDO:0011593: ..., MONDO:0012805: ..., MONDO:0017615: ..., MONDO:0018925: ...}, id: 'HGNC:30500', label: 'PRRT2'}, RARS2: Object{diseases: Object{MONDO:0012683: ..., MONDO:0016396: ...}, id: 'HGNC:21406', label: 'RARS2'}, RECQL4: Object{diseases: Object{MONDO:0009039: ..., MONDO:0009955: ..., MONDO:0010002: ..., MONDO:0016369: ...}, id: 'HGNC:9949', label: 'RECQL4'}, SCN1A: Object{diseases: Object{MONDO:0011461: ..., MONDO:0011794: ..., MONDO:0012320: ..., MONDO:0016532: ..., MONDO:0017385: ..., MONDO:0018214: ..., MONDO:0018925: ...}, id: 'HGNC:10585', label: 'SCN1A'}, SCN2A: Object{diseases: Object{MONDO:0011140: ..., MONDO:0011794: ..., MONDO:0011904: ..., MONDO:0013388: ..., MONDO:0016021: ..., MONDO:0017615: ..., MONDO:0018097: ...}, id: 'HGNC:10588', label: 'SCN2A'}, SHH: null, SLC20A2: Object{diseases: Object{MONDO:0008947: ..., MONDO:0024538: ...}, id: 'HGNC:10947', label: 'SLC20A2'}, SMARCA4: Object{diseases: Object{MONDO:0003795: ..., MONDO:0013821: ..., MONDO:0015452: ..., MONDO:0016473: ..., MONDO:0018761: ...}, id: 'HGNC:11100', label: 'SMARCA4'}, SMARCB1: Object{diseases: Object{MONDO:0008075: ..., MONDO:0012252: ..., MONDO:0013820: ..., MONDO:0015452: ..., MONDO:0016473: ..., MONDO:0016642: ..., MONDO:0016995: ..., MONDO:0020560: ...}, id: 'HGNC:11103', label: 'SMARCB1'}, SMARCE1: Object{diseases: Object{MONDO:0014838: ..., MONDO:0015452: ..., MONDO:0016995: ...}, id: 'HGNC:11109', label: 'SMARCE1'}, SNRPN: Object{diseases: Object{MONDO:0008300: ...}, id: 'HGNC:11164', label: 'SNRPN'}, SPG11: Object{diseases: Object{MONDO:0011196: ..., MONDO:0011445: ..., MONDO:0014726: ..., MONDO:0017593: ...}, id: 'HGNC:11226', label: 'SPG11'}, STAMBP: Object{diseases: Object{MONDO:0013659: ...}, id: 'HGNC:16950', label: 'STAMBP'}, SURF1: Object{diseases: Object{MONDO:0009723: ..., MONDO:0014733: ..., MONDO:0016815: ..., MONDO:0019083: ...}, id: 'HGNC:11474', label: 'SURF1'}, TCF4: Object{diseases: Object{MONDO:0005321: ..., MONDO:0012589: ..., MONDO:0013203: ..., MONDO:0015802: ...}, id: 'HGNC:11634', label: 'TCF4'}, TSC1: Object{diseases: Object{MONDO:0006277: ..., MONDO:0008612: ..., MONDO:0011818: ..., MONDO:0017102: ..., MONDO:0019341: ...}, id: 'HGNC:12362', label: 'TSC1'}, TSC2: Object{diseases: Object{MONDO:0006277: ..., MONDO:0013199: ..., MONDO:0017101: ..., MONDO:0017102: ..., MONDO:0019341: ...}, id: 'HGNC:12363', label: 'TSC2'}, TSEN54: Object{diseases: Object{MONDO:0009166: ..., MONDO:0010190: ..., MONDO:0012438: ..., MONDO:0016396: ..., MONDO:0016759: ...}, id: 'HGNC:27561', label: 'TSEN54'}, UBE3A: Object{diseases: Object{MONDO:0007113: ..., MONDO:0018461: ...}, id: 'HGNC:12496', label: 'UBE3A'}, VPS13A: Object{diseases: Object{MONDO:0008695: ...}, id: 'HGNC:1908', label: 'VPS13A'}, WFS1: Object{diseases: Object{MONDO:0009101: ..., MONDO:0010963: ..., MONDO:0013673: ..., MONDO:0018105: ..., MONDO:0019587: ..., MONDO:0020376: ...}, id: 'HGNC:12762', label: 'WFS1'}, ZEB2: Object{diseases: Object{MONDO:0009341: ..., MONDO:0016856: ...}, id: 'HGNC:14881', label: 'ZEB2'}}
,HeadlessChrome 86.0.4240 (Windows 10.0.0) LOG: 'ng on init'
,HeadlessChrome 86.0.4240 (Windows 10.0.0) LOG: 'cancel pending request'
,HeadlessChrome 86.0.4240 (Windows 10.0.0) LOG: 'cancel pending request'
,HeadlessChrome 86.0.4240 (Windows 10.0.0) LOG: Object{MONDO:0007365: Object{genes: Object{HGNC:6296: ...}, id: 'MONDO:0007365', label: 'seizures, benign familial neonatal, 1'}, MONDO:0007366: Object{genes: Object{HGNC:6297: ...}, id: 'MONDO:0007366', label: 'seizures, benign familial neonatal, 2'}, MONDO:0010317: Object{genes: Object{HGNC:18060: ...}, id: 'MONDO:0010317', label: 'intellectual disability, X-linked, with or without seizures, arx-related'}, MONDO:0010429: Object{genes: Object{HGNC:11506: ...}, id: 'MONDO:0010429', label: 'intellectual disability, X-linked 96'}, MONDO:0010451: Object{genes: Object{HGNC:4226: ...}, id: 'MONDO:0010451', label: 'intellectual disability, X-linked 41'}, MONDO:0010898: Object{genes: Object{HGNC:18423: ..., HGNC:6572: ..., HGNC:9957: ...}, id: 'MONDO:0010898', label: 'Autosomal dominant epilepsy with auditory features'}, MONDO:0010899: Object{genes: Object{HGNC:1958: ...}, id: 'MONDO:0010899', label: 'autosomal dominant nocturnal frontal lobe epilepsy 1'}, MONDO:0011416: Object{genes: Object{HGNC:10586: ...}, id: 'MONDO:0011416', label: 'generalized epilepsy with febrile seizures plus, type 1'}, MONDO:0011461: Object{genes: Object{HGNC:10585: ...}, id: 'MONDO:0011461', label: 'generalized epilepsy with febrile seizures plus, type 2'}, MONDO:0011545: Object{genes: Object{HGNC:1962: ...}, id: 'MONDO:0011545', label: 'autosomal dominant nocturnal frontal lobe epilepsy 3'}, MONDO:0011593: Object{genes: Object{HGNC:30500: ...}, id: 'MONDO:0011593', label: 'seizures, benign familial infantile, 2'}, MONDO:0011891: Object{genes: Object{HGNC:4087: ...}, id: 'MONDO:0011891', label: 'febrile seizures, familial, 8'}, MONDO:0012723: Object{genes: Object{HGNC:29021: ...}, id: 'MONDO:0012723', label: 'Leber congenital amaurosis 10'}, MONDO:0012946: Object{genes: Object{HGNC:1754: ...}, id: 'MONDO:0012946', label: 'intellectual disability, autosomal dominant 3'}, MONDO:0013322: Object{genes: Object{HGNC:30550: ...}, id: 'MONDO:0013322', label: 'FAME3'}, MONDO:0013388: Object{genes: Object{HGNC:10588: ...}, id: 'MONDO:0013388', label: 'epileptic encephalopathy, early infantile, 11'}, MONDO:0013470: Object{genes: Object{HGNC:10597: ...}, id: 'MONDO:0013470', label: 'generalized epilepsy with febrile seizures plus, type 7'}, MONDO:0013741: Object{genes: Object{HGNC:17245: ...}, id: 'MONDO:0013741', label: 'familial temporal lobe epilepsy 5'}, MONDO:0013970: Object{genes: Object{HGNC:16902: ...}, id: 'MONDO:0013970', label: 'branched-chain keto acid dehydrogenase kinase deficiency'}, MONDO:0014150: Object{genes: Object{HGNC:1917: ...}, id: 'MONDO:0014150', label: 'childhood onset epileptic encephalopathy'}, MONDO:0014328: Object{genes: Object{HGNC:4075: ...}, id: 'MONDO:0014328', label: 'epileptic encephalopathy, early infantile, 19'}, MONDO:0014333: Object{genes: Object{HGNC:4512: ...}, id: 'MONDO:0014333', label: 'polymicrogyria, bilateral perisylvian, autosomal recessive'}, MONDO:0014517: Object{genes: Object{HGNC:18539: ...}, id: 'MONDO:0014517', label: 'generalized epilepsy with febrile seizures plus, type 9'}, MONDO:0014842: Object{genes: Object{HGNC:29529: ...}, id: 'MONDO:0014842', label: 'intellectual disability, autosomal dominant 41'}, MONDO:0014903: Object{genes: Object{HGNC:10596: ...}, id: 'MONDO:0014903', label: 'seizures, benign familial infantile, 5'}, MONDO:0014924: Object{genes: Object{HGNC:24969: ...}, id: 'MONDO:0014924', label: 'epilepsy, familial focal, with variable foci 2'}, MONDO:0014925: Object{genes: Object{HGNC:14124: ...}, id: 'MONDO:0014925', label: 'epilepsy, familial focal, with variable foci 3'}, MONDO:0020853: Object{genes: Object{HGNC:1181: ...}, id: 'MONDO:0020853', label: 'encephalitis/encephalopathy, mild, with reversible myelin vacuolization'}, MONDO:0024566: Object{genes: Object{HGNC:17245: ...}, id: 'MONDO:0024566', label: 'febrile seizures, familial, 11'}}
,HeadlessChrome 86.0.4240 (Windows 10.0.0) LOG: 'ng on init'
,HeadlessChrome 86.0.4240 (Windows 10.0.0) LOG: 'cancel pending request'
,HeadlessChrome 86.0.4240 (Windows 10.0.0) LOG: 'cancel pending request'
,HeadlessChrome 86.0.4240 (Windows 10.0.0) LOG: Object{MONDO:0007365: Object{children: [], clinical_course: Object{HP:0003623: ...}, clinical_modifier: Object{}, comment: '', desc: 'Cualquier crisis neonatal benigna en la que la causa de la enfermedad es una mutación en el gen KCNQ2.', id: 'MONDO:0007365', inheritance: Object{HP:0000006: ..., HP:0000007: ..., HP:0001425: ...}, is_a: [...], name: 'Convulsiones, neonatal familiar benigna, 1', phenotypes: Object{HP:0001263: ..., HP:0001270: ..., HP:0002069: ..., HP:0002266: ..., HP:0002373: ..., HP:0002411: ...}, subsets: [], synonyms: [..., ..., ..., ..., ..., ..., ..., ...], type: 'cond', xrefs: [..., ..., ...]}, MONDO:0007366: Object{children: [], clinical_course: Object{}, clinical_modifier: Object{}, comment: '', desc: 'Cualquier crisis neonatal benigna en la que la causa de la enfermedad es una mutación en el gen KCNQ3.', id: 'MONDO:0007366', inheritance: Object{HP:0000006: ...}, is_a: [...], name: 'Convulsiones, neonatal familiar benigna, 2', phenotypes: Object{HP:0001263: ..., HP:0002069: ..., HP:0002266: ...}, subsets: [], synonyms: [..., ..., ..., ..., ..., ..., ...], type: 'cond', xrefs: [..., ...]}, MONDO:0007367: Object{children: [], clinical_course: Object{HP:0011463: ...}, clinical_modifier: Object{}, comment: '', desc: null, id: 'MONDO:0007367', inheritance: Object{HP:0000006: ..., HP:0001425: ...}, is_a: [...], name: 'FEB1', phenotypes: Object{HP:0002069: ..., HP:0002373: ..., HP:0010818: ..., HP:0010819: ...}, subsets: [], synonyms: [..., ..., ..., ..., ...], type: 'cond', xrefs: [..., ..., ..., ..., ...]}, MONDO:0007560: Object{children: [], clinical_course: Object{HP:0003621: ...}, clinical_modifier: Object{}, comment: '', desc: null, id: 'MONDO:0007560', inheritance: Object{HP:0000006: ...}, is_a: [...], name: 'Crisis de lectura', phenotypes: Object{HP:0001250: ..., HP:0002353: ...}, subsets: [...], synonyms: [...], type: 'cond', xrefs: [..., ..., ..., ..., ...]}, MONDO:0007713: Object{children: [], clinical_course: Object{}, clinical_modifier: Object{}, comment: '', desc: null, id: 'MONDO:0007713', inheritance: Object{HP:0000006: ...}, is_a: [...], name: 'Espasmo hemifacial clonal.', phenotypes: Object{HP:0000707: ..., HP:0010828: ...}, subsets: [...], synonyms: [..., ..., ..., ...], type: 'cond', xrefs: [..., ..., ..., ..., ..., ..., ..., ...]}, MONDO:0008041: Object{children: [], clinical_course: Object{}, clinical_modifier: Object{}, comment: '', desc: null, id: 'MONDO:0008041', inheritance: Object{HP:0000006: ...}, is_a: [...], name: 'Epilepsia mioclónica, tipo Hartung.', phenotypes: Object{HP:0002123: ...}, subsets: [], synonyms: [...], type: 'cond', xrefs: [..., ..., ...]}, MONDO:0008588: Object{children: [], clinical_course: Object{}, clinical_modifier: Object{}, comment: '', desc: 'La geniospasm hereditaria es un trastorno del movimiento caracterizado por episodios de temblor involuntario de mentón y labio inferior.', id: 'MONDO:0008588', inheritance: Object{HP:0000006: ...}, is_a: [...], name: 'Geniospasm hereditaria.', phenotypes: Object{HP:0000739: ..., HP:0012462: ...}, subsets: [..., ...], synonyms: [..., ..., ..., ..., ..., ..., ..., ..., ..., ...], type: 'cond', xrefs: [..., ..., ..., ..., ..., ..., ..., ...]}, MONDO:0008836: Object{children: [], clinical_course: Object{}, clinical_modifier: Object{}, comment: '', desc: null, id: 'MONDO:0008836', inheritance: Object{HP:0000007: ...}, is_a: [...], name: 'Ataxia con epilepsia mioclónica y demencia presenil.', phenotypes: Object{HP:0000726: ..., HP:0001250: ..., HP:0001251: ..., HP:0001271: ..., HP:0001336: ..., HP:0002123: ...}, subsets: [], synonyms: [...], type: 'cond', xrefs: [..., ..., ...]}, MONDO:0008945: Object{children: [], clinical_course: Object{}, clinical_modifier: Object{}, comment: '', desc: 'Enfermedad marcada por ataxia cerebelosa progresiva combinada con mioclono que habitualmente se presenta en la tercera década de la vida o posterior. Las características clínicas adicionales pueden incluir convulsiones generalizadas y focales, espasticidad y discinesias. Se han notificado patrones de herencia autosómica recesiva y autosómica dominante. Patológicamente, el núcleo dentado y la conjunctivum tibio del cerebelo son atróficos, con afectación variable de la médula espinal, corteza cerebelosa y ganglios basales. (De Junta, Neurología clínica, 1991, Ch37, PP60-1)', id: 'MONDO:0008945', inheritance: Object{HP:0000007: ...}, is_a: [..., ...], name: 'Dissinergia cerebelosa mioclónica.', phenotypes: Object{HP:0001251: ..., HP:0001336: ..., HP:0001939: ..., HP:0007047: ...}, subsets: [], synonyms: [..., ..., ..., ..., ..., ..., ..., ..., ..., ..., ...], type: 'cond', xrefs: [..., ..., ..., ..., ..., ..., ...]}, MONDO:0009013: Object{children: [], clinical_course: Object{HP:0001522: ...}, clinical_modifier: Object{}, comment: '', desc: null, id: 'MONDO:0009013', inheritance: Object{HP:0000007: ...}, is_a: [...], name: 'Trastorno convulsivo, familiar, con inicio prenatal o precoz.', phenotypes: Object{HP:0001249: ..., HP:0001250: ..., HP:0001336: ...}, subsets: [], synonyms: [...], type: 'cond', xrefs: [..., ..., ...]}, MONDO:0009077: Object{children: [], clinical_course: Object{}, clinical_modifier: Object{}, comment: '', desc: null, id: 'MONDO:0009077', inheritance: Object{HP:0000007: ...}, is_a: [...], name: 'Sordera, epilepsia mioclónica congénita y familiar.', phenotypes: Object{HP:0000365: ..., HP:0001336: ..., HP:0002123: ...}, subsets: [], synonyms: [...], type: 'cond', xrefs: [..., ..., ...]}, MONDO:0009186: Object{children: [], clinical_course: Object{}, clinical_modifier: Object{}, comment: '', desc: null, id: 'MONDO:0009186', inheritance: Object{HP:0000007: ...}, is_a: [...], name: 'Epilepsia, fotogénica, con diplegia espástica y retraso mental.', phenotypes: Object{HP:0001249: ..., HP:0001264: ..., HP:0007207: ...}, subsets: [], synonyms: [...], type: 'cond', xrefs: [..., ..., ...]}, MONDO:0009497: Object{children: [], clinical_course: Object{}, clinical_modifier: Object{}, comment: '', desc: null, id: 'MONDO:0009497', inheritance: Object{HP:0000007: ...}, is_a: [...], name: 'Trastorno convulsivo Kifafa.', phenotypes: Object{HP:0001249: ..., HP:0001250: ..., HP:0006932: ...}, subsets: [...], synonyms: [..., ..., ..., ...], type: 'cond', xrefs: [..., ..., ..., ...]}, MONDO:0009696: Object{children: [], clinical_course: Object{}, clinical_modifier: Object{}, comment: '', desc: 'La epilepsia mioclónica juvenil es el síndrome de epilepsia generalizada idiopática hereditaria más frecuente y se caracteriza por sacudidas mioclónicas de las extremidades superiores al despertar, convulsiones tónico-clónicas generalizadas que se manifiestan durante la adolescencia y desencadenadas por privación del sueño, ingesta de alcohol y actividades cognitivas, y convulsiones típicas de ausencia (30% de los casos).', id: 'MONDO:0009696', inheritance: Object{}, is_a: [..., ..., ..., ..., ...], name: 'Epilepsia mioclónica juvenil.', phenotypes: Object{HP:0000153: ..., HP:0000496: ..., HP:0000718: ..., HP:0001249: ..., HP:0002069: ..., HP:0002121: ..., HP:0002133: ..., HP:0002197: ..., HP:0002373: ..., HP:0002392: ..., HP:0007000: ..., HP:0007207: ..., HP:0012001: ...}, subsets: [..., ..., ...], synonyms: [..., ..., ..., ..., ..., ..., ..., ..., ..., ..., ...], type: 'cond', xrefs: [..., ..., ..., ..., ..., ..., ..., ..., ..., ..., ..., ..., ...]}, MONDO:0009976: Object{children: [], clinical_course: Object{}, clinical_modifier: Object{}, comment: '', desc: null, id: 'MONDO:0009976', inheritance: Object{HP:0000007: ...}, is_a: [...], name: 'Degeneración retiniana y epilepsia.', phenotypes: Object{HP:0000546: ..., HP:0001250: ...}, subsets: [], synonyms: [...], type: 'cond', xrefs: [..., ..., ...]}, MONDO:0010317: Object{children: [], clinical_course: Object{}, clinical_modifier: Object{}, comment: '', desc: null, id: 'MONDO:0010317', inheritance: Object{HP:0001419: ...}, is_a: [...], name: 'Discapacidad intelectual, ligada al cromosoma X, con o sin convulsiones, relacionada con la ARX', phenotypes: Object{HP:0000629: ..., HP:0000637: ..., HP:0001249: ..., HP:0001250: ...}, subsets: [], synonyms: [..., ..., ..., ..., ..., ..., ..., ..., ..., ..., ..., ...], type: 'cond', xrefs: [..., ..., ..., ...]}, MONDO:0010329: Object{children: [], clinical_course: Object{}, clinical_modifier: Object{}, comment: '', desc: null, id: 'MONDO:0010329', inheritance: Object{HP:0001419: ...}, is_a: [...], name: 'MRX77', phenotypes: Object{HP:0000752: ..., HP:0001249: ..., HP:0002373: ...}, subsets: [], synonyms: [..., ..., ...], type: 'cond', xrefs: [..., ..., ...]}, MONDO:0010388: Object{children: [], clinical_course: Object{}, clinical_modifier: Object{}, comment: '', desc: null, id: 'MONDO:0010388', inheritance: Object{HP:0000006: ...}, is_a: [...], name: 'Epilepsia rolandic, retraso mental y dispraxia del habla, ligada al cromosoma X.', phenotypes: Object{HP:0001250: ..., HP:0001256: ..., HP:0007095: ..., HP:0007359: ..., HP:0011098: ...}, subsets: [], synonyms: [..., ..., ...], type: 'cond', xrefs: [..., ..., ...]}, MONDO:0010429: Object{children: [], clinical_course: Object{}, clinical_modifier: Object{}, comment: '', desc: 'Cualquier discapacidad intelectual ligada al cromosoma X no syndromic en la que la causa de la enfermedad es una mutación en el gen SYP.', id: 'MONDO:0010429', inheritance: Object{HP:0001419: ..., HP:0001423: ...}, is_a: [...], name: 'Discapacidad intelectual, ligada al cromosoma X 96.', phenotypes: Object{HP:0001249: ..., HP:0001250: ...}, subsets: [], synonyms: [..., ..., ..., ..., ..., ...], type: 'cond', xrefs: [..., ...]}, MONDO:0010451: Object{children: [], clinical_course: Object{}, clinical_modifier: Object{}, comment: '', desc: 'Cualquier discapacidad intelectual ligada al cromosoma X no syndromic en la que la causa de la enfermedad es una mutación en el gen GDI1.', id: 'MONDO:0010451', inheritance: Object{HP:0001417: ..., HP:0001423: ...}, is_a: [...], name: 'Discapacidad intelectual, ligada al cromosoma X 41.', phenotypes: Object{HP:0001249: ..., HP:0001263: ..., HP:0001290: ..., HP:0002121: ...}, subsets: [], synonyms: [..., ..., ..., ..., ..., ..., ...], type: 'cond', xrefs: [..., ...]}, MONDO:0010454: Object{children: [], clinical_course: Object{}, clinical_modifier: Object{}, comment: '', desc: null, id: 'MONDO:0010454', inheritance: Object{HP:0001417: ...}, is_a: [...], name: 'MRX88', phenotypes: Object{HP:0000717: ..., HP:0001249: ..., HP:0001250: ..., HP:0001263: ...}, subsets: [], synonyms: [..., ..., ...], type: 'cond', xrefs: [..., ...]}, MONDO:0010608: Object{children: [], clinical_course: Object{}, clinical_modifier: Object{}, comment: '', desc: null, id: 'MONDO:0010608', inheritance: Object{HP:0001419: ...}, is_a: [...], name: 'Síndrome de HHHH.', phenotypes: Object{HP:0000924: ..., HP:0001250: ..., HP:0001269: ..., HP:0100556: ...}, subsets: [], synonyms: [..., ...], type: 'cond', xrefs: [..., ..., ...]}, MONDO:0010652: Object{children: [], clinical_course: Object{}, clinical_modifier: Object{}, comment: '', desc: 'En cuatro primos varones se ha descrito el síndrome de discapacidad-crisis-psoriasis ligado al cromosoma X. Se cree que el modo de herencia es recesivo ligado al cromosoma X.', id: 'MONDO:0010652', inheritance: Object{HP:0001417: ...}, is_a: [...], name: 'Síndrome de discapacidad intelectual ligada a X-crisis-psoriasis', phenotypes: Object{HP:0001249: ..., HP:0001250: ..., HP:0003538: ..., HP:0003765: ..., HP:0008064: ...}, subsets: [...], synonyms: [..., ..., ..., ..., ..., ...], type: 'cond', xrefs: [..., ..., ..., ..., ..., ..., ...]}, MONDO:0010682: Object{children: [], clinical_course: Object{}, clinical_modifier: Object{}, comment: 'TODO check', desc: null, id: 'MONDO:0010682', inheritance: Object{HP:0001417: ...}, is_a: [..., ..., ...], name: 'Epilepsia mioclónica, progresiva.', phenotypes: Object{HP:0002123: ...}, subsets: [], synonyms: [...], type: 'cond', xrefs: [...]}, MONDO:0010694: Object{children: [], clinical_course: Object{}, clinical_modifier: Object{}, comment: '', desc: null, id: 'MONDO:0010694', inheritance: Object{HP:0001423: ...}, is_a: [..., ...], name: 'Nistagmo, mioclónica', phenotypes: Object{HP:0000639: ..., HP:0001336: ...}, subsets: [...], synonyms: [..., ...], type: 'cond', xrefs: [..., ..., ..., ...]}, MONDO:0010898: Object{children: [], clinical_course: Object{}, clinical_modifier: Object{HP:0003829: ...}, comment: 'Nota del editor: dividir el tipo genérico', desc: 'Afección autosómica dominante que se caracteriza por convulsiones parciales originadas en el lóbulo temporal y a menudo acompañadas de manifestaciones sensoriales auditivas.', id: 'MONDO:0010898', inheritance: Object{HP:0000006: ...}, is_a: [..., ...], name: 'Epilepsia autosómica dominante con características auditivas.', phenotypes: Object{HP:0002349: ..., HP:0002384: ..., HP:0007334: ..., HP:0011158: ...}, subsets: [...], synonyms: [..., ..., ..., ..., ..., ..., ..., ..., ..., ..., ..., ..., ..., ..., ..., ..., ...], type: 'cond', xrefs: [..., ..., ..., ..., ..., ..., ..., ...]}, MONDO:0010899: Object{children: [], clinical_course: Object{HP:0011463: ...}, clinical_modifier: Object{HP:0003829: ...}, comment: '', desc: 'Cualquier epilepsia del lóbulo frontal nocturna autosómica dominante en la que la causa de la enfermedad es una mutación en el gen CHRNA4.', id: 'MONDO:0010899', inheritance: Object{HP:0000006: ...}, is_a: [..., ...], name: 'Epilepsia del lóbulo frontal nocturna autosómica dominante 1', phenotypes: Object{HP:0001249: ..., HP:0001250: ..., HP:0007359: ...}, subsets: [], synonyms: [..., ..., ..., ..., ..., ..., ..., ...], type: 'cond', xrefs: [..., ..., ..., ...]}, MONDO:0010918: Object{children: [], clinical_course: Object{}, clinical_modifier: Object{}, comment: '', desc: null, id: 'MONDO:0010918', inheritance: Object{HP:0000006: ...}, is_a: [...], name: 'EIG1', phenotypes: Object{HP:0002069: ..., HP:0002121: ..., HP:0002123: ..., HP:0010849: ...}, subsets: [...], synonyms: [..., ...], type: 'cond', xrefs: [..., ..., ..., ...]}, MONDO:0011231: Object{children: [], clinical_course: Object{HP:0003593: ...}, clinical_modifier: Object{}, comment: '', desc: null, id: 'MONDO:0011231', inheritance: Object{HP:0000006: ..., HP:0001425: ...}, is_a: [...], name: 'FEB2', phenotypes: Object{HP:0002069: ..., HP:0002373: ..., HP:0010818: ..., HP:0010819: ...}, subsets: [], synonyms: [..., ..., ..., ...], type: 'cond', xrefs: [..., ..., ...]}, MONDO:0011297: Object{children: [], clinical_course: Object{}, clinical_modifier: Object{}, comment: '', desc: 'Epilepsia del lóbulo frontal nocturna autosómica dominante que has_material_basis_in variación en la región cromosómica 15q24.', id: 'MONDO:0011297', inheritance: Object{HP:0000006: ...}, is_a: [..., ...], name: 'Epilepsia del lóbulo frontal nocturna autosómica dominante 2', phenotypes: Object{HP:0000708: ..., HP:0000716: ..., HP:0000718: ..., HP:0002069: ..., HP:0002133: ...}, subsets: [], synonyms: [..., ..., ..., ..., ...], type: 'cond', xrefs: [..., ..., ..., ...]}, MONDO:0011416: Object{children: [], clinical_course: Object{}, clinical_modifier: Object{HP:0003829: ...}, comment: '', desc: null, id: 'MONDO:0011416', inheritance: Object{HP:0000006: ...}, is_a: [...], name: 'Epilepsia generalizada con crisis febriles más, tipo 1', phenotypes: Object{HP:0002069: ..., HP:0002121: ..., HP:0002373: ..., HP:0010819: ...}, subsets: [], synonyms: [..., ..., ..., ...], type: 'cond', xrefs: [..., ..., ...]}, MONDO:0011443: Object{children: [], clinical_course: Object{HP:0003593: ..., HP:0011463: ...}, clinical_modifier: Object{}, comment: '', desc: 'Cualquier crisis febril, familiar en la que la causa de la enfermedad es una mutación en el gen ADGRV1.', id: 'MONDO:0011443', inheritance: Object{HP:0000006: ..., HP:0001425: ...}, is_a: [...], name: 'Convulsiones febriles, familiares, 4', phenotypes: Object{HP:0002069: ..., HP:0002373: ..., HP:0010818: ..., HP:0010819: ...}, subsets: [], synonyms: [..., ..., ..., ..., ..., ..., ...], type: 'cond', xrefs: [..., ..., ...]}, MONDO:0011461: Object{children: [], clinical_course: Object{HP:0011463: ...}, clinical_modifier: Object{HP:0003828: ...}, comment: '', desc: 'Cualquier crisis febril, familiar en la que la causa de la enfermedad es una mutación en el gen SCN1A.', id: 'MONDO:0011461', inheritance: Object{HP:0000006: ...}, is_a: [..., ..., ...], name: 'Epilepsia generalizada con convulsiones febriles más, tipo 2.', phenotypes: Object{HP:0002069: ..., HP:0002121: ..., HP:0002123: ..., HP:0002373: ..., HP:0006813: ..., HP:0007359: ..., HP:0010818: ..., HP:0010819: ...}, subsets: [], synonyms: [..., ..., ..., ..., ..., ..., ...], type: 'cond', xrefs: [..., ..., ...]}, MONDO:0011491: Object{children: [], clinical_course: Object{}, clinical_modifier: Object{}, comment: '', desc: null, id: 'MONDO:0011491', inheritance: Object{HP:0000007: ...}, is_a: [...], name: 'EIG7', phenotypes: Object{HP:0001336: ..., HP:0002069: ...}, subsets: [...], synonyms: [..., ..., ..., ...], type: 'cond', xrefs: [...]}, MONDO:0011545: Object{children: [], clinical_course: Object{}, clinical_modifier: Object{}, comment: '', desc: 'Cualquier epilepsia del lóbulo frontal nocturna autosómica dominante en la que la causa de la enfermedad es una mutación en el gen CHRNB2.', id: 'MONDO:0011545', inheritance: Object{HP:0000006: ...}, is_a: [..., ...], name: 'Epilepsia del lóbulo frontal nocturna autosómica dominante 3', phenotypes: Object{HP:0001250: ...}, subsets: [], synonyms: [..., ..., ..., ..., ..., ..., ..., ...], type: 'cond', xrefs: [..., ..., ..., ...]}, MONDO:0011593: Object{children: [], clinical_course: Object{}, clinical_modifier: Object{HP:0003829: ...}, comment: '', desc: null, id: 'MONDO:0011593', inheritance: Object{HP:0000006: ...}, is_a: [...], name: 'Convulsiones, benignas familiares infantiles, 2', phenotypes: Object{HP:0002076: ..., HP:0002197: ..., HP:0007359: ..., HP:0012759: ..., HP:0040168: ...}, subsets: [], synonyms: [..., ..., ..., ..., ...], type: 'cond', xrefs: [..., ..., ...]}, MONDO:0011733: Object{children: [], clinical_course: Object{}, clinical_modifier: Object{}, comment: '', desc: null, id: 'MONDO:0011733', inheritance: Object{}, is_a: [...], name: 'PSMNSB', phenotypes: Object{HP:0001336: ..., HP:0003763: ...}, subsets: [], synonyms: [..., ..., ..., ..., ..., ...], type: 'cond', xrefs: [..., ..., ...]}, MONDO:0011844: Object{children: [], clinical_course: Object{}, clinical_modifier: Object{}, comment: '', desc: 'Distonía mioclónica caracterizada por herencia autosómica dominante que has_material_basis_in variación en la región cromosómica 18p11.', id: 'MONDO:0011844', inheritance: Object{HP:0000006: ..., HP:0001425: ...}, is_a: [...], name: 'Distonía mioclónica 15', phenotypes: Object{HP:0001332: ..., HP:0001336: ..., HP:0002356: ...}, subsets: [], synonyms: [..., ..., ..., ...], type: 'cond', xrefs: [..., ..., ..., ..., ..., ...]}, MONDO:0011875: Object{children: [], clinical_course: Object{}, clinical_modifier: Object{}, comment: '', desc: 'Cualquier epilepsia generalizada en la que la causa de la enfermedad es una mutación en el gen CLCN2.', id: 'MONDO:0011875', inheritance: Object{HP:0000006: ...}, is_a: [..., ..., ...], name: 'Epilepsia, generalizada idiopática, susceptibilidad a, 11.', phenotypes: Object{HP:0002121: ..., HP:0002123: ..., HP:0007193: ...}, subsets: [...], synonyms: [..., ..., ..., ..., ..., ..., ..., ..., ...], type: 'cond', xrefs: [...]}, MONDO:0011876: Object{children: [], clinical_course: Object{}, clinical_modifier: Object{}, comment: '', desc: 'La epilepsia de ausencia juvenil (JAE) es una epilepsia genética con aparición en la pubertad. La JAE se caracteriza por la aparición esporádica de crisis de ausencia, frecuentemente asociadas a una prevalencia prolongada de convulsiones tónico-clónicas generalizadas (GTCS) y sacudidas mioclónicas esporádicas.', id: 'MONDO:0011876', inheritance: Object{}, is_a: [..., ..., ...], name: 'Epilepsia de ausencia juvenil.', phenotypes: Object{HP:0000153: ..., HP:0000496: ..., HP:0001336: ..., HP:0002069: ..., HP:0002121: ..., HP:0002123: ..., HP:0002197: ..., HP:0002373: ..., HP:0002392: ..., HP:0007193: ..., HP:0010849: ...}, subsets: [..., ...], synonyms: [..., ..., ..., ..., ..., ...], type: 'cond', xrefs: [..., ..., ..., ..., ..., ..., ..., ..., ...]}, MONDO:0011891: Object{children: [], clinical_course: Object{HP:0011463: ...}, clinical_modifier: Object{HP:0003829: ...}, comment: '', desc: 'Epilepsia de ausencia infantil caracterizada por mutaciones en el gen GABRG2, que causan un espectro de trastornos convulsivos, que van desde convulsiones febriles aisladas de inicio precoz (FS) a epilepsia de ausencias infantiles (CAE) hasta epilepsia generalizada con convulsiones febriles más, tipo 3 (GEFS + 3), que tiende a representar un fenotipo más grave.', id: 'MONDO:0011891', inheritance: Object{HP:0000006: ..., HP:0001425: ...}, is_a: [..., ..., ..., ..., ...], name: 'Convulsiones febriles, familiares, 8', phenotypes: Object{HP:0002069: ..., HP:0002121: ..., HP:0002373: ..., HP:0002392: ..., HP:0010849: ...}, subsets: [...], synonyms: [..., ..., ..., ..., ..., ..., ..., ..., ..., ..., ..., ..., ...], type: 'cond', xrefs: [..., ..., ..., ..., ...]}, MONDO:0011892: Object{children: [], clinical_course: Object{HP:0003621: ...}, clinical_modifier: Object{}, comment: '', desc: 'Cualquier epilepsia generalizada en la que la causa de la enfermedad es una mutación en el gen CACNB4.', id: 'MONDO:0011892', inheritance: Object{HP:0000006: ..., HP:0001425: ...}, is_a: [...], name: 'Epilepsia, generalizada idiopática, susceptibilidad a, 9', phenotypes: Object{HP:0001249: ..., HP:0002121: ..., HP:0002392: ..., HP:0007000: ..., HP:0007193: ...}, subsets: [...], synonyms: [..., ..., ..., ..., ..., ..., ..., ...], type: 'cond', xrefs: [...]}, MONDO:0011965: Object{children: [], clinical_course: Object{HP:0003674: ...}, clinical_modifier: Object{HP:0003829: ...}, comment: '', desc: 'Epilepsia del lóbulo temporal caracterizada por herencia autosómica dominante de convulsiones complejas o parciales y convulsiones febriles en la infancia que has_material_basis_in variación en la región cromosómica 12q22-q 23.3.', id: 'MONDO:0011965', inheritance: Object{HP:0000006: ...}, is_a: [..., ...], name: 'Epilepsia del lóbulo temporal familiar 2', phenotypes: Object{HP:0002069: ..., HP:0002133: ..., HP:0002349: ..., HP:0002373: ..., HP:0002384: ...}, subsets: [...], synonyms: [..., ..., ..., ..., ..., ..., ..., ...], type: 'cond', xrefs: [..., ..., ..., ..., ..., ..., ...]}, MONDO:0011990: Object{children: [], clinical_course: Object{HP:0003593: ...}, clinical_modifier: Object{}, comment: '', desc: null, id: 'MONDO:0011990', inheritance: Object{HP:0000006: ...}, is_a: [...], name: 'BFNS3', phenotypes: Object{HP:0002069: ...}, subsets: [], synonyms: [..., ..., ...], type: 'cond', xrefs: [..., ..., ...]}, MONDO:0012113: Object{children: [], clinical_course: Object{}, clinical_modifier: Object{}, comment: '', desc: null, id: 'MONDO:0012113', inheritance: Object{HP:0000007: ...}, is_a: [...], name: 'EIG3', phenotypes: Object{HP:0000992: ..., HP:0001250: ..., HP:0002069: ...}, subsets: [...], synonyms: [..., ..., ..., ...], type: 'cond', xrefs: [...]}, MONDO:0012224: Object{children: [], clinical_course: Object{HP:0011463: ...}, clinical_modifier: Object{}, comment: '', desc: null, id: 'MONDO:0012224', inheritance: Object{HP:0000006: ..., HP:0001425: ...}, is_a: [...], name: 'FEB6', phenotypes: Object{HP:0002069: ..., HP:0002373: ..., HP:0010818: ..., HP:0010819: ...}, subsets: [], synonyms: [..., ..., ..., ...], type: 'cond', xrefs: [..., ..., ...]}, MONDO:0012226: Object{children: [], clinical_course: Object{HP:0011463: ...}, clinical_modifier: Object{}, comment: '', desc: null, id: 'MONDO:0012226', inheritance: Object{HP:0000006: ..., HP:0001425: ...}, is_a: [...], name: 'FEB5', phenotypes: Object{HP:0002069: ..., HP:0002373: ..., HP:0010818: ..., HP:0010819: ...}, subsets: [], synonyms: [..., ..., ..., ...], type: 'cond', xrefs: [..., ..., ...]}, MONDO:0012346: Object{children: [], clinical_course: Object{}, clinical_modifier: Object{}, comment: '', desc: null, id: 'MONDO:0012346', inheritance: Object{HP:0000006: ..., HP:0001425: ...}, is_a: [...], name: 'GEFSP4', phenotypes: Object{HP:0002069: ..., HP:0002373: ...}, subsets: [], synonyms: [..., ..., ..., ...], type: 'cond', xrefs: [..., ..., ...]}, MONDO:0012618: Object{children: [], clinical_course: Object{}, clinical_modifier: Object{}, comment: '', desc: null, id: 'MONDO:0012618', inheritance: Object{HP:0000007: ...}, is_a: [...], name: 'MRT10', phenotypes: Object{HP:0001250: ..., HP:0001270: ..., HP:0002342: ...}, subsets: [], synonyms: [..., ..., ..., ...], type: 'cond', xrefs: [..., ..., ...]}, MONDO:0012629: Object{children: [], clinical_course: Object{}, clinical_modifier: Object{HP:0003829: ...}, comment: '', desc: 'Distonía caracterizada por herencia autosómica dominante de ataques de movimientos distónicos o choreathetotic precipitados por estrés, fatiga, ingesta de café o alcohol o menstruación que has_material_basis_in variación en la región cromosómica 2q31.', id: 'MONDO:0012629', inheritance: Object{HP:0000006: ...}, is_a: [...], name: 'Discinesia paroxística nonkinesigenic 2', phenotypes: Object{HP:0001250: ..., HP:0002076: ..., HP:0002268: ...}, subsets: [], synonyms: [..., ..., ..., ..., ...], type: 'cond', xrefs: [..., ..., ..., ..., ...]}, MONDO:0012655: Object{children: [], clinical_course: Object{}, clinical_modifier: Object{}, comment: '', desc: null, id: 'MONDO:0012655', inheritance: Object{HP:0000006: ...}, is_a: [...], name: 'EJM4', phenotypes: Object{HP:0002069: ..., HP:0002121: ..., HP:0002123: ..., HP:0002373: ..., HP:0002392: ...}, subsets: [...], synonyms: [..., ..., ...], type: 'cond', xrefs: [..., ...]}, MONDO:0012705: Object{children: [], clinical_course: Object{}, clinical_modifier: Object{}, comment: '', desc: null, id: 'MONDO:0012705', inheritance: Object{HP:0000006: ..., HP:0001425: ...}, is_a: [..., ...], name: 'Epilepsia familiar del lóbulo temporal 3', phenotypes: Object{HP:0002321: ..., HP:0002349: ..., HP:0002384: ..., HP:0012005: ...}, subsets: [], synonyms: [..., ..., ..., ..., ..., ..., ...], type: 'cond', xrefs: [..., ..., ..., ...]}, MONDO:0012706: Object{children: [], clinical_course: Object{}, clinical_modifier: Object{HP:0003829: ...}, comment: '', desc: 'Epilepsia del lóbulo temporal caracterizada por herencia autosómica dominante de la epilepsia del lóbulo occipitotemporal y migraña con Aura visual y que has_material_basis_in variación en la región cromosómica 9q21-q22.', id: 'MONDO:0012706', inheritance: Object{HP:0000006: ...}, is_a: [...], name: 'Epilepsia familiar del lóbulo temporal 4', phenotypes: Object{HP:0002077: ..., HP:0002349: ..., HP:0002384: ..., HP:0008765: ..., HP:0011165: ...}, subsets: [], synonyms: [..., ..., ..., ..., ..., ..., ...], type: 'cond', xrefs: [..., ..., ..., ...]}, MONDO:0012707: Object{children: [], clinical_course: Object{}, clinical_modifier: Object{}, comment: '', desc: null, id: 'MONDO:0012707', inheritance: Object{HP:0000006: ...}, is_a: [...], name: 'FEB9', phenotypes: Object{HP:0002121: ..., HP:0002373: ..., HP:0010849: ...}, subsets: [], synonyms: [..., ..., ...], type: 'cond', xrefs: [..., ..., ...]}, MONDO:0012723: Object{children: [], clinical_course: Object{}, clinical_modifier: Object{}, comment: '', desc: 'Cualquier amaurosis congénita Leber en la que la causa de la enfermedad es una mutación en el gen CEP290.', id: 'MONDO:0012723', inheritance: Object{HP:0000007: ...}, is_a: [...], name: 'Leber amaurosis congénito 10', phenotypes: Object{HP:0000505: ..., HP:0001250: ..., HP:0004409: ...}, subsets: [...], synonyms: [..., ..., ..., ..., ..., ..., ...], type: 'cond', xrefs: [..., ..., ..., ..., ...]}, MONDO:0012843: Object{children: [], clinical_course: Object{}, clinical_modifier: Object{}, comment: '', desc: 'Cualquier epilepsia de ausencia infantil en la que la causa de la enfermedad es una mutación en el gen GABRB3.', id: 'MONDO:0012843', inheritance: Object{HP:0000006: ...}, is_a: [...], name: 'Epilepsia, ausencia de la infancia, susceptibilidad a, 5', phenotypes: Object{HP:0002121: ...}, subsets: [...], synonyms: [..., ..., ..., ..., ..., ..., ...], type: 'cond', xrefs: [...]}, MONDO:0012946: Object{children: [], clinical_course: Object{}, clinical_modifier: Object{}, comment: '', desc: 'Cualquier discapacidad intelectual no Syndrome autosómica dominante en la que la causa de la enfermedad es una mutación en el gen CDH15.', id: 'MONDO:0012946', inheritance: Object{HP:0000006: ...}, is_a: [...], name: 'Discapacidad intelectual, autosómica dominante 3.', phenotypes: Object{HP:0000729: ..., HP:0001249: ..., HP:0001250: ...}, subsets: [], synonyms: [..., ..., ..., ..., ..., ..., ..., ...], type: 'cond', xrefs: [..., ..., ..., ...]}, MONDO:0013103: Object{children: [], clinical_course: Object{}, clinical_modifier: Object{}, comment: '', desc: 'Cualquier epilepsia mioclónica juvenil en la que la causa de la enfermedad es una mutación en el gen GABRD.', id: 'MONDO:0013103', inheritance: Object{HP:0000006: ...}, is_a: [...], name: 'Epilepsia, generalizada idiopática, susceptibilidad a 10', phenotypes: Object{HP:0002069: ..., HP:0002121: ..., HP:0002123: ..., HP:0002373: ..., HP:0007359: ...}, subsets: [...], synonyms: [..., ..., ..., ..., ..., ..., ..., ..., ..., ..., ..., ...], type: 'cond', xrefs: [...]}, MONDO:0013322: Object{children: [], clinical_course: Object{HP:0003581: ..., HP:0003680: ..., HP:0011463: ...}, clinical_modifier: Object{}, comment: '', desc: null, id: 'MONDO:0013322', inheritance: Object{HP:0000006: ...}, is_a: [..., ...], name: 'FAME3', phenotypes: Object{HP:0001312: ..., HP:0001336: ..., HP:0001337: ..., HP:0001340: ..., HP:0001351: ..., HP:0002069: ..., HP:0002355: ..., HP:0007359: ..., HP:0010852: ...}, subsets: [], synonyms: [..., ..., ..., ...], type: 'cond', xrefs: [..., ..., ...]}, MONDO:0013388: Object{children: [], clinical_course: Object{HP:0003593: ...}, clinical_modifier: Object{HP:0003828: ...}, comment: '', desc: 'Cualquier encefalopatía epiléptica infantil precoz en la que la causa de la enfermedad es una mutación en el gen SCN2A.', id: 'MONDO:0013388', inheritance: Object{HP:0000006: ...}, is_a: [...], name: 'Encefalopatía epiléptica, infantil precoz, 11', phenotypes: Object{HP:0001263: ..., HP:0002069: ..., HP:0002133: ..., HP:0002510: ..., HP:0200134: ...}, subsets: [], synonyms: [..., ..., ..., ..., ..., ...], type: 'cond', xrefs: [..., ...]}, MONDO:0013470: Object{children: [], clinical_course: Object{}, clinical_modifier: Object{HP:0003828: ...}, comment: '', desc: 'Cualquier epilepsia generalizada con convulsiones febriles más en la que la causa de la enfermedad es una mutación en el gen SCN9A.', id: 'MONDO:0013470', inheritance: Object{HP:0000006: ...}, is_a: [...], name: 'Epilepsia generalizada con convulsiones febriles más, tipo 7.', phenotypes: Object{HP:0002069: ..., HP:0002121: ..., HP:0002373: ..., HP:0007359: ..., HP:0010819: ...}, subsets: [], synonyms: [..., ..., ..., ..., ..., ..., ...], type: 'cond', xrefs: [..., ...]}, MONDO:0013581: Object{children: [], clinical_course: Object{}, clinical_modifier: Object{}, comment: '', desc: 'Cualquier discapacidad intelectual no Syndrome autosómica dominante en la que la causa de la enfermedad es una mutación en el gen DOCK8.', id: 'MONDO:0013581', inheritance: Object{HP:0000006: ...}, is_a: [...], name: 'Discapacidad intelectual, autosómica dominante 2.', phenotypes: Object{HP:0000750: ..., HP:0001249: ..., HP:0001250: ..., HP:0001263: ...}, subsets: [], synonyms: [..., ..., ..., ..., ..., ..., ..., ...], type: 'cond', xrefs: [..., ..., ...]}, MONDO:0013629: Object{children: [], clinical_course: Object{}, clinical_modifier: Object{}, comment: '', desc: null, id: 'MONDO:0013629', inheritance: Object{HP:0000007: ...}, is_a: [...], name: 'MRT16', phenotypes: Object{HP:0000664: ..., HP:0001249: ..., HP:0001250: ...}, subsets: [], synonyms: [..., ..., ...], type: 'cond', xrefs: [..., ...]}, MONDO:0013665: Object{children: [], clinical_course: Object{}, clinical_modifier: Object{}, comment: '', desc: null, id: 'MONDO:0013665', inheritance: Object{HP:0000006: ...}, is_a: [...], name: 'EJM9', phenotypes: Object{HP:0002121: ..., HP:0002373: ...}, subsets: [...], synonyms: [..., ..., ...], type: 'cond', xrefs: [...]}, MONDO:0013741: Object{children: [], clinical_course: Object{}, clinical_modifier: Object{}, comment: '', desc: 'Epilepsia del lóbulo temporal que has_material_basis_in mutación heterozigótica en el gen CPA6 en el cromosoma 8q13.', id: 'MONDO:0013741', inheritance: Object{HP:0000006: ..., HP:0000007: ...}, is_a: [..., ...], name: 'Epilepsia familiar del lóbulo temporal 5', phenotypes: Object{HP:0001250: ...}, subsets: [], synonyms: [..., ..., ..., ..., ...], type: 'cond', xrefs: [..., ..., ...]}, MONDO:0013970: Object{children: [], clinical_course: Object{}, clinical_modifier: Object{}, comment: '', desc: 'El síndrome de autismo-epilepsia por deficiencia de cadena ramificada de cetoacidóticas deshidrogenasa quinasa es una rara alteración del metabolismo de aminoácidos de cadena ramificada caracterizada por epilepsia de inicio en la infancia, autismo y discapacidad intelectual con niveles reducidos de aminoácidos de cadena ramificada en plasma.', id: 'MONDO:0013970', inheritance: Object{}, is_a: [..., ..., ..., ...], name: 'Déficit de la cinasa de la cadena de Keto ácido deshidrogenasa quinasa', phenotypes: Object{HP:0000717: ..., HP:0001249: ..., HP:0001250: ..., HP:0010892: ...}, subsets: [...], synonyms: [..., ..., ..., ..., ..., ...], type: 'cond', xrefs: [..., ..., ..., ..., ..., ...]}, MONDO:0014055: Object{children: [], clinical_course: Object{HP:0003680: ...}, clinical_modifier: Object{}, comment: '', desc: null, id: 'MONDO:0014055', inheritance: Object{HP:0000006: ...}, is_a: [..., ...], name: 'FAME4', phenotypes: Object{HP:0001250: ..., HP:0001336: ..., HP:0001337: ..., HP:0001340: ..., HP:0001351: ..., HP:0002069: ...}, subsets: [], synonyms: [..., ..., ..., ...], type: 'cond', xrefs: [..., ...]}, MONDO:0014150: Object{children: [], clinical_course: Object{}, clinical_modifier: Object{}, comment: '', desc: 'Epilepsia generalizada idiopática caracterizada por aparición de múltiples convulsiones en los primeros años de vida y asociada a mal pronóstico. Las personas afectadas presentan regresión cognitiva y discapacidad intelectual.', id: 'MONDO:0014150', inheritance: Object{HP:0000006: ...}, is_a: [..., ..., ...], name: 'Encefalopatía epiléptica de inicio en la infancia.', phenotypes: Object{HP:0000729: ..., HP:0000992: ..., HP:0001249: ..., HP:0001250: ..., HP:0001263: ..., HP:0002121: ..., HP:0002123: ..., HP:0002133: ..., HP:0002353: ..., HP:0002373: ..., HP:0002376: ..., HP:0010819: ..., HP:0200134: ...}, subsets: [], synonyms: [..., ..., ..., ..., ..., ...], type: 'cond', xrefs: [..., ..., ..., ...]}, MONDO:0014167: Object{children: [], clinical_course: Object{}, clinical_modifier: Object{}, comment: '', desc: 'Cualquier epilepsia, mioclónica familiar del adulto en la que la causa de la enfermedad es una mutación en el gen CNTN2.', id: 'MONDO:0014167', inheritance: Object{HP:0000007: ...}, is_a: [..., ...], name: 'Epilepsia, mioclónica familiar del adulto, 5', phenotypes: Object{HP:0001250: ..., HP:0001337: ..., HP:0002069: ..., HP:0011157: ..., HP:0011165: ...}, subsets: [], synonyms: [..., ..., ..., ..., ..., ..., ...], type: 'cond', xrefs: [..., ...]}, MONDO:0014308: Object{children: [], clinical_course: Object{}, clinical_modifier: Object{HP:0003829: ...}, comment: 'Nota del editor: TODO.', desc: 'Epilepsia del lóbulo temporal que has_material_basis_in variación en la región cromosómica 3q25-q26.', id: 'MONDO:0014308', inheritance: Object{HP:0000006: ...}, is_a: [...], name: 'Epilepsia del lóbulo temporal familiar 6', phenotypes: Object{HP:0002373: ...}, subsets: [], synonyms: [..., ..., ..., ...], type: 'cond', xrefs: [..., ..., ...]}, MONDO:0014328: Object{children: [], clinical_course: Object{}, clinical_modifier: Object{}, comment: '', desc: 'Cualquier encefalopatía epiléptica infantil precoz en la que la causa de la enfermedad es una mutación en el gen GABRA1.', id: 'MONDO:0014328', inheritance: Object{HP:0000006: ...}, is_a: [...], name: 'Encefalopatía epiléptica, infantil precoz, 19', phenotypes: Object{HP:0001249: ..., HP:0001263: ..., HP:0002121: ..., HP:0002133: ..., HP:0002373: ..., HP:0006813: ..., HP:0010819: ..., HP:0200134: ...}, subsets: [], synonyms: [..., ..., ..., ..., ..., ..., ...], type: 'cond', xrefs: [..., ..., ...]}, MONDO:0014333: Object{children: [], clinical_course: Object{}, clinical_modifier: Object{}, comment: '', desc: null, id: 'MONDO:0014333', inheritance: Object{HP:0000007: ...}, is_a: [...], name: 'Polymicrogyria, perisylviana bilateral, autosómica recesiva.', phenotypes: Object{HP:0001249: ..., HP:0001250: ..., HP:0001270: ..., HP:0002463: ..., HP:0012650: ...}, subsets: [], synonyms: [..., ..., ..., ...], type: 'cond', xrefs: [..., ...]}, MONDO:0014517: Object{children: [], clinical_course: Object{}, clinical_modifier: Object{HP:0003828: ...}, comment: '', desc: 'Cualquier epilepsia generalizada con convulsiones febriles más en la que la causa de la enfermedad es una mutación en el gen STX1B.', id: 'MONDO:0014517', inheritance: Object{HP:0000006: ...}, is_a: [...], name: 'Epilepsia generalizada con convulsiones febriles más, tipo 9.', phenotypes: Object{HP:0001263: ..., HP:0002069: ..., HP:0002121: ..., HP:0002373: ..., HP:0002384: ..., HP:0010819: ...}, subsets: [], synonyms: [..., ..., ..., ..., ..., ..., ..., ...], type: 'cond', xrefs: [..., ...]}, MONDO:0014545: Object{children: [], clinical_course: Object{HP:0003676: ...}, clinical_modifier: Object{}, comment: '', desc: 'Cualquier epilepsia mioclónica progresiva en la que la causa de la enfermedad es una mutación en el gen CERS1.', id: 'MONDO:0014545', inheritance: Object{HP:0000007: ...}, is_a: [..., ..., ...], name: 'Epilepsia mioclónica progresiva tipo 8.', phenotypes: Object{HP:0000726: ..., HP:0001249: ..., HP:0001336: ..., HP:0002069: ..., HP:0100543: ...}, subsets: [...], synonyms: [..., ..., ..., ..., ..., ..., ..., ..., ...], type: 'cond', xrefs: [..., ..., ..., ..., ...]}, MONDO:0014639: Object{children: [], clinical_course: Object{}, clinical_modifier: Object{HP:0003829: ...}, comment: '', desc: 'Epilepsia del lóbulo temporal caracterizada por herencia autosómica dominante de crisis focales con síntomas auditivos prominentes y que has_material_basis_in mutación heterozigótica en el gen RELNA en el cromosoma 7q22.', id: 'MONDO:0014639', inheritance: Object{HP:0000006: ...}, is_a: [...], name: 'Epilepsia familiar del lóbulo temporal 7', phenotypes: Object{HP:0001250: ..., HP:0011158: ...}, subsets: [], synonyms: [..., ..., ..., ..., ...], type: 'cond', xrefs: [..., ..., ...]}, MONDO:0014650: Object{children: [], clinical_course: Object{}, clinical_modifier: Object{}, comment: '', desc: 'Epilepsia del lóbulo temporal caracterizada por herencia autosómica dominante de crisis parciales complejas con generalización secundaria ocasional y que has_material_basis_in mutación heterozigótica en el gen GAL en el cromosoma 11q13.', id: 'MONDO:0014650', inheritance: Object{HP:0000006: ...}, is_a: [...], name: 'Epilepsia familiar del lóbulo temporal 8', phenotypes: Object{HP:0002384: ...}, subsets: [], synonyms: [..., ..., ..., ..., ...], type: 'cond', xrefs: [..., ..., ...]}, MONDO:0014734: Object{children: [], clinical_course: Object{}, clinical_modifier: Object{HP:0003829: ...}, comment: '', desc: null, id: 'MONDO:0014734', inheritance: Object{HP:0000006: ...}, is_a: [...], name: 'Epilepsia, generalizada idiopática, susceptibilidad a 14', phenotypes: Object{HP:0001250: ..., HP:0002069: ..., HP:0002121: ..., HP:0002123: ..., HP:0002373: ...}, subsets: [...], synonyms: [..., ..., ..., ..., ...], type: 'cond', xrefs: [...]}, MONDO:0014815: Object{children: [], clinical_course: Object{HP:0003593: ...}, clinical_modifier: Object{}, comment: '', desc: 'Cualquier discapacidad intelectual no Syndrome autosómica recesiva en la que la causa de la enfermedad es una mutación en el gen LMAN2L.', id: 'MONDO:0014815', inheritance: Object{HP:0000007: ...}, is_a: [...], name: 'Discapacidad intelectual, autosómico recesivo 52.', phenotypes: Object{HP:0001250: ..., HP:0001263: ..., HP:0010864: ...}, subsets: [], synonyms: [..., ..., ..., ..., ..., ...], type: 'cond', xrefs: [..., ...]}, MONDO:0014842: Object{children: [], clinical_course: Object{}, clinical_modifier: Object{}, comment: '', desc: 'Cualquier discapacidad intelectual no Syndrome autosómica dominante en la que la causa de la enfermedad es una mutación en el gen TBL1XR1.', id: 'MONDO:0014842', inheritance: Object{HP:0000006: ...}, is_a: [...], name: 'Discapacidad intelectual, autosómica dominante 41.', phenotypes: Object{HP:0001249: ..., HP:0001250: ..., HP:0001263: ...}, subsets: [], synonyms: [..., ..., ..., ..., ..., ..., ..., ..., ...], type: 'cond', xrefs: [..., ..., ...]}, MONDO:0014903: Object{children: [], clinical_course: Object{}, clinical_modifier: Object{}, comment: '', desc: 'Cualquier epilepsia infantil familiar benigna en la que la causa de la enfermedad es una mutación en el gen SCN8A.', id: 'MONDO:0014903', inheritance: Object{HP:0000006: ...}, is_a: [...], name: 'Convulsiones, benignas familiares infantiles, 5', phenotypes: Object{HP:0002069: ...}, subsets: [], synonyms: [..., ..., ..., ..., ..., ..., ...], type: 'cond', xrefs: [..., ...]}, MONDO:0014924: Object{children: [], clinical_course: Object{}, clinical_modifier: Object{HP:0003829: ...}, comment: '', desc: 'Cualquier epilepsia, focal familiar, con focos variables en los que la causa de la enfermedad es una mutación en el gen NPRL2.', id: 'MONDO:0014924', inheritance: Object{HP:0000006: ...}, is_a: [...], name: 'Epilepsia, focal familiar, con focos variables 2.', phenotypes: Object{HP:0001250: ..., HP:0032046: ...}, subsets: [], synonyms: [..., ..., ..., ..., ..., ...], type: 'cond', xrefs: [..., ...]}, MONDO:0014925: Object{children: [], clinical_course: Object{}, clinical_modifier: Object{HP:0003829: ...}, comment: '', desc: 'Cualquier epilepsia, focal familiar, con focos variables en los que la causa de la enfermedad es una mutación en el gen NPRL3.', id: 'MONDO:0014925', inheritance: Object{HP:0000006: ...}, is_a: [...], name: 'Epilepsia, focal familiar, con focos variables 3.', phenotypes: Object{HP:0001250: ..., HP:0032046: ..., HP:0032052: ...}, subsets: [], synonyms: [..., ..., ..., ..., ..., ...], type: 'cond', xrefs: [..., ...]}, MONDO:0015345: Object{children: [], clinical_course: Object{}, clinical_modifier: Object{}, comment: '', desc: 'La mioclono perioral con ausencias es un síndrome de epilepsia poco frecuente caracterizado por crisis de ausencia con mioclono perioral como principal tipo de crisis, acompañada de crisis tónico-clónicas generalizadas, apareciendo antes o junto con ausencias. La consciencia suele estar alterada, aunque a grado variable. El estado epiléptico de ausencia comúnmente observado, la mala respuesta a los fármacos antiepilépticos y la persistencia de convulsiones en la edad adulta, en presencia de estado neurológico normal e inteligencia, son características clínicas adicionales de este síndrome.', id: 'MONDO:0015345', inheritance: Object{}, is_a: [...], name: 'Mioclono perioral con ausencias.', phenotypes: Object{HP:0001249: ..., HP:0002069: ..., HP:0002121: ..., HP:0002123: ..., HP:0002371: ..., HP:0002527: ..., HP:0004372: ..., HP:0010850: ..., HP:0011168: ..., HP:0012462: ...}, subsets: [...], synonyms: [...], type: 'cond', xrefs: [..., ..., ...]}, MONDO:0016025: Object{children: [], clinical_course: Object{}, clinical_modifier: Object{}, comment: '', desc: 'La epilepsia mioclónica ASTATIC (MAE) es un síndrome de epilepsia poco frecuente de la infancia caracterizado por la aparición de múltiples tipos de convulsiones, incluyendo las crisis mioclónicas-ASTATIC, generalizadas, tónico-clónicas y ausencias, generalmente en niños previamente sanos.', id: 'MONDO:0016025', inheritance: Object{}, is_a: [..., ...], name: 'Epilepsia mioclónica-ascata.', phenotypes: Object{HP:0000718: ..., HP:0000729: ..., HP:0001251: ..., HP:0001260: ..., HP:0001263: ..., HP:0001268: ..., HP:0001336: ..., HP:0002069: ..., HP:0002121: ..., HP:0002123: ..., HP:0002133: ..., HP:0002373: ..., HP:0002376: ..., HP:0007207: ..., HP:0010819: ..., HP:0010849: ..., HP:0011170: ..., HP:0011203: ..., HP:0012658: ..., HP:0100710: ..., HP:0200134: ...}, subsets: [..., ...], synonyms: [..., ..., ..., ..., ..., ..., ..., ..., ...], type: 'cond', xrefs: [..., ..., ..., ..., ..., ...]}, MONDO:0016160: Object{children: [], clinical_course: Object{}, clinical_modifier: Object{}, comment: '', desc: null, id: 'MONDO:0016160', inheritance: Object{}, is_a: [..., ...], name: 'Síndrome de discapacidad intelectual-epilepsia ligada al cromosoma X', phenotypes: Object{HP:0001249: ..., HP:0001250: ...}, subsets: [...], synonyms: [], type: 'cond', xrefs: [..., ..., ...]}, MONDO:0017949: Object{children: [], clinical_course: Object{}, clinical_modifier: Object{}, comment: '', desc: 'La hemorragia cerebral hereditaria con amiloidosis (HCHWA), de tipo Ártico, es una forma de HCHWA (ver este término) caracterizada por una edad de inicio de 54-61 años y demencia progresivo como la enfermedad de Alzheimer, sin hemorragias intracerebrales.', id: 'MONDO:0017949', inheritance: Object{}, is_a: [...], name: 'Amiloidosis ABeta de tipo Ártico.', phenotypes: Object{HP:0000708: ..., HP:0002373: ...}, subsets: [...], synonyms: [..., ..., ...], type: 'cond', xrefs: [..., ..., ..., ...]}, MONDO:0018097: Object{children: [], clinical_course: Object{}, clinical_modifier: Object{}, comment: 'Nota del editor: comprobar la colocación de OMIM IDs y subtipos EIEE', desc: 'El síndrome de West (o espasmos infantiles) se caracteriza por la Asociación de cúmulos de espasmos axiales, retraso psicomotor y un patrón EEG interictal hipsarrítmico. Es el tipo de encefalopatía epiléptica más frecuente. Puede ocurrir en lactantes de otro modo sanos y en aquellos con un desarrollo cognitivo anormal.', id: 'MONDO:0018097', inheritance: Object{}, is_a: [..., ..., ...], name: 'Síndrome de West', phenotypes: Object{HP:0000707: ..., HP:0001336: ..., HP:0002376: ..., HP:0002521: ..., HP:0011121: ..., HP:0012469: ...}, subsets: [...], synonyms: [..., ..., ..., ..., ..., ..., ...], type: 'cond', xrefs: [..., ..., ..., ..., ..., ..., ..., ..., ..., ..., ..., ...]}, MONDO:0019448: Object{children: [], clinical_course: Object{}, clinical_modifier: Object{}, comment: '', desc: 'La epilepsia mioclónica familiar del adulto benigno (BAFME) es un síndrome epiléptico hereditario caracterizado por temblores corticales de la mano, Sacudidas mioclónicas y convulsiones generalizadas o focales ocasionales con un curso de enfermedad no progresivo o muy lento, sin signos de demencia precoz o ataxia cerebelosa.', id: 'MONDO:0019448', inheritance: Object{}, is_a: [..., ...], name: 'Epilepsia mioclónica familiar benigna del adulto.', phenotypes: Object{HP:0001249: ..., HP:0001336: ..., HP:0002197: ..., HP:0002315: ..., HP:0002353: ..., HP:0002378: ..., HP:0007359: ..., HP:0100576: ...}, subsets: [...], synonyms: [..., ..., ..., ..., ..., ..., ..., ...], type: 'cond', xrefs: [..., ..., ..., ..., ..., ...]}, MONDO:0020853: Object{children: [], clinical_course: Object{}, clinical_modifier: Object{}, comment: '', desc: null, id: 'MONDO:0020853', inheritance: Object{HP:0000006: ...}, is_a: [...], name: 'Encefalitis/encefalopatía, leve, con vacuolization de mielina reversible.', phenotypes: Object{HP:0000750: ..., HP:0001250: ...}, subsets: [], synonyms: [..., ..., ...], type: 'cond', xrefs: [...]}, MONDO:0024508: Object{children: [], clinical_course: Object{HP:0003621: ...}, clinical_modifier: Object{HP:0003829: ...}, comment: '', desc: null, id: 'MONDO:0024508', inheritance: Object{HP:0000006: ..., HP:0001425: ...}, is_a: [...], name: 'Epilepsia, agua caliente, 1', phenotypes: Object{HP:0001252: ..., HP:0001290: ..., HP:0002329: ..., HP:0002373: ...}, subsets: [], synonyms: [..., ..., ..., ..., ...], type: 'cond', xrefs: [...]}, MONDO:0024566: Object{children: [], clinical_course: Object{}, clinical_modifier: Object{}, comment: '', desc: null, id: 'MONDO:0024566', inheritance: Object{HP:0000007: ...}, is_a: [...], name: 'Convulsiones febriles, familiares, 11', phenotypes: Object{HP:0002069: ..., HP:0002373: ..., HP:0410170: ...}, subsets: [], synonyms: [..., ..., ...], type: 'cond', xrefs: [..., ...]}, MONDO:0060671: Object{children: [], clinical_course: Object{}, clinical_modifier: Object{HP:0003829: ...}, comment: '', desc: null, id: 'MONDO:0060671', inheritance: Object{HP:0000006: ...}, is_a: [...], name: 'Epilepsia, mioclónica juvenil, susceptibilidad a, 10', phenotypes: Object{HP:0001250: ..., HP:0002121: ..., HP:0002123: ..., HP:0002373: ...}, subsets: [...], synonyms: [..., ...], type: 'cond', xrefs: [...]}, MONDO:0100092: Object{children: [], clinical_course: Object{HP:0003680: ...}, clinical_modifier: Object{}, comment: '', desc: 'Mioclono cortical familiar por mutación heterozigótica en el gen SCN8A en el cromosoma 12q13.', id: 'MONDO:0100092', inheritance: Object{HP:0000006: ...}, is_a: [...], name: 'Mioclono, familiar, 2', phenotypes: Object{HP:0001250: ..., HP:0001332: ..., HP:0045084: ..., HP:0100543: ...}, subsets: [], synonyms: [...], type: 'cond', xrefs: [...]}}
,HeadlessChrome 86.0.4240 (Windows 10.0.0) LOG: 'ng on init'
,HeadlessChrome 86.0.4240 (Windows 10.0.0) LOG: 'cancel pending request'
,HeadlessChrome 86.0.4240 (Windows 10.0.0) LOG: 'cancel pending request'
,HeadlessChrome 86.0.4240 (Windows 10.0.0) LOG: Object{MONDO:0007365: Object{comment: '', desc: 'Any benign neonatal seizures in which the cause of the disease is a mutation in the KCNQ2 gene.', id: 'MONDO:0007365', is_a: [...], name: 'Seizures, benign familial neonatal, 1', subsets: [], synonyms: [..., ..., ..., ..., ..., ..., ..., ...], xrefs: [..., ..., ...]}, MONDO:0007366: Object{comment: '', desc: 'Any benign neonatal seizures in which the cause of the disease is a mutation in the KCNQ3 gene.', id: 'MONDO:0007366', is_a: [...], name: 'Seizures, benign familial neonatal, 2', subsets: [], synonyms: [..., ..., ..., ..., ..., ..., ...], xrefs: [..., ...]}, MONDO:0007367: Object{comment: '', desc: null, id: 'MONDO:0007367', is_a: [...], name: 'FEB1', subsets: [], synonyms: [..., ..., ..., ..., ...], xrefs: [..., ..., ..., ..., ...]}, MONDO:0007560: Object{comment: '', desc: null, id: 'MONDO:0007560', is_a: [...], name: 'Reading seizures', subsets: [...], synonyms: [...], xrefs: [..., ..., ..., ..., ...]}, MONDO:0007713: Object{comment: '', desc: null, id: 'MONDO:0007713', is_a: [...], name: 'Clonic hemifacial spasm', subsets: [...], synonyms: [..., ..., ..., ...], xrefs: [..., ..., ..., ..., ..., ..., ..., ...]}, MONDO:0008041: Object{comment: '', desc: null, id: 'MONDO:0008041', is_a: [...], name: 'Myoclonic epilepsy, Hartung type', subsets: [], synonyms: [...], xrefs: [..., ..., ...]}, MONDO:0008588: Object{comment: '', desc: 'Hereditary geniospasm is a movement disorder characterized by episodes of involuntary tremor of the chin and lower lip.', id: 'MONDO:0008588', is_a: [...], name: 'Hereditary geniospasm', subsets: [..., ...], synonyms: [..., ..., ..., ..., ..., ..., ..., ..., ..., ...], xrefs: [..., ..., ..., ..., ..., ..., ..., ...]}, MONDO:0008836: Object{comment: '', desc: null, id: 'MONDO:0008836', is_a: [...], name: 'Ataxia with myoclonic epilepsy and presenile dementia', subsets: [], synonyms: [...], xrefs: [..., ..., ...]}, MONDO:0008945: Object{comment: '', desc: 'A condition marked by progressive cerebellar ataxia combined with myoclonus usually presenting in the third decade of life or later. Additional clinical features may include generalized and focal seizures, spasticity, and dyskinesias. Autosomal recessive and autosomal dominant patterns of inheritance have been reported. Pathologically, the dentate nucleus and brachium conjunctivum of the cerebellum are atrophic, with variable involvement of the spinal cord, cerebellar cortex, and basal ganglia. (From Joynt, Clinical Neurology, 1991, Ch37, pp60-1)', id: 'MONDO:0008945', is_a: [..., ...], name: 'Myoclonic cerebellar dyssynergia', subsets: [], synonyms: [..., ..., ..., ..., ..., ..., ..., ..., ..., ..., ...], xrefs: [..., ..., ..., ..., ..., ..., ...]}, MONDO:0009013: Object{comment: '', desc: null, id: 'MONDO:0009013', is_a: [...], name: 'Convulsive disorder, familial, with prenatal or early onset', subsets: [], synonyms: [...], xrefs: [..., ..., ...]}, MONDO:0009077: Object{comment: '', desc: null, id: 'MONDO:0009077', is_a: [...], name: 'Deafness, congenital, and familial myoclonic epilepsy', subsets: [], synonyms: [...], xrefs: [..., ..., ...]}, MONDO:0009186: Object{comment: '', desc: null, id: 'MONDO:0009186', is_a: [...], name: 'Epilepsy, photogenic, with spastic diplegia and mental retardation', subsets: [], synonyms: [...], xrefs: [..., ..., ...]}, MONDO:0009497: Object{comment: '', desc: null, id: 'MONDO:0009497', is_a: [...], name: 'Kifafa seizure disorder', subsets: [...], synonyms: [..., ..., ..., ...], xrefs: [..., ..., ..., ...]}, MONDO:0009696: Object{comment: '', desc: 'Juvenile myoclonic epilepsy is the most common hereditary idiopathic generalized epilepsy syndrome and is characterized by myoclonic jerks of the upper limbs on awakening, generalized tonic-clonic seizures manifesting during adolescence and triggered by sleep deprivation, alcohol intake, and cognitive activities, and typical absence seizures (30% of cases).', id: 'MONDO:0009696', is_a: [..., ..., ..., ..., ...], name: 'Juvenile myoclonic epilepsy', subsets: [..., ..., ...], synonyms: [..., ..., ..., ..., ..., ..., ..., ..., ..., ..., ...], xrefs: [..., ..., ..., ..., ..., ..., ..., ..., ..., ..., ..., ..., ...]}, MONDO:0009976: Object{comment: '', desc: null, id: 'MONDO:0009976', is_a: [...], name: 'Retinal degeneration and epilepsy', subsets: [], synonyms: [...], xrefs: [..., ..., ...]}, MONDO:0010317: Object{comment: '', desc: null, id: 'MONDO:0010317', is_a: [...], name: 'Intellectual disability, X-linked, with or without seizures, arx-related', subsets: [], synonyms: [..., ..., ..., ..., ..., ..., ..., ..., ..., ..., ..., ...], xrefs: [..., ..., ..., ...]}, MONDO:0010329: Object{comment: '', desc: null, id: 'MONDO:0010329', is_a: [...], name: 'MRX77', subsets: [], synonyms: [..., ..., ...], xrefs: [..., ..., ...]}, MONDO:0010388: Object{comment: '', desc: null, id: 'MONDO:0010388', is_a: [...], name: 'Rolandic epilepsy, mental retardation, and speech dyspraxia, X-linked', subsets: [], synonyms: [..., ..., ...], xrefs: [..., ..., ...]}, MONDO:0010429: Object{comment: '', desc: 'Any non-syndromic X-linked intellectual disability in which the cause of the disease is a mutation in the SYP gene.', id: 'MONDO:0010429', is_a: [...], name: 'Intellectual disability, X-linked 96', subsets: [], synonyms: [..., ..., ..., ..., ..., ...], xrefs: [..., ...]}, MONDO:0010451: Object{comment: '', desc: 'Any non-syndromic X-linked intellectual disability in which the cause of the disease is a mutation in the GDI1 gene.', id: 'MONDO:0010451', is_a: [...], name: 'Intellectual disability, X-linked 41', subsets: [], synonyms: [..., ..., ..., ..., ..., ..., ...], xrefs: [..., ...]}, MONDO:0010454: Object{comment: '', desc: null, id: 'MONDO:0010454', is_a: [...], name: 'MRX88', subsets: [], synonyms: [..., ..., ...], xrefs: [..., ...]}, MONDO:0010608: Object{comment: '', desc: null, id: 'MONDO:0010608', is_a: [...], name: 'Hhhh syndrome', subsets: [], synonyms: [..., ...], xrefs: [..., ..., ...]}, MONDO:0010652: Object{comment: '', desc: 'X-linked intellectual disability-seizures-psoriasis syndrome has been described in four male cousins. The mode of inheritance is thought to be X-linked recessive.', id: 'MONDO:0010652', is_a: [...], name: 'X-linked intellectual disability-seizures-psoriasis syndrome', subsets: [...], synonyms: [..., ..., ..., ..., ..., ...], xrefs: [..., ..., ..., ..., ..., ..., ...]}, MONDO:0010682: Object{comment: 'TODO check', desc: null, id: 'MONDO:0010682', is_a: [..., ..., ...], name: 'Myoclonic epilepsy, progressive', subsets: [], synonyms: [...], xrefs: [...]}, MONDO:0010694: Object{comment: '', desc: null, id: 'MONDO:0010694', is_a: [..., ...], name: 'Nystagmus, myoclonic', subsets: [...], synonyms: [..., ...], xrefs: [..., ..., ..., ...]}, MONDO:0010898: Object{comment: 'Editor note: split out generic type', desc: 'An autosomal dominant condition that is characterized by partial seizures originating in the temporal lobe and often accompanied by auditory sensory manifestations.', id: 'MONDO:0010898', is_a: [..., ...], name: 'Autosomal dominant epilepsy with auditory features', subsets: [...], synonyms: [..., ..., ..., ..., ..., ..., ..., ..., ..., ..., ..., ..., ..., ..., ..., ..., ...], xrefs: [..., ..., ..., ..., ..., ..., ..., ...]}, MONDO:0010899: Object{comment: '', desc: 'Any autosomal dominant nocturnal frontal lobe epilepsy in which the cause of the disease is a mutation in the CHRNA4 gene.', id: 'MONDO:0010899', is_a: [..., ...], name: 'Autosomal dominant nocturnal frontal lobe epilepsy 1', subsets: [], synonyms: [..., ..., ..., ..., ..., ..., ..., ...], xrefs: [..., ..., ..., ...]}, MONDO:0010918: Object{comment: '', desc: null, id: 'MONDO:0010918', is_a: [...], name: 'EIG1', subsets: [...], synonyms: [..., ...], xrefs: [..., ..., ..., ...]}, MONDO:0011231: Object{comment: '', desc: null, id: 'MONDO:0011231', is_a: [...], name: 'FEB2', subsets: [], synonyms: [..., ..., ..., ...], xrefs: [..., ..., ...]}, MONDO:0011297: Object{comment: '', desc: 'An autosomal dominant nocturnal frontal lobe epilepsy that has_material_basis_in variation in the chromosome region 15q24.', id: 'MONDO:0011297', is_a: [..., ...], name: 'Autosomal dominant nocturnal frontal lobe epilepsy 2', subsets: [], synonyms: [..., ..., ..., ..., ...], xrefs: [..., ..., ..., ...]}, MONDO:0011416: Object{comment: '', desc: null, id: 'MONDO:0011416', is_a: [...], name: 'Generalized epilepsy with febrile seizures plus, type 1', subsets: [], synonyms: [..., ..., ..., ...], xrefs: [..., ..., ...]}, MONDO:0011443: Object{comment: '', desc: 'Any febrile seizures, familial in which the cause of the disease is a mutation in the ADGRV1 gene.', id: 'MONDO:0011443', is_a: [...], name: 'Febrile seizures, familial, 4', subsets: [], synonyms: [..., ..., ..., ..., ..., ..., ...], xrefs: [..., ..., ...]}, MONDO:0011461: Object{comment: '', desc: 'Any febrile seizures, familial in which the cause of the disease is a mutation in the SCN1A gene.', id: 'MONDO:0011461', is_a: [..., ..., ...], name: 'Generalized epilepsy with febrile seizures plus, type 2', subsets: [], synonyms: [..., ..., ..., ..., ..., ..., ...], xrefs: [..., ..., ...]}, MONDO:0011491: Object{comment: '', desc: null, id: 'MONDO:0011491', is_a: [...], name: 'EIG7', subsets: [...], synonyms: [..., ..., ..., ...], xrefs: [...]}, MONDO:0011545: Object{comment: '', desc: 'Any autosomal dominant nocturnal frontal lobe epilepsy in which the cause of the disease is a mutation in the CHRNB2 gene.', id: 'MONDO:0011545', is_a: [..., ...], name: 'Autosomal dominant nocturnal frontal lobe epilepsy 3', subsets: [], synonyms: [..., ..., ..., ..., ..., ..., ..., ...], xrefs: [..., ..., ..., ...]}, MONDO:0011593: Object{comment: '', desc: null, id: 'MONDO:0011593', is_a: [...], name: 'Seizures, benign familial infantile, 2', subsets: [], synonyms: [..., ..., ..., ..., ...], xrefs: [..., ..., ...]}, MONDO:0011733: Object{comment: '', desc: null, id: 'MONDO:0011733', is_a: [...], name: 'PSMNSB', subsets: [], synonyms: [..., ..., ..., ..., ..., ...], xrefs: [..., ..., ...]}, MONDO:0011844: Object{comment: '', desc: 'A myoclonic dystonia characterized by autosomal dominant inheritance that has_material_basis_in variation in the chromosome region 18p11.', id: 'MONDO:0011844', is_a: [...], name: 'Myoclonic dystonia 15', subsets: [], synonyms: [..., ..., ..., ...], xrefs: [..., ..., ..., ..., ..., ...]}, MONDO:0011875: Object{comment: '', desc: 'Any generalised epilepsy in which the cause of the disease is a mutation in the CLCN2 gene.', id: 'MONDO:0011875', is_a: [..., ..., ...], name: 'Epilepsy, idiopathic generalized, susceptibility to, 11', subsets: [...], synonyms: [..., ..., ..., ..., ..., ..., ..., ..., ...], xrefs: [...]}, MONDO:0011876: Object{comment: '', desc: 'Juvenile absence epilepsy (JAE) is a genetic epilepsy with onset occurring around puberty. JAE is characterized by sporadic occurrence of absence seizures, frequently associated with a long-life prevalence of generalized tonic-clonic seizures (GTCS) and sporadic myoclonic jerks.', id: 'MONDO:0011876', is_a: [..., ..., ...], name: 'Juvenile absence epilepsy', subsets: [..., ...], synonyms: [..., ..., ..., ..., ..., ...], xrefs: [..., ..., ..., ..., ..., ..., ..., ..., ...]}, MONDO:0011891: Object{comment: '', desc: 'A childhood absence epilepsy that is characterized by mutations in the GABRG2 gene, which cause a spectrum of seizure disorders, ranging from early-onset isolated febrile seizures (FS) to childhood absence epilepsy (CAE) to generalized epilepsy with febrile seizures plus, type 3 (GEFS+3), which tends to represent a more severe phenotype.', id: 'MONDO:0011891', is_a: [..., ..., ..., ..., ...], name: 'Febrile seizures, familial, 8', subsets: [...], synonyms: [..., ..., ..., ..., ..., ..., ..., ..., ..., ..., ..., ..., ...], xrefs: [..., ..., ..., ..., ...]}, MONDO:0011892: Object{comment: '', desc: 'Any generalised epilepsy in which the cause of the disease is a mutation in the CACNB4 gene.', id: 'MONDO:0011892', is_a: [...], name: 'Epilepsy, idiopathic generalized, susceptibility to, 9', subsets: [...], synonyms: [..., ..., ..., ..., ..., ..., ..., ...], xrefs: [...]}, MONDO:0011965: Object{comment: '', desc: 'A temporal lobe epilepsy characterized by autosomal dominant inheritance of complex or partial seizures and childhood febrile seizures that has_material_basis_in variation in the chromosome region 12q22-q23.3.', id: 'MONDO:0011965', is_a: [..., ...], name: 'Familial temporal lobe epilepsy 2', subsets: [...], synonyms: [..., ..., ..., ..., ..., ..., ..., ...], xrefs: [..., ..., ..., ..., ..., ..., ...]}, MONDO:0011990: Object{comment: '', desc: null, id: 'MONDO:0011990', is_a: [...], name: 'BFNS3', subsets: [], synonyms: [..., ..., ..., ...], xrefs: [..., ..., ...]}, MONDO:0012113: Object{comment: '', desc: null, id: 'MONDO:0012113', is_a: [...], name: 'EIG3', subsets: [...], synonyms: [..., ..., ..., ...], xrefs: [...]}, MONDO:0012224: Object{comment: '', desc: null, id: 'MONDO:0012224', is_a: [...], name: 'FEB6', subsets: [], synonyms: [..., ..., ..., ...], xrefs: [..., ..., ...]}, MONDO:0012226: Object{comment: '', desc: null, id: 'MONDO:0012226', is_a: [...], name: 'FEB5', subsets: [], synonyms: [..., ..., ..., ...], xrefs: [..., ..., ...]}, MONDO:0012346: Object{comment: '', desc: null, id: 'MONDO:0012346', is_a: [...], name: 'GEFSP4', subsets: [], synonyms: [..., ..., ..., ...], xrefs: [..., ..., ...]}, MONDO:0012618: Object{comment: '', desc: null, id: 'MONDO:0012618', is_a: [...], name: 'MRT10', subsets: [], synonyms: [..., ..., ..., ...], xrefs: [..., ..., ...]}, MONDO:0012629: Object{comment: '', desc: 'A dystonia characterized by autosomal dominant inheritance of attacks of dystonic or choreathetotic movements precipitated by stress, fatigue, coffee or alcohol intake or menstruation that has_material_basis_in variation in the chromosome region 2q31.', id: 'MONDO:0012629', is_a: [...], name: 'Paroxysmal nonkinesigenic dyskinesia 2', subsets: [], synonyms: [..., ..., ..., ..., ...], xrefs: [..., ..., ..., ..., ...]}, MONDO:0012655: Object{comment: '', desc: null, id: 'MONDO:0012655', is_a: [...], name: 'EJM4', subsets: [...], synonyms: [..., ..., ...], xrefs: [..., ...]}, MONDO:0012705: Object{comment: '', desc: null, id: 'MONDO:0012705', is_a: [..., ...], name: 'Familial temporal lobe epilepsy 3', subsets: [], synonyms: [..., ..., ..., ..., ..., ..., ...], xrefs: [..., ..., ..., ...]}, MONDO:0012706: Object{comment: '', desc: 'A temporal lobe epilepsy characterized by autosomal dominant inheritance of occipitotemporal lobe epilepsy and migraine with visual aura and that has_material_basis_in variation in the chromosome region 9q21-q22.', id: 'MONDO:0012706', is_a: [...], name: 'Familial temporal lobe epilepsy 4', subsets: [], synonyms: [..., ..., ..., ..., ..., ..., ...], xrefs: [..., ..., ..., ...]}, MONDO:0012707: Object{comment: '', desc: null, id: 'MONDO:0012707', is_a: [...], name: 'FEB9', subsets: [], synonyms: [..., ..., ..., ...], xrefs: [..., ..., ...]}, MONDO:0012723: Object{comment: '', desc: 'Any Leber congenital amaurosis in which the cause of the disease is a mutation in the CEP290 gene.', id: 'MONDO:0012723', is_a: [...], name: 'Leber congenital amaurosis 10', subsets: [...], synonyms: [..., ..., ..., ..., ..., ..., ...], xrefs: [..., ..., ..., ..., ...]}, MONDO:0012843: Object{comment: '', desc: 'Any childhood absence epilepsy in which the cause of the disease is a mutation in the GABRB3 gene.', id: 'MONDO:0012843', is_a: [...], name: 'Epilepsy, childhood absence, susceptibility to, 5', subsets: [...], synonyms: [..., ..., ..., ..., ..., ..., ...], xrefs: [...]}, MONDO:0012946: Object{comment: '', desc: 'Any autosomal dominant non-syndromic intellectual disability in which the cause of the disease is a mutation in the CDH15 gene.', id: 'MONDO:0012946', is_a: [...], name: 'Intellectual disability, autosomal dominant 3', subsets: [], synonyms: [..., ..., ..., ..., ..., ..., ..., ...], xrefs: [..., ..., ..., ...]}, MONDO:0013103: Object{comment: '', desc: 'Any juvenile myoclonic epilepsy in which the cause of the disease is a mutation in the GABRD gene.', id: 'MONDO:0013103', is_a: [...], name: 'Epilepsy, idiopathic generalized, susceptibility to, 10', subsets: [...], synonyms: [..., ..., ..., ..., ..., ..., ..., ..., ..., ..., ..., ...], xrefs: [...]}, MONDO:0013322: Object{comment: '', desc: null, id: 'MONDO:0013322', is_a: [..., ...], name: 'FAME3', subsets: [], synonyms: [..., ..., ..., ...], xrefs: [..., ..., ...]}, MONDO:0013388: Object{comment: '', desc: 'Any early infantile epileptic encephalopathy in which the cause of the disease is a mutation in the SCN2A gene.', id: 'MONDO:0013388', is_a: [...], name: 'Epileptic encephalopathy, early infantile, 11', subsets: [], synonyms: [..., ..., ..., ..., ..., ...], xrefs: [..., ...]}, MONDO:0013470: Object{comment: '', desc: 'Any generalized epilepsy with febrile seizures plus in which the cause of the disease is a mutation in the SCN9A gene.', id: 'MONDO:0013470', is_a: [...], name: 'Generalized epilepsy with febrile seizures plus, type 7', subsets: [], synonyms: [..., ..., ..., ..., ..., ..., ...], xrefs: [..., ...]}, MONDO:0013581: Object{comment: '', desc: 'Any autosomal dominant non-syndromic intellectual disability in which the cause of the disease is a mutation in the DOCK8 gene.', id: 'MONDO:0013581', is_a: [...], name: 'Intellectual disability, autosomal dominant 2', subsets: [], synonyms: [..., ..., ..., ..., ..., ..., ..., ...], xrefs: [..., ..., ...]}, MONDO:0013629: Object{comment: '', desc: null, id: 'MONDO:0013629', is_a: [...], name: 'MRT16', subsets: [], synonyms: [..., ..., ...], xrefs: [..., ...]}, MONDO:0013665: Object{comment: '', desc: null, id: 'MONDO:0013665', is_a: [...], name: 'EJM9', subsets: [...], synonyms: [..., ..., ...], xrefs: [...]}, MONDO:0013741: Object{comment: '', desc: 'A temporal lobe epilepsy that has_material_basis_in heterozygous mutation in the CPA6 gene on chromosome 8q13.', id: 'MONDO:0013741', is_a: [..., ...], name: 'Familial temporal lobe epilepsy 5', subsets: [], synonyms: [..., ..., ..., ..., ...], xrefs: [..., ..., ...]}, MONDO:0013919: Object{comment: '', desc: null, id: 'MONDO:0013919', is_a: [...], name: 'Epilepsy, idiopathic generalized, susceptibility to, 12', subsets: [...], synonyms: [..., ..., ..., ..., ...], xrefs: [...]}, MONDO:0013970: Object{comment: '', desc: 'Autism-epilepsy syndrome due to branched chain ketoacid dehydrogenase kinase deficiency is a rare disorder of branched-chain amino acid metabolism characterized by childhood-onset epilepsy, autism and intellectual disability with reduced levels of plasma branched chain aminoacids.', id: 'MONDO:0013970', is_a: [..., ..., ..., ...], name: 'Branched-chain keto acid dehydrogenase kinase deficiency', subsets: [...], synonyms: [..., ..., ..., ..., ..., ...], xrefs: [..., ..., ..., ..., ..., ...]}, MONDO:0014055: Object{comment: '', desc: null, id: 'MONDO:0014055', is_a: [..., ...], name: 'FAME4', subsets: [], synonyms: [..., ..., ..., ...], xrefs: [..., ...]}, MONDO:0014150: Object{comment: '', desc: 'An idiopathic generalized epilepsy characterized by onset of multiple seizure types in the first few years of life and associated with poor prognosis. Affected individuals have cognitive regression and intellectual disability.', id: 'MONDO:0014150', is_a: [..., ..., ...], name: 'Childhood onset epileptic encephalopathy', subsets: [], synonyms: [..., ..., ..., ..., ..., ...], xrefs: [..., ..., ..., ...]}, MONDO:0014167: Object{comment: '', desc: 'Any epilepsy, familial adult myoclonic in which the cause of the disease is a mutation in the CNTN2 gene.', id: 'MONDO:0014167', is_a: [..., ...], name: 'Epilepsy, familial adult myoclonic, 5', subsets: [], synonyms: [..., ..., ..., ..., ..., ..., ...], xrefs: [..., ...]}, MONDO:0014308: Object{comment: 'Editor note: TODO', desc: 'A temporal lobe epilepsy that has_material_basis_in variation in the chromosome region 3q25-q26.', id: 'MONDO:0014308', is_a: [...], name: 'Familial temporal lobe epilepsy 6', subsets: [], synonyms: [..., ..., ..., ...], xrefs: [..., ..., ...]}, MONDO:0014328: Object{comment: '', desc: 'Any early infantile epileptic encephalopathy in which the cause of the disease is a mutation in the GABRA1 gene.', id: 'MONDO:0014328', is_a: [...], name: 'Epileptic encephalopathy, early infantile, 19', subsets: [], synonyms: [..., ..., ..., ..., ..., ..., ...], xrefs: [..., ..., ...]}, MONDO:0014333: Object{comment: '', desc: null, id: 'MONDO:0014333', is_a: [...], name: 'Polymicrogyria, bilateral perisylvian, autosomal recessive', subsets: [], synonyms: [..., ..., ..., ...], xrefs: [..., ...]}, MONDO:0014517: Object{comment: '', desc: 'Any generalized epilepsy with febrile seizures plus in which the cause of the disease is a mutation in the STX1B gene.', id: 'MONDO:0014517', is_a: [...], name: 'Generalized epilepsy with febrile seizures plus, type 9', subsets: [], synonyms: [..., ..., ..., ..., ..., ..., ..., ...], xrefs: [..., ...]}, MONDO:0014545: Object{comment: '', desc: 'Any progressive myoclonic epilepsy in which the cause of the disease is a mutation in the CERS1 gene.', id: 'MONDO:0014545', is_a: [..., ..., ...], name: 'Progressive myoclonic epilepsy type 8', subsets: [...], synonyms: [..., ..., ..., ..., ..., ..., ..., ..., ...], xrefs: [..., ..., ..., ..., ...]}, MONDO:0014639: Object{comment: '', desc: 'A temporal lobe epilepsy characterized by autosomal dominant inheritance of focal seizures with prominent auditory symptoms and that has_material_basis_in heterozygous mutation in the RELN gene on chromosome 7q22.', id: 'MONDO:0014639', is_a: [...], name: 'Familial temporal lobe epilepsy 7', subsets: [], synonyms: [..., ..., ..., ..., ...], xrefs: [..., ..., ...]}, MONDO:0014650: Object{comment: '', desc: 'A temporal lobe epilepsy characterized by autosomal dominant inheritance of complex partial seizures with occasional secondary generalization and that has_material_basis_in heterozygous mutation in the GAL gene on chromosome 11q13.', id: 'MONDO:0014650', is_a: [...], name: 'Familial temporal lobe epilepsy 8', subsets: [], synonyms: [..., ..., ..., ..., ...], xrefs: [..., ..., ...]}, MONDO:0014734: Object{comment: '', desc: null, id: 'MONDO:0014734', is_a: [...], name: 'Epilepsy, idiopathic generalized, susceptibility to, 14', subsets: [...], synonyms: [..., ..., ..., ..., ...], xrefs: [...]}, MONDO:0014815: Object{comment: '', desc: 'Any autosomal recessive non-syndromic intellectual disability in which the cause of the disease is a mutation in the LMAN2L gene.', id: 'MONDO:0014815', is_a: [...], name: 'Intellectual disability, autosomal recessive 52', subsets: [], synonyms: [..., ..., ..., ..., ..., ...], xrefs: [..., ...]}, MONDO:0014842: Object{comment: '', desc: 'Any autosomal dominant non-syndromic intellectual disability in which the cause of the disease is a mutation in the TBL1XR1 gene.', id: 'MONDO:0014842', is_a: [...], name: 'Intellectual disability, autosomal dominant 41', subsets: [], synonyms: [..., ..., ..., ..., ..., ..., ..., ..., ...], xrefs: [..., ..., ...]}, MONDO:0014903: Object{comment: '', desc: 'Any benign familial infantile epilepsy in which the cause of the disease is a mutation in the SCN8A gene.', id: 'MONDO:0014903', is_a: [...], name: 'Seizures, benign familial infantile, 5', subsets: [], synonyms: [..., ..., ..., ..., ..., ..., ...], xrefs: [..., ...]}, MONDO:0014924: Object{comment: '', desc: 'Any epilepsy, familial focal, with variable foci in which the cause of the disease is a mutation in the NPRL2 gene.', id: 'MONDO:0014924', is_a: [...], name: 'Epilepsy, familial focal, with variable foci 2', subsets: [], synonyms: [..., ..., ..., ..., ..., ...], xrefs: [..., ...]}, MONDO:0014925: Object{comment: '', desc: 'Any epilepsy, familial focal, with variable foci in which the cause of the disease is a mutation in the NPRL3 gene.', id: 'MONDO:0014925', is_a: [...], name: 'Epilepsy, familial focal, with variable foci 3', subsets: [], synonyms: [..., ..., ..., ..., ..., ...], xrefs: [..., ...]}, MONDO:0015345: Object{comment: '', desc: 'Perioral myoclonia with absences is a rare epilepsy syndrome characterized by absence seizures with perioral myoclonia as the main seizure type, accompanied by generalized tonic-clonic seizures, appearing before or together with absences. Consciousness is usually impaired, although to variable degree. Commonly observed absence status epilepticus, poor response to antiepileptic drugs and persistence of seizures into adulthood, in the presence of normal neurological status and intelligence, are additional clinical features of this syndrome.', id: 'MONDO:0015345', is_a: [...], name: 'Perioral myoclonia with absences', subsets: [...], synonyms: [...], xrefs: [..., ..., ...]}, MONDO:0016025: Object{comment: '', desc: 'Myoclonic Astatic Epilepsy (MAE) is a rare epilepsy syndrome of childhood characterized by the occurrence of multiple different seizure types including myoclonic-astatic, generalized tonic-clonic and absence seizures, usually in previously healthy children.', id: 'MONDO:0016025', is_a: [..., ...], name: 'Myoclonic-astastic epilepsy', subsets: [..., ...], synonyms: [..., ..., ..., ..., ..., ..., ..., ..., ...], xrefs: [..., ..., ..., ..., ..., ...]}, MONDO:0016160: Object{comment: '', desc: null, id: 'MONDO:0016160', is_a: [..., ...], name: 'X-linked intellectual disability-epilepsy syndrome', subsets: [...], synonyms: [], xrefs: [..., ..., ...]}, MONDO:0017949: Object{comment: '', desc: 'Hereditary cerebral hemorrhage with amyloidosis (HCHWA), Arctic type is a form of HCHWA (see this term) characterized by an age of onset of 54-61 years and progressive Alzheimer's disease-like dementia, without intracerebral hemorrhages.', id: 'MONDO:0017949', is_a: [...], name: 'ABeta amyloidosis, Arctic type', subsets: [...], synonyms: [..., ..., ...], xrefs: [..., ..., ..., ...]}, MONDO:0018097: Object{comment: 'Editor note: check placement of OMIM IDs and EIEE subtypes', desc: 'West syndrome (or infantile spasms) is characterised by the association of clusters of axial spasms, psychomotor retardation and an hypsarrhythmic interictal EEG pattern. It is the most frequent type of epileptic encephalopathy. It may occur in otherwise healthy infants and in those with abnormal cognitive development.', id: 'MONDO:0018097', is_a: [..., ..., ...], name: 'West syndrome', subsets: [...], synonyms: [..., ..., ..., ..., ..., ..., ...], xrefs: [..., ..., ..., ..., ..., ..., ..., ..., ..., ..., ..., ...]}, MONDO:0019448: Object{comment: '', desc: 'Benign adult familial myoclonic epilepsy (BAFME) is an inherited epileptic syndrome characterized by cortical hand tremors, myoclonic jerks and occasional generalized or focal seizures with a non-progressive or very slowly progressive disease course, and no signs of early dementia or cerebellar ataxia.', id: 'MONDO:0019448', is_a: [..., ...], name: 'Benign adult familial myoclonic epilepsy', subsets: [...], synonyms: [..., ..., ..., ..., ..., ..., ..., ...], xrefs: [..., ..., ..., ..., ..., ...]}, MONDO:0020752: Object{comment: 'Editor note: see https://github.com/monarch-initiative/mondo/issues/1348', desc: null, id: 'MONDO:0020752', is_a: [...], name: 'EJM1', subsets: [...], synonyms: [], xrefs: [...]}, MONDO:0020759: Object{comment: '', desc: null, id: 'MONDO:0020759', is_a: [...], name: 'Epilepsy, childhood absence, susceptibility to, 1', subsets: [], synonyms: [..., ..., ...], xrefs: [...]}, MONDO:0020772: Object{comment: '', desc: null, id: 'MONDO:0020772', is_a: [...], name: 'Epilepsy, juvenile absence, susceptibility to, 1', subsets: [], synonyms: [..., ...], xrefs: [...]}, MONDO:0020853: Object{comment: '', desc: null, id: 'MONDO:0020853', is_a: [...], name: 'Encephalitis/encephalopathy, mild, with reversible myelin vacuolization', subsets: [], synonyms: [..., ..., ...], xrefs: [...]}, MONDO:0024508: Object{comment: '', desc: null, id: 'MONDO:0024508', is_a: [...], name: 'Epilepsy, hot water, 1', subsets: [], synonyms: [..., ..., ..., ..., ...], xrefs: [...]}, MONDO:0024566: Object{comment: '', desc: null, id: 'MONDO:0024566', is_a: [...], name: 'Febrile seizures, familial, 11', subsets: [], synonyms: [..., ..., ...], xrefs: [..., ...]}, MONDO:0032662: Object{comment: '', desc: null, id: 'MONDO:0032662', is_a: [...], name: 'Intellectual developmental disorder, autosomal recessive 67', subsets: [], synonyms: [..., ...], xrefs: [...]}, MONDO:0032699: Object{comment: '', desc: null, id: 'MONDO:0032699', is_a: [..., ...], name: 'Epilepsy, idiopathic generalized, susceptibility to, 15', subsets: [], synonyms: [...], xrefs: [...]}, MONDO:0054847: Object{comment: '', desc: null, id: 'MONDO:0054847', is_a: [...], name: 'Epilepsy, familial adult myoclonic, 7', subsets: [], synonyms: [..., ..., ..., ...], xrefs: [..., ...]}, MONDO:0060671: Object{comment: '', desc: null, id: 'MONDO:0060671', is_a: [...], name: 'Epilepsy, juvenile myoclonic, susceptibility to, 10', subsets: [...], synonyms: [..., ...], xrefs: [...]}, MONDO:0100092: Object{comment: '', desc: 'Familial cortical myoclonus caused by heterozygous mutation in the SCN8A gene on chromosome 12q13.', id: 'MONDO:0100092', is_a: [...], name: 'Myoclonus, familial, 2', subsets: [], synonyms: [...], xrefs: [...]}}
,HeadlessChrome 86.0.4240 (Windows 10.0.0) WARN: 'Navigation triggered outside Angular zone, did you forget to call 'ngZone.run()'?'
,HeadlessChrome 86.0.4240 (Windows 10.0.0) LOG: 'cancel pending request'
,HeadlessChrome 86.0.4240 (Windows 10.0.0) LOG: [Object{name: Object{label: ..., id: ...}, score: 100, matches: [...]}, Object{name: Object{label: ..., id: ...}, score: 100, matches: [...]}, Object{name: Object{label: ..., id: ...}, score: 100, matches: [...]}, Object{name: Object{label: ..., id: ...}, score: 100, matches: [...]}, Object{name: Object{label: ..., id: ...}, score: 100, matches: [...]}, Object{name: Object{label: ..., id: ...}, score: 100, matches: [...]}, Object{name: Object{label: ..., id: ...}, score: 100, matches: [...]}, Object{name: Object{label: ..., id: ...}, score: 100, matches: [...]}, Object{name: Object{label: ..., id: ...}, score: 100, matches: [...]}, Object{name: Object{label: ..., id: ...}, score: 100, matches: [...]}, Object{name: Object{label: ..., id: ...}, score: 100, matches: [...]}, Object{name: Object{label: ..., id: ...}, score: 100, matches: [...]}, Object{name: Object{label: ..., id: ...}, score: 100, matches: [...]}, Object{name: Object{label: ..., id: ...}, score: 100, matches: [...]}, Object{name: Object{label: ..., id: ...}, score: 100, matches: [...]}, Object{name: Object{label: ..., id: ...}, score: 100, matches: [...]}, Object{name: Object{label: ..., id: ...}, score: 100, matches: [...]}, Object{name: Object{label: ..., id: ...}, score: 100, matches: [...]}, Object{name: Object{label: ..., id: ...}, score: 100, matches: [...]}, Object{name: Object{label: ..., id: ...}, score: 100, matches: [...]}, Object{name: Object{label: ..., id: ...}, score: 100, matches: [...]}, Object{name: Object{label: ..., id: ...}, score: 100, matches: [...]}, Object{name: Object{label: ..., id: ...}, score: 100, matches: [...]}, Object{name: Object{label: ..., id: ...}, score: 100, matches: [...]}, Object{name: Object{label: ..., id: ...}, score: 100, matches: [...]}, Object{name: Object{label: ..., id: ...}, score: 100, matches: [...]}, Object{name: Object{label: ..., id: ...}, score: 100, matches: [...]}, Object{name: Object{label: ..., id: ...}, score: 100, matches: [...]}, Object{name: Object{label: ..., id: ...}, score: 100, matches: [...]}, Object{name: Object{label: ..., id: ...}, score: 100, matches: [...]}, Object{name: Object{label: ..., id: ...}, score: 100, matches: [...]}, Object{name: Object{label: ..., id: ...}, score: 100, matches: [...]}, Object{name: Object{label: ..., id: ...}, score: 95, matches: [...]}, Object{name: Object{label: ..., id: ...}, score: 93, matches: [...]}, Object{name: Object{label: ..., id: ...}, score: 92, matches: [...]}, Object{name: Object{label: ..., id: ...}, score: 92, matches: [...]}, Object{name: Object{label: ..., id: ...}, score: 91, matches: [...]}, Object{name: Object{label: ..., id: ...}, score: 91, matches: [...]}, Object{name: Object{label: ..., id: ...}, score: 91, matches: [...]}, Object{name: Object{label: ..., id: ...}, score: 90, matches: [...]}, Object{name: Object{label: ..., id: ...}, score: 90, matches: [...]}, Object{name: Object{label: ..., id: ...}, score: 90, matches: [...]}, Object{name: Object{label: ..., id: ...}, score: 88, matches: [...]}, Object{name: Object{label: ..., id: ...}, score: 88, matches: [...]}, Object{name: Object{label: ..., id: ...}, score: 87, matches: [...]}, Object{name: Object{label: ..., id: ...}, score: 87, matches: [...]}, Object{name: Object{label: ..., id: ...}, score: 87, matches: [...]}, Object{name: Object{label: ..., id: ...}, score: 87, matches: [...]}, Object{name: Object{label: ..., id: ...}, score: 87, matches: [...]}, Object{name: Object{label: ..., id: ...}, score: 87, matches: [...]}, Object{name: Object{label: ..., id: ...}, score: 87, matches: [...]}, Object{name: Object{label: ..., id: ...}, score: 87, matches: [...]}, Object{name: Object{label: ..., id: ...}, score: 87, matches: [...]}, Object{name: Object{label: ..., id: ...}, score: 87, matches: [...]}, Object{name: Object{label: ..., id: ...}, score: 87, matches: [...]}, Object{name: Object{label: ..., id: ...}, score: 87, matches: [...]}, Object{name: Object{label: ..., id: ...}, score: 87, matches: [...]}, Object{name: Object{label: ..., id: ...}, score: 86, matches: [...]}, Object{name: Object{label: ..., id: ...}, score: 85, matches: [...]}, Object{name: Object{label: ..., id: ...}, score: 83, matches: [...]}, Object{name: Object{label: ..., id: ...}, score: 83, matches: [...]}, Object{name: Object{label: ..., id: ...}, score: 83, matches: [...]}, Object{name: Object{label: ..., id: ...}, score: 83, matches: [...]}, Object{name: Object{label: ..., id: ...}, score: 83, matches: [...]}, Object{name: Object{label: ..., id: ...}, score: 83, matches: [...]}, Object{name: Object{label: ..., id: ...}, score: 80, matches: [...]}, Object{name: Object{label: ..., id: ...}, score: 80, matches: [...]}, Object{name: Object{label: ..., id: ...}, score: 80, matches: [...]}, Object{name: Object{label: ..., id: ...}, score: 80, matches: [...]}, Object{name: Object{label: ..., id: ...}, score: 80, matches: [...]}, Object{name: Object{label: ..., id: ...}, score: 80, matches: [...]}, Object{name: Object{label: ..., id: ...}, score: 80, matches: [...]}, Object{name: Object{label: ..., id: ...}, score: 80, matches: [...]}, Object{name: Object{label: ..., id: ...}, score: 80, matches: [...]}, Object{name: Object{label: ..., id: ...}, score: 80, matches: [...]}, Object{name: Object{label: ..., id: ...}, score: 80, matches: [...]}, Object{name: Object{label: ..., id: ...}, score: 80, matches: [...]}, Object{name: Object{label: ..., id: ...}, score: 80, matches: [...]}, Object{name: Object{label: ..., id: ...}, score: 80, matches: [...]}, Object{name: Object{label: ..., id: ...}, score: 78, matches: [...]}, Object{name: Object{label: ..., id: ...}, score: 77, matches: [...]}, Object{name: Object{label: ..., id: ...}, score: 77, matches: [...]}, Object{name: Object{label: ..., id: ...}, score: 77, matches: [...]}, Object{name: Object{label: ..., id: ...}, score: 76, matches: [...]}, Object{name: Object{label: ..., id: ...}, score: 76, matches: [...]}, Object{name: Object{label: ..., id: ...}, score: 75, matches: [...]}, Object{name: Object{label: ..., id: ...}, score: 75, matches: [...]}, Object{name: Object{label: ..., id: ...}, score: 75, matches: [...]}, Object{name: Object{label: ..., id: ...}, score: 75, matches: [...]}, Object{name: Object{label: ..., id: ...}, score: 75, matches: [...]}, Object{name: Object{label: ..., id: ...}, score: 75, matches: [...]}, Object{name: Object{label: ..., id: ...}, score: 75, matches: [...]}, Object{name: Object{label: ..., id: ...}, score: 75, matches: [...]}, Object{name: Object{label: ..., id: ...}, score: 75, matches: [...]}, Object{name: Object{label: ..., id: ...}, score: 75, matches: [...]}, Object{name: Object{label: ..., id: ...}, score: 75, matches: [...]}, Object{name: Object{label: ..., id: ...}, score: 75, matches: [...]}, Object{name: Object{label: ..., id: ...}, score: 75, matches: [...]}, Object{name: Object{label: ..., id: ...}, score: 75, matches: [...]}, Object{name: Object{label: ..., id: ...}, score: 73, matches: [...]}]

]]>
  </system-out>
  <system-err/>
</testsuite>